<?xml version="1.0" encoding="UTF-8"?>
<testsuite xmlns:xsi="http://www.w3.org/2001/XMLSchema-instance" xsi:noNamespaceSchemaLocation="https://maven.apache.org/surefire/maven-surefire-plugin/xsd/surefire-test-report-3.0.xsd" version="3.0" name="SearchRepoTest" time="24.078" tests="15" errors="0" skipped="0" failures="1">
  <properties>
[...]
</properties>
  <testcase name="testInvalidQueries(String)[1]" classname="SearchRepoTest" time="0.436"/>
  <testcase name="testInvalidQueries(String)[2]" classname="SearchRepoTest" time="0.341"/>
  <testcase name="testInvalidQueries(String)[3]" classname="SearchRepoTest" time="0.444"/>
  <testcase name="testInvalidQueries(String)[4]" classname="SearchRepoTest" time="0.462"/>
  <testcase name="testValidQueries(String)[1]" classname="SearchRepoTest" time="1.912"/>
  <testcase name="testValidQueries(String)[2]" classname="SearchRepoTest" time="2.226"/>
  <testcase name="testValidQueries(String)[3]" classname="SearchRepoTest" time="0.977"/>
  <testcase name="testValidQueries(String)[4]" classname="SearchRepoTest" time="1.777"/>
  <testcase name="testValidQueries(String)[5]" classname="SearchRepoTest" time="1.911"/>
  <testcase name="testValidQueries(String)[6]" classname="SearchRepoTest" time="1.658">
    <failure message="Item does not match all criteria: {id=217049858, node_id=MDEwOlJlcG9zaXRvcnkyMTcwNDk4NTg=, name=alan-sdk-cordova, full_name=alan-ai/alan-sdk-cordova, private=false, owner={login=alan-ai, id=54960780, node_id=MDEyOk9yZ2FuaXphdGlvbjU0OTYwNzgw, avatar_url=https://avatars.githubusercontent.com/u/54960780?v=4, gravatar_id=, url=https://api.github.com/users/alan-ai, html_url=https://github.com/alan-ai, followers_url=https://api.github.com/users/alan-ai/followers, following_url=https://api.github.com/users/alan-ai/following{/other_user}, gists_url=https://api.github.com/users/alan-ai/gists{/gist_id}, starred_url=https://api.github.com/users/alan-ai/starred{/owner}{/repo}, subscriptions_url=https://api.github.com/users/alan-ai/subscriptions, organizations_url=https://api.github.com/users/alan-ai/orgs, repos_url=https://api.github.com/users/alan-ai/repos, events_url=https://api.github.com/users/alan-ai/events{/privacy}, received_events_url=https://api.github.com/users/alan-ai/received_events, type=Organization, user_view_type=public, site_admin=false}, html_url=https://github.com/alan-ai/alan-sdk-cordova, description=The Self-Coding System for Your App — Alan AI SDK for Cordova, fork=false, url=https://api.github.com/repos/alan-ai/alan-sdk-cordova, forks_url=https://api.github.com/repos/alan-ai/alan-sdk-cordova/forks, keys_url=https://api.github.com/repos/alan-ai/alan-sdk-cordova/keys{/key_id}, collaborators_url=https://api.github.com/repos/alan-ai/alan-sdk-cordova/collaborators{/collaborator}, teams_url=https://api.github.com/repos/alan-ai/alan-sdk-cordova/teams, hooks_url=https://api.github.com/repos/alan-ai/alan-sdk-cordova/hooks, issue_events_url=https://api.github.com/repos/alan-ai/alan-sdk-cordova/issues/events{/number}, events_url=https://api.github.com/repos/alan-ai/alan-sdk-cordova/events, assignees_url=https://api.github.com/repos/alan-ai/alan-sdk-cordova/assignees{/user}, branches_url=https://api.github.com/repos/alan-ai/alan-sdk-cordova/branches{/branch}, tags_url=https://api.github.com/repos/alan-ai/alan-sdk-cordova/tags, blobs_url=https://api.github.com/repos/alan-ai/alan-sdk-cordova/git/blobs{/sha}, git_tags_url=https://api.github.com/repos/alan-ai/alan-sdk-cordova/git/tags{/sha}, git_refs_url=https://api.github.com/repos/alan-ai/alan-sdk-cordova/git/refs{/sha}, trees_url=https://api.github.com/repos/alan-ai/alan-sdk-cordova/git/trees{/sha}, statuses_url=https://api.github.com/repos/alan-ai/alan-sdk-cordova/statuses/{sha}, languages_url=https://api.github.com/repos/alan-ai/alan-sdk-cordova/languages, stargazers_url=https://api.github.com/repos/alan-ai/alan-sdk-cordova/stargazers, contributors_url=https://api.github.com/repos/alan-ai/alan-sdk-cordova/contributors, subscribers_url=https://api.github.com/repos/alan-ai/alan-sdk-cordova/subscribers, subscription_url=https://api.github.com/repos/alan-ai/alan-sdk-cordova/subscription, commits_url=https://api.github.com/repos/alan-ai/alan-sdk-cordova/commits{/sha}, git_commits_url=https://api.github.com/repos/alan-ai/alan-sdk-cordova/git/commits{/sha}, comments_url=https://api.github.com/repos/alan-ai/alan-sdk-cordova/comments{/number}, issue_comment_url=https://api.github.com/repos/alan-ai/alan-sdk-cordova/issues/comments{/number}, contents_url=https://api.github.com/repos/alan-ai/alan-sdk-cordova/contents/{+path}, compare_url=https://api.github.com/repos/alan-ai/alan-sdk-cordova/compare/{base}...{head}, merges_url=https://api.github.com/repos/alan-ai/alan-sdk-cordova/merges, archive_url=https://api.github.com/repos/alan-ai/alan-sdk-cordova/{archive_format}{/ref}, downloads_url=https://api.github.com/repos/alan-ai/alan-sdk-cordova/downloads, issues_url=https://api.github.com/repos/alan-ai/alan-sdk-cordova/issues{/number}, pulls_url=https://api.github.com/repos/alan-ai/alan-sdk-cordova/pulls{/number}, milestones_url=https://api.github.com/repos/alan-ai/alan-sdk-cordova/milestones{/number}, notifications_url=https://api.github.com/repos/alan-ai/alan-sdk-cordova/notifications{?since,all,participating}, labels_url=https://api.github.com/repos/alan-ai/alan-sdk-cordova/labels{/name}, releases_url=https://api.github.com/repos/alan-ai/alan-sdk-cordova/releases{/id}, deployments_url=https://api.github.com/repos/alan-ai/alan-sdk-cordova/deployments, created_at=2019-10-23T12:18:37Z, updated_at=2025-07-26T18:10:54Z, pushed_at=2025-04-22T12:38:11Z, git_url=git://github.com/alan-ai/alan-sdk-cordova.git, ssh_url=git@github.com:alan-ai/alan-sdk-cordova.git, clone_url=https://github.com/alan-ai/alan-sdk-cordova.git, svn_url=https://github.com/alan-ai/alan-sdk-cordova, homepage=, size=14141, stargazers_count=1151, watchers_count=1151, language=Ruby, has_issues=true, has_projects=true, has_downloads=true, has_wiki=true, has_pages=false, has_discussions=false, forks_count=6, mirror_url=null, archived=false, disabled=false, open_issues_count=4, license=null, allow_forking=true, is_template=false, web_commit_signoff_required=false, topics=[chatbot, conversational-ai, machine-learning, multimodal, speech-recognition, text-to-speech, voice-assistant, voice-commands, voice-interface, vui], visibility=public, forks=6, open_issues=4, watchers=1151, default_branch=master, permissions={admin=false, maintain=false, push=false, triage=false, pull=true}, score=1.0}&#10;Expected: is &lt;true&gt;&#10;     but: was &lt;false&gt;" type="java.lang.AssertionError"><![CDATA[java.lang.AssertionError: 
Item does not match all criteria: {id=217049858, node_id=MDEwOlJlcG9zaXRvcnkyMTcwNDk4NTg=, name=alan-sdk-cordova, full_name=alan-ai/alan-sdk-cordova, private=false, owner={login=alan-ai, id=54960780, node_id=MDEyOk9yZ2FuaXphdGlvbjU0OTYwNzgw, avatar_url=https://avatars.githubusercontent.com/u/54960780?v=4, gravatar_id=, url=https://api.github.com/users/alan-ai, html_url=https://github.com/alan-ai, followers_url=https://api.github.com/users/alan-ai/followers, following_url=https://api.github.com/users/alan-ai/following{/other_user}, gists_url=https://api.github.com/users/alan-ai/gists{/gist_id}, starred_url=https://api.github.com/users/alan-ai/starred{/owner}{/repo}, subscriptions_url=https://api.github.com/users/alan-ai/subscriptions, organizations_url=https://api.github.com/users/alan-ai/orgs, repos_url=https://api.github.com/users/alan-ai/repos, events_url=https://api.github.com/users/alan-ai/events{/privacy}, received_events_url=https://api.github.com/users/alan-ai/received_events, type=Organization, user_view_type=public, site_admin=false}, html_url=https://github.com/alan-ai/alan-sdk-cordova, description=The Self-Coding System for Your App — Alan AI SDK for Cordova, fork=false, url=https://api.github.com/repos/alan-ai/alan-sdk-cordova, forks_url=https://api.github.com/repos/alan-ai/alan-sdk-cordova/forks, keys_url=https://api.github.com/repos/alan-ai/alan-sdk-cordova/keys{/key_id}, collaborators_url=https://api.github.com/repos/alan-ai/alan-sdk-cordova/collaborators{/collaborator}, teams_url=https://api.github.com/repos/alan-ai/alan-sdk-cordova/teams, hooks_url=https://api.github.com/repos/alan-ai/alan-sdk-cordova/hooks, issue_events_url=https://api.github.com/repos/alan-ai/alan-sdk-cordova/issues/events{/number}, events_url=https://api.github.com/repos/alan-ai/alan-sdk-cordova/events, assignees_url=https://api.github.com/repos/alan-ai/alan-sdk-cordova/assignees{/user}, branches_url=https://api.github.com/repos/alan-ai/alan-sdk-cordova/branches{/branch}, tags_url=https://api.github.com/repos/alan-ai/alan-sdk-cordova/tags, blobs_url=https://api.github.com/repos/alan-ai/alan-sdk-cordova/git/blobs{/sha}, git_tags_url=https://api.github.com/repos/alan-ai/alan-sdk-cordova/git/tags{/sha}, git_refs_url=https://api.github.com/repos/alan-ai/alan-sdk-cordova/git/refs{/sha}, trees_url=https://api.github.com/repos/alan-ai/alan-sdk-cordova/git/trees{/sha}, statuses_url=https://api.github.com/repos/alan-ai/alan-sdk-cordova/statuses/{sha}, languages_url=https://api.github.com/repos/alan-ai/alan-sdk-cordova/languages, stargazers_url=https://api.github.com/repos/alan-ai/alan-sdk-cordova/stargazers, contributors_url=https://api.github.com/repos/alan-ai/alan-sdk-cordova/contributors, subscribers_url=https://api.github.com/repos/alan-ai/alan-sdk-cordova/subscribers, subscription_url=https://api.github.com/repos/alan-ai/alan-sdk-cordova/subscription, commits_url=https://api.github.com/repos/alan-ai/alan-sdk-cordova/commits{/sha}, git_commits_url=https://api.github.com/repos/alan-ai/alan-sdk-cordova/git/commits{/sha}, comments_url=https://api.github.com/repos/alan-ai/alan-sdk-cordova/comments{/number}, issue_comment_url=https://api.github.com/repos/alan-ai/alan-sdk-cordova/issues/comments{/number}, contents_url=https://api.github.com/repos/alan-ai/alan-sdk-cordova/contents/{+path}, compare_url=https://api.github.com/repos/alan-ai/alan-sdk-cordova/compare/{base}...{head}, merges_url=https://api.github.com/repos/alan-ai/alan-sdk-cordova/merges, archive_url=https://api.github.com/repos/alan-ai/alan-sdk-cordova/{archive_format}{/ref}, downloads_url=https://api.github.com/repos/alan-ai/alan-sdk-cordova/downloads, issues_url=https://api.github.com/repos/alan-ai/alan-sdk-cordova/issues{/number}, pulls_url=https://api.github.com/repos/alan-ai/alan-sdk-cordova/pulls{/number}, milestones_url=https://api.github.com/repos/alan-ai/alan-sdk-cordova/milestones{/number}, notifications_url=https://api.github.com/repos/alan-ai/alan-sdk-cordova/notifications{?since,all,participating}, labels_url=https://api.github.com/repos/alan-ai/alan-sdk-cordova/labels{/name}, releases_url=https://api.github.com/repos/alan-ai/alan-sdk-cordova/releases{/id}, deployments_url=https://api.github.com/repos/alan-ai/alan-sdk-cordova/deployments, created_at=2019-10-23T12:18:37Z, updated_at=2025-07-26T18:10:54Z, pushed_at=2025-04-22T12:38:11Z, git_url=git://github.com/alan-ai/alan-sdk-cordova.git, ssh_url=git@github.com:alan-ai/alan-sdk-cordova.git, clone_url=https://github.com/alan-ai/alan-sdk-cordova.git, svn_url=https://github.com/alan-ai/alan-sdk-cordova, homepage=, size=14141, stargazers_count=1151, watchers_count=1151, language=Ruby, has_issues=true, has_projects=true, has_downloads=true, has_wiki=true, has_pages=false, has_discussions=false, forks_count=6, mirror_url=null, archived=false, disabled=false, open_issues_count=4, license=null, allow_forking=true, is_template=false, web_commit_signoff_required=false, topics=[chatbot, conversational-ai, machine-learning, multimodal, speech-recognition, text-to-speech, voice-assistant, voice-commands, voice-interface, vui], visibility=public, forks=6, open_issues=4, watchers=1151, default_branch=master, permissions={admin=false, maintain=false, push=false, triage=false, pull=true}, score=1.0}
Expected: is <true>
     but: was <false>
	at org.hamcrest.MatcherAssert.assertThat(MatcherAssert.java:20)
	at com.example.search_api.support.Utils.assertContains(Utils.java:189)
	at com.example.search_api.support.Utils.assertValidQuery(Utils.java:114)
	at SearchRepoTest.testValidQueries(SearchRepoTest.java:46)
	at java.base/jdk.internal.reflect.NativeMethodAccessorImpl.invoke0(Native Method)
	at java.base/jdk.internal.reflect.NativeMethodAccessorImpl.invoke(NativeMethodAccessorImpl.java:77)
	at java.base/jdk.internal.reflect.DelegatingMethodAccessorImpl.invoke(DelegatingMethodAccessorImpl.java:43)
	at java.base/java.lang.reflect.Method.invoke(Method.java:569)
	at org.junit.platform.commons.util.ReflectionUtils.invokeMethod(ReflectionUtils.java:728)
	at org.junit.jupiter.engine.execution.MethodInvocation.proceed(MethodInvocation.java:60)
	at org.junit.jupiter.engine.execution.InvocationInterceptorChain$ValidatingInvocation.proceed(InvocationInterceptorChain.java:131)
	at io.qameta.allure.junit5.AllureJunit5.interceptTestTemplateMethod(AllureJunit5.java:59)
	at org.junit.jupiter.engine.execution.InterceptingExecutableInvoker$ReflectiveInterceptorCall.lambda$ofVoidMethod$0(InterceptingExecutableInvoker.java:103)
	at org.junit.jupiter.engine.execution.InterceptingExecutableInvoker.lambda$invoke$0(InterceptingExecutableInvoker.java:93)
	at org.junit.jupiter.engine.execution.InvocationInterceptorChain$InterceptedInvocation.proceed(InvocationInterceptorChain.java:106)
	at org.junit.jupiter.engine.extension.TimeoutExtension.intercept(TimeoutExtension.java:156)
	at org.junit.jupiter.engine.extension.TimeoutExtension.interceptTestableMethod(TimeoutExtension.java:147)
	at org.junit.jupiter.engine.extension.TimeoutExtension.interceptTestTemplateMethod(TimeoutExtension.java:94)
	at org.junit.jupiter.engine.execution.InterceptingExecutableInvoker$ReflectiveInterceptorCall.lambda$ofVoidMethod$0(InterceptingExecutableInvoker.java:103)
	at org.junit.jupiter.engine.execution.InterceptingExecutableInvoker.lambda$invoke$0(InterceptingExecutableInvoker.java:93)
	at org.junit.jupiter.engine.execution.InvocationInterceptorChain$InterceptedInvocation.proceed(InvocationInterceptorChain.java:106)
	at org.junit.jupiter.engine.execution.InvocationInterceptorChain.proceed(InvocationInterceptorChain.java:64)
	at org.junit.jupiter.engine.execution.InvocationInterceptorChain.chainAndInvoke(InvocationInterceptorChain.java:45)
	at org.junit.jupiter.engine.execution.InvocationInterceptorChain.invoke(InvocationInterceptorChain.java:37)
	at org.junit.jupiter.engine.execution.InterceptingExecutableInvoker.invoke(InterceptingExecutableInvoker.java:92)
	at org.junit.jupiter.engine.execution.InterceptingExecutableInvoker.invoke(InterceptingExecutableInvoker.java:86)
	at org.junit.jupiter.engine.descriptor.TestMethodTestDescriptor.lambda$invokeTestMethod$7(TestMethodTestDescriptor.java:218)
	at org.junit.platform.engine.support.hierarchical.ThrowableCollector.execute(ThrowableCollector.java:73)
	at org.junit.jupiter.engine.descriptor.TestMethodTestDescriptor.invokeTestMethod(TestMethodTestDescriptor.java:214)
	at org.junit.jupiter.engine.descriptor.TestMethodTestDescriptor.execute(TestMethodTestDescriptor.java:139)
	at org.junit.jupiter.engine.descriptor.TestMethodTestDescriptor.execute(TestMethodTestDescriptor.java:69)
	at org.junit.platform.engine.support.hierarchical.NodeTestTask.lambda$executeRecursively$6(NodeTestTask.java:151)
	at org.junit.platform.engine.support.hierarchical.ThrowableCollector.execute(ThrowableCollector.java:73)
	at org.junit.platform.engine.support.hierarchical.NodeTestTask.lambda$executeRecursively$8(NodeTestTask.java:141)
	at org.junit.platform.engine.support.hierarchical.Node.around(Node.java:137)
	at org.junit.platform.engine.support.hierarchical.NodeTestTask.lambda$executeRecursively$9(NodeTestTask.java:139)
	at org.junit.platform.engine.support.hierarchical.ThrowableCollector.execute(ThrowableCollector.java:73)
	at org.junit.platform.engine.support.hierarchical.NodeTestTask.executeRecursively(NodeTestTask.java:138)
	at org.junit.platform.engine.support.hierarchical.NodeTestTask.execute(NodeTestTask.java:95)
	at org.junit.platform.engine.support.hierarchical.SameThreadHierarchicalTestExecutorService.submit(SameThreadHierarchicalTestExecutorService.java:35)
	at org.junit.platform.engine.support.hierarchical.NodeTestTask$DefaultDynamicTestExecutor.execute(NodeTestTask.java:226)
	at org.junit.platform.engine.support.hierarchical.NodeTestTask$DefaultDynamicTestExecutor.execute(NodeTestTask.java:204)
	at org.junit.jupiter.engine.descriptor.TestTemplateTestDescriptor.execute(TestTemplateTestDescriptor.java:142)
	at org.junit.jupiter.engine.descriptor.TestTemplateTestDescriptor.lambda$execute$2(TestTemplateTestDescriptor.java:110)
	at java.base/java.util.stream.ForEachOps$ForEachOp$OfRef.accept(ForEachOps.java:183)
	at java.base/java.util.stream.ReferencePipeline$3$1.accept(ReferencePipeline.java:197)
	at java.base/java.util.stream.ReferencePipeline$2$1.accept(ReferencePipeline.java:179)
	at java.base/java.util.stream.ReferencePipeline$3$1.accept(ReferencePipeline.java:197)
	at java.base/java.util.stream.ForEachOps$ForEachOp$OfRef.accept(ForEachOps.java:183)
	at java.base/java.util.stream.ReferencePipeline$3$1.accept(ReferencePipeline.java:197)
	at java.base/java.util.stream.ReferencePipeline$3$1.accept(ReferencePipeline.java:197)
	at java.base/java.util.stream.ReferencePipeline$3$1.accept(ReferencePipeline.java:197)
	at java.base/java.util.stream.ForEachOps$ForEachOp$OfRef.accept(ForEachOps.java:183)
	at java.base/java.util.stream.ReferencePipeline$3$1.accept(ReferencePipeline.java:197)
	at java.base/java.util.Spliterators$ArraySpliterator.forEachRemaining(Spliterators.java:992)
	at java.base/java.util.stream.ReferencePipeline$Head.forEach(ReferencePipeline.java:762)
	at java.base/java.util.stream.ReferencePipeline$7$1.accept(ReferencePipeline.java:276)
	at java.base/java.util.stream.ReferencePipeline$3$1.accept(ReferencePipeline.java:197)
	at java.base/java.util.stream.ReferencePipeline$3$1.accept(ReferencePipeline.java:197)
	at java.base/java.util.stream.ReferencePipeline$3$1.accept(ReferencePipeline.java:197)
	at java.base/java.util.Spliterators$ArraySpliterator.forEachRemaining(Spliterators.java:992)
	at java.base/java.util.stream.AbstractPipeline.copyInto(AbstractPipeline.java:509)
	at java.base/java.util.stream.AbstractPipeline.wrapAndCopyInto(AbstractPipeline.java:499)
	at java.base/java.util.stream.ForEachOps$ForEachOp.evaluateSequential(ForEachOps.java:150)
	at java.base/java.util.stream.ForEachOps$ForEachOp$OfRef.evaluateSequential(ForEachOps.java:173)
	at java.base/java.util.stream.AbstractPipeline.evaluate(AbstractPipeline.java:234)
	at java.base/java.util.stream.ReferencePipeline.forEach(ReferencePipeline.java:596)
	at java.base/java.util.stream.ReferencePipeline$7$1.accept(ReferencePipeline.java:276)
	at java.base/java.util.stream.ReferencePipeline$3$1.accept(ReferencePipeline.java:197)
	at java.base/java.util.stream.ReferencePipeline$3$1.accept(ReferencePipeline.java:197)
	at java.base/java.util.stream.ReferencePipeline$3$1.accept(ReferencePipeline.java:197)
	at java.base/java.util.ArrayList$ArrayListSpliterator.forEachRemaining(ArrayList.java:1625)
	at java.base/java.util.stream.AbstractPipeline.copyInto(AbstractPipeline.java:509)
	at java.base/java.util.stream.AbstractPipeline.wrapAndCopyInto(AbstractPipeline.java:499)
	at java.base/java.util.stream.ForEachOps$ForEachOp.evaluateSequential(ForEachOps.java:150)
	at java.base/java.util.stream.ForEachOps$ForEachOp$OfRef.evaluateSequential(ForEachOps.java:173)
	at java.base/java.util.stream.AbstractPipeline.evaluate(AbstractPipeline.java:234)
	at java.base/java.util.stream.ReferencePipeline.forEach(ReferencePipeline.java:596)
	at java.base/java.util.stream.ReferencePipeline$7$1.accept(ReferencePipeline.java:276)
	at java.base/java.util.ArrayList$ArrayListSpliterator.forEachRemaining(ArrayList.java:1625)
	at java.base/java.util.stream.AbstractPipeline.copyInto(AbstractPipeline.java:509)
	at java.base/java.util.stream.AbstractPipeline.wrapAndCopyInto(AbstractPipeline.java:499)
	at java.base/java.util.stream.ForEachOps$ForEachOp.evaluateSequential(ForEachOps.java:150)
	at java.base/java.util.stream.ForEachOps$ForEachOp$OfRef.evaluateSequential(ForEachOps.java:173)
	at java.base/java.util.stream.AbstractPipeline.evaluate(AbstractPipeline.java:234)
	at java.base/java.util.stream.ReferencePipeline.forEach(ReferencePipeline.java:596)
	at org.junit.jupiter.engine.descriptor.TestTemplateTestDescriptor.execute(TestTemplateTestDescriptor.java:110)
	at org.junit.jupiter.engine.descriptor.TestTemplateTestDescriptor.execute(TestTemplateTestDescriptor.java:44)
	at org.junit.platform.engine.support.hierarchical.NodeTestTask.lambda$executeRecursively$6(NodeTestTask.java:151)
	at org.junit.platform.engine.support.hierarchical.ThrowableCollector.execute(ThrowableCollector.java:73)
	at org.junit.platform.engine.support.hierarchical.NodeTestTask.lambda$executeRecursively$8(NodeTestTask.java:141)
	at org.junit.platform.engine.support.hierarchical.Node.around(Node.java:137)
	at org.junit.platform.engine.support.hierarchical.NodeTestTask.lambda$executeRecursively$9(NodeTestTask.java:139)
	at org.junit.platform.engine.support.hierarchical.ThrowableCollector.execute(ThrowableCollector.java:73)
	at org.junit.platform.engine.support.hierarchical.NodeTestTask.executeRecursively(NodeTestTask.java:138)
	at org.junit.platform.engine.support.hierarchical.NodeTestTask.execute(NodeTestTask.java:95)
	at java.base/java.util.ArrayList.forEach(ArrayList.java:1511)
	at org.junit.platform.engine.support.hierarchical.SameThreadHierarchicalTestExecutorService.invokeAll(SameThreadHierarchicalTestExecutorService.java:41)
	at org.junit.platform.engine.support.hierarchical.NodeTestTask.lambda$executeRecursively$6(NodeTestTask.java:155)
	at org.junit.platform.engine.support.hierarchical.ThrowableCollector.execute(ThrowableCollector.java:73)
	at org.junit.platform.engine.support.hierarchical.NodeTestTask.lambda$executeRecursively$8(NodeTestTask.java:141)
	at org.junit.platform.engine.support.hierarchical.Node.around(Node.java:137)
	at org.junit.platform.engine.support.hierarchical.NodeTestTask.lambda$executeRecursively$9(NodeTestTask.java:139)
	at org.junit.platform.engine.support.hierarchical.ThrowableCollector.execute(ThrowableCollector.java:73)
	at org.junit.platform.engine.support.hierarchical.NodeTestTask.executeRecursively(NodeTestTask.java:138)
	at org.junit.platform.engine.support.hierarchical.NodeTestTask.execute(NodeTestTask.java:95)
	at java.base/java.util.ArrayList.forEach(ArrayList.java:1511)
	at org.junit.platform.engine.support.hierarchical.SameThreadHierarchicalTestExecutorService.invokeAll(SameThreadHierarchicalTestExecutorService.java:41)
	at org.junit.platform.engine.support.hierarchical.NodeTestTask.lambda$executeRecursively$6(NodeTestTask.java:155)
	at org.junit.platform.engine.support.hierarchical.ThrowableCollector.execute(ThrowableCollector.java:73)
	at org.junit.platform.engine.support.hierarchical.NodeTestTask.lambda$executeRecursively$8(NodeTestTask.java:141)
	at org.junit.platform.engine.support.hierarchical.Node.around(Node.java:137)
	at org.junit.platform.engine.support.hierarchical.NodeTestTask.lambda$executeRecursively$9(NodeTestTask.java:139)
	at org.junit.platform.engine.support.hierarchical.ThrowableCollector.execute(ThrowableCollector.java:73)
	at org.junit.platform.engine.support.hierarchical.NodeTestTask.executeRecursively(NodeTestTask.java:138)
	at org.junit.platform.engine.support.hierarchical.NodeTestTask.execute(NodeTestTask.java:95)
	at org.junit.platform.engine.support.hierarchical.SameThreadHierarchicalTestExecutorService.submit(SameThreadHierarchicalTestExecutorService.java:35)
	at org.junit.platform.engine.support.hierarchical.HierarchicalTestExecutor.execute(HierarchicalTestExecutor.java:57)
	at org.junit.platform.engine.support.hierarchical.HierarchicalTestEngine.execute(HierarchicalTestEngine.java:54)
	at org.junit.platform.launcher.core.EngineExecutionOrchestrator.execute(EngineExecutionOrchestrator.java:147)
	at org.junit.platform.launcher.core.EngineExecutionOrchestrator.execute(EngineExecutionOrchestrator.java:127)
	at org.junit.platform.launcher.core.EngineExecutionOrchestrator.execute(EngineExecutionOrchestrator.java:90)
	at org.junit.platform.launcher.core.EngineExecutionOrchestrator.lambda$execute$0(EngineExecutionOrchestrator.java:55)
	at org.junit.platform.launcher.core.EngineExecutionOrchestrator.withInterceptedStreams(EngineExecutionOrchestrator.java:102)
	at org.junit.platform.launcher.core.EngineExecutionOrchestrator.execute(EngineExecutionOrchestrator.java:54)
	at org.junit.platform.launcher.core.DefaultLauncher.execute(DefaultLauncher.java:114)
	at org.junit.platform.launcher.core.DefaultLauncher.execute(DefaultLauncher.java:86)
	at org.junit.platform.launcher.core.DefaultLauncherSession$DelegatingLauncher.execute(DefaultLauncherSession.java:86)
	at org.apache.maven.surefire.junitplatform.LazyLauncher.execute(LazyLauncher.java:55)
	at org.apache.maven.surefire.junitplatform.JUnitPlatformProvider.execute(JUnitPlatformProvider.java:223)
	at org.apache.maven.surefire.junitplatform.JUnitPlatformProvider.invokeAllTests(JUnitPlatformProvider.java:175)
	at org.apache.maven.surefire.junitplatform.JUnitPlatformProvider.invoke(JUnitPlatformProvider.java:139)
	at org.apache.maven.surefire.booter.ForkedBooter.runSuitesInProcess(ForkedBooter.java:456)
	at org.apache.maven.surefire.booter.ForkedBooter.execute(ForkedBooter.java:169)
	at org.apache.maven.surefire.booter.ForkedBooter.run(ForkedBooter.java:595)
	at org.apache.maven.surefire.booter.ForkedBooter.main(ForkedBooter.java:581)
]]></failure>
    <system-out><![CDATA[Failed key: forks_count, expected: 5, actual: 6
]]></system-out>
  </testcase>
  <testcase name="testValidQueries(String)[7]" classname="SearchRepoTest" time="1.897"/>
  <testcase name="testValidQueries(String)[8]" classname="SearchRepoTest" time="4.471"/>
  <testcase name="testValidQueries(String)[9]" classname="SearchRepoTest" time="2.007"/>
  <testcase name="testValidQueries(String)[10]" classname="SearchRepoTest" time="1.783"/>
  <testcase name="testValidQueries(String)[11]" classname="SearchRepoTest" time="1.727"/>
</testsuite>