<?xml version="1.0" encoding="UTF-8"?>
<testsuite xmlns:xsi="http://www.w3.org/2001/XMLSchema-instance" xsi:noNamespaceSchemaLocation="https://maven.apache.org/surefire/maven-surefire-plugin/xsd/surefire-test-report-3.0.xsd" version="3.0" name="SearchUserTest" time="9.472" tests="8" errors="0" skipped="0" failures="0">
  <properties>
[...]
</properties>
  <testcase name="testInvalidQueries(String)[1]" classname="SearchUserTest" time="3.426">
    <system-out><![CDATA[HTTP/1.1 422 Unprocessable Entity
Date: Wed, 03 Sep 2025 08:10:21 GMT
Content-Type: application/json; charset=utf-8
Content-Length: 164
Cache-Control: no-cache
Vary: Accept, Authorization, Cookie, X-GitHub-OTP,Accept-Encoding, Accept, X-Requested-With
github-authentication-token-expiration: 2025-09-03 11:11:21 +0300
X-GitHub-Media-Type: github.v3; format=json
x-github-api-version-selected: 2022-11-28
X-RateLimit-Limit: 30
X-RateLimit-Remaining: 30
X-RateLimit-Reset: 1756887081
X-RateLimit-Used: 0
X-RateLimit-Resource: search
Access-Control-Expose-Headers: ETag, Link, Location, Retry-After, X-GitHub-OTP, X-RateLimit-Limit, X-RateLimit-Remaining, X-RateLimit-Used, X-RateLimit-Resource, X-RateLimit-Reset, X-OAuth-Scopes, X-Accepted-OAuth-Scopes, X-Poll-Interval, X-GitHub-Media-Type, X-GitHub-SSO, X-GitHub-Request-Id, Deprecation, Sunset
Access-Control-Allow-Origin: *
Strict-Transport-Security: max-age=31536000; includeSubdomains; preload
X-Frame-Options: deny
X-Content-Type-Options: nosniff
X-XSS-Protection: 0
Referrer-Policy: origin-when-cross-origin, strict-origin-when-cross-origin
Content-Security-Policy: default-src 'none'
Server: github.com
X-GitHub-Request-Id: 39C0:1BD02:23951A1:21C8607:68B7F7ED

{
    "message": "Validation Failed",
    "errors": [
        {
            "resource": "Search",
            "field": "q",
            "code": "missing"
        }
    ],
    "documentation_url": "https://docs.github.com/v3/search",
    "status": "422"
}
]]></system-out>
  </testcase>
  <testcase name="testValidQueries(String)[1]" classname="SearchUserTest" time="1.331"/>
  <testcase name="testValidQueries(String)[2]" classname="SearchUserTest" time="0.548"/>
  <testcase name="testValidQueries(String)[3]" classname="SearchUserTest" time="1.024"/>
  <testcase name="testValidQueries(String)[4]" classname="SearchUserTest" time="0.545"/>
  <testcase name="testValidQueries(String)[5]" classname="SearchUserTest" time="1.091"/>
  <testcase name="testValidQueries(String)[6]" classname="SearchUserTest" time="0.89"/>
  <testcase name="testValidQueries(String)[7]" classname="SearchUserTest" time="0.507"/>
</testsuite>