<?xml version="1.0" encoding="UTF-8"?>
<testsuite xmlns:xsi="http://www.w3.org/2001/XMLSchema-instance" xsi:noNamespaceSchemaLocation="https://maven.apache.org/surefire/maven-surefire-plugin/xsd/surefire-test-report-3.0.xsd" version="3.0" name="SearchUserTest" time="3.67" tests="8" errors="0" skipped="0" failures="0">
  <properties>
[...]
</properties>
  <testcase name="testInvalidQueries(String)[1]" classname="SearchUserTest" time="0.332"/>
  <testcase name="testInvalidQueries(String)[2]" classname="SearchUserTest" time="0.343"/>
  <testcase name="testValidQueries(String)[1]" classname="SearchUserTest" time="0.429"/>
  <testcase name="testValidQueries(String)[2]" classname="SearchUserTest" time="0.582"/>
  <testcase name="testValidQueries(String)[3]" classname="SearchUserTest" time="0.514"/>
  <testcase name="testValidQueries(String)[4]" classname="SearchUserTest" time="0.402"/>
  <testcase name="testValidQueries(String)[5]" classname="SearchUserTest" time="0.417"/>
  <testcase name="testValidQueries(String)[6]" classname="SearchUserTest" time="0.626"/>
</testsuite>