{
  "stats": {
    "suites": 1,
    "tests": 4,
    "passes": 4,
    "pending": 0,
    "failures": 0,
    "start": "2025-09-10T13:29:01.468Z",
    "end": "2025-09-10T13:30:44.416Z",
    "duration": 102948,
    "testsRegistered": 4,
    "passPercent": 100,
    "pendingPercent": 0,
    "other": 0,
    "hasOther": false,
    "skipped": 0,
    "hasSkipped": false
  },
  "results": [
    {
      "uuid": "2fade694-f313-42ec-82c2-ad634eea1c69",
      "title": "",
      "fullFile": "cypress\\e2e\\header.cy.js",
      "file": "cypress\\e2e\\header.cy.js",
      "beforeHooks": [],
      "afterHooks": [],
      "tests": [],
      "suites": [
        {
          "uuid": "6a0e38f2-d05a-4459-b510-3cf99d49f1c6",
          "title": "Verify header elements",
          "fullFile": "",
          "file": "",
          "beforeHooks": [],
          "afterHooks": [],
          "tests": [
            {
              "title": "Checks that pages are loaded successfully from the main bar.",
              "fullTitle": "Verify header elements Checks that pages are loaded successfully from the main bar.",
              "timedOut": null,
              "duration": 37299,
              "state": "passed",
              "speed": "slow",
              "pass": true,
              "fail": false,
              "pending": false,
              "context": null,
              "code": "cy.clickHeaderElements(_main_nav_bar.default.elements, _main_nav_bar_selectors.default);",
              "err": {},
              "uuid": "2b9ae712-e140-4ee1-9be4-f3220b4610dc",
              "parentUUID": "6a0e38f2-d05a-4459-b510-3cf99d49f1c6",
              "isHook": false,
              "skipped": false
            },
            {
              "title": "Checks the HMD logo",
              "fullTitle": "Verify header elements Checks the HMD logo",
              "timedOut": null,
              "duration": 14559,
              "state": "passed",
              "speed": "slow",
              "pass": true,
              "fail": false,
              "pending": false,
              "context": null,
              "code": "_main_nav_bar.default.clickLogo();\ncy.assertHeaderUrl('', '');",
              "err": {},
              "uuid": "3a5773b7-6a93-4997-b3f5-33ce94b6b0ad",
              "parentUUID": "6a0e38f2-d05a-4459-b510-3cf99d49f1c6",
              "isHook": false,
              "skipped": false
            },
            {
              "title": "Checks that pages are loaded successfully from the side bar.",
              "fullTitle": "Verify header elements Checks that pages are loaded successfully from the side bar.",
              "timedOut": null,
              "duration": 22136,
              "state": "passed",
              "speed": "slow",
              "pass": true,
              "fail": false,
              "pending": false,
              "context": null,
              "code": "cy.clickHeaderElements(_sidebar.default.elements, _sidebar_selectors.default, _sidebar.default);",
              "err": {},
              "uuid": "3e17becd-d9a2-4ab3-93cd-ed908703348c",
              "parentUUID": "6a0e38f2-d05a-4459-b510-3cf99d49f1c6",
              "isHook": false,
              "skipped": false
            },
            {
              "title": "Checks that the sub pages are loaded successfully from the side bar.",
              "fullTitle": "Verify header elements Checks that the sub pages are loaded successfully from the side bar.",
              "timedOut": null,
              "duration": 23973,
              "state": "passed",
              "speed": "slow",
              "pass": true,
              "fail": false,
              "pending": false,
              "context": null,
              "code": "cy.clickHeaderElements(_sidebar.default.getSubElements(), _sidebar_selectors.default.second_links, _sidebar.default);",
              "err": {},
              "uuid": "7e8c4079-6941-4342-b319-ff86c8890fb2",
              "parentUUID": "6a0e38f2-d05a-4459-b510-3cf99d49f1c6",
              "isHook": false,
              "skipped": false
            }
          ],
          "suites": [],
          "passes": [
            "2b9ae712-e140-4ee1-9be4-f3220b4610dc",
            "3a5773b7-6a93-4997-b3f5-33ce94b6b0ad",
            "3e17becd-d9a2-4ab3-93cd-ed908703348c",
            "7e8c4079-6941-4342-b319-ff86c8890fb2"
          ],
          "failures": [],
          "pending": [],
          "skipped": [],
          "duration": 97967,
          "root": false,
          "rootEmpty": false,
          "_timeout": 2000
        }
      ],
      "passes": [],
      "failures": [],
      "pending": [],
      "skipped": [],
      "duration": 0,
      "root": true,
      "rootEmpty": true,
      "_timeout": 2000
    }
  ],
  "meta": {
    "mocha": {
      "version": "7.2.0"
    },
    "mochawesome": {
      "options": {
        "quiet": false,
        "reportFilename": "mochawesome",
        "saveHtml": true,
        "saveJson": true,
        "consoleReporter": "spec",
        "useInlineDiffs": false,
        "code": true
      },
      "version": "7.1.3"
    },
    "marge": {
      "options": {
        "reportDir": "cypress/reports",
        "overwrite": false,
        "html": true,
        "json": true,
        "charts": true
      },
      "version": "6.2.0"
    }
  }
}