{
  "stats": {
    "suites": 1,
    "tests": 5,
    "passes": 5,
    "pending": 0,
    "failures": 0,
    "start": "2025-09-14T08:06:54.549Z",
    "end": "2025-09-14T08:08:33.348Z",
    "duration": 98799,
    "testsRegistered": 5,
    "passPercent": 100,
    "pendingPercent": 0,
    "other": 0,
    "hasOther": false,
    "skipped": 0,
    "hasSkipped": false
  },
  "results": [
    {
      "uuid": "98a6803d-9fa2-48ca-ad22-7e3b89fe46c3",
      "title": "",
      "fullFile": "cypress/e2e/common.cy.js",
      "file": "cypress/e2e/common.cy.js",
      "beforeHooks": [],
      "afterHooks": [],
      "tests": [],
      "suites": [
        {
          "uuid": "7d456428-38a8-4fb1-b0e3-4d080005927e",
          "title": "Verify Common elements",
          "fullFile": "",
          "file": "",
          "beforeHooks": [],
          "afterHooks": [],
          "tests": [
            {
              "title": "Checks the Download Button",
              "fullTitle": "Verify Common elements Checks the Download Button",
              "timedOut": null,
              "duration": 24309,
              "state": "passed",
              "speed": "slow",
              "pass": true,
              "fail": false,
              "pending": false,
              "context": null,
              "code": "_common_elements.default.clickDownload();\ncy.assertHeaderUrl('downloadLink', _common_elements_selector.default);",
              "err": {},
              "uuid": "e5aa469b-76bc-40fa-96c7-20f94dfaf386",
              "parentUUID": "7d456428-38a8-4fb1-b0e3-4d080005927e",
              "isHook": false,
              "skipped": false
            },
            {
              "title": "Checks All Devices Button",
              "fullTitle": "Verify Common elements Checks All Devices Button",
              "timedOut": null,
              "duration": 11385,
              "state": "passed",
              "speed": "slow",
              "pass": true,
              "fail": false,
              "pending": false,
              "context": null,
              "code": "_common_elements.default.clickAllDevices();\ncy.assertHeaderUrl('allDevicesLink', _common_elements_selector.default);",
              "err": {},
              "uuid": "63e7edeb-e5a4-4c12-bb0d-2f3afb82a6c5",
              "parentUUID": "7d456428-38a8-4fb1-b0e3-4d080005927e",
              "isHook": false,
              "skipped": false
            },
            {
              "title": "should show heading text and product picture",
              "fullTitle": "Verify Common elements should show heading text and product picture",
              "timedOut": null,
              "duration": 10600,
              "state": "passed",
              "speed": "slow",
              "pass": true,
              "fail": false,
              "pending": false,
              "context": null,
              "code": "cy.get(_common_elements_selector.default.parent).first().within(() => {\n  cy.contains(_common_elements_selector.default.text);\n  cy.get('img').should('have.attr', 'srcset').and('include', _common_elements_selector.default.url);\n});",
              "err": {},
              "uuid": "c0f985ab-14bf-4179-9fa9-4d881e50c15e",
              "parentUUID": "7d456428-38a8-4fb1-b0e3-4d080005927e",
              "isHook": false,
              "skipped": false
            },
            {
              "title": "should show helpfulness question with Yes/No buttons",
              "fullTitle": "Verify Common elements should show helpfulness question with Yes/No buttons",
              "timedOut": null,
              "duration": 6858,
              "state": "passed",
              "speed": "medium",
              "pass": true,
              "fail": false,
              "pending": false,
              "context": null,
              "code": "_common_elements.default.getIsThisHelpful().within(() => {\n  cy.contains(_common_elements_selector.default.helpfulText);\n  _common_elements.default.getYesBtn().should('exist').and('contain.text', _constants.default.YES);\n  _common_elements.default.getNoBtn().should('exist').and('contain.text', _constants.default.NO);\n});",
              "err": {},
              "uuid": "afa0cd65-2edb-4a32-9cbe-f12da72be776",
              "parentUUID": "7d456428-38a8-4fb1-b0e3-4d080005927e",
              "isHook": false,
              "skipped": false
            },
            {
              "title": "should navigate correctly for each language link",
              "fullTitle": "Verify Common elements should navigate correctly for each language link",
              "timedOut": null,
              "duration": 42089,
              "state": "passed",
              "speed": "slow",
              "pass": true,
              "fail": false,
              "pending": false,
              "context": null,
              "code": "cy.fixture('languages.json').then(langs => {\n  Object.entries(langs).forEach(([lang]) => {\n    _common_elements.default.getLangBtn().click();\n    cy.contains('span', lang).click();\n    cy.assertHeaderUrl(lang, langs, 0, 1);\n    (0, _utils.handleCookies)();\n  });\n});",
              "err": {},
              "uuid": "c275c4f9-70b2-4c13-aab4-088d69b71aa2",
              "parentUUID": "7d456428-38a8-4fb1-b0e3-4d080005927e",
              "isHook": false,
              "skipped": false
            }
          ],
          "suites": [],
          "passes": [
            "e5aa469b-76bc-40fa-96c7-20f94dfaf386",
            "63e7edeb-e5a4-4c12-bb0d-2f3afb82a6c5",
            "c0f985ab-14bf-4179-9fa9-4d881e50c15e",
            "afa0cd65-2edb-4a32-9cbe-f12da72be776",
            "c275c4f9-70b2-4c13-aab4-088d69b71aa2"
          ],
          "failures": [],
          "pending": [],
          "skipped": [],
          "duration": 95241,
          "root": false,
          "rootEmpty": false,
          "_timeout": 2000
        }
      ],
      "passes": [],
      "failures": [],
      "pending": [],
      "skipped": [],
      "duration": 0,
      "root": true,
      "rootEmpty": true,
      "_timeout": 2000
    }
  ],
  "meta": {
    "mocha": {
      "version": "7.2.0"
    },
    "mochawesome": {
      "options": {
        "quiet": false,
        "reportFilename": "mochawesome",
        "saveHtml": true,
        "saveJson": true,
        "consoleReporter": "spec",
        "useInlineDiffs": false,
        "code": true
      },
      "version": "7.1.3"
    },
    "marge": {
      "options": {
        "reportDir": "cypress/reports",
        "overwrite": false,
        "html": true,
        "json": true,
        "charts": true
      },
      "version": "6.2.0"
    }
  }
}