{
  "stats": {
    "suites": 1,
    "tests": 1,
    "passes": 1,
    "pending": 0,
    "failures": 0,
    "start": "2025-09-11T05:53:18.599Z",
    "end": "2025-09-11T05:53:49.225Z",
    "duration": 30626,
    "testsRegistered": 1,
    "passPercent": 100,
    "pendingPercent": 0,
    "other": 0,
    "hasOther": false,
    "skipped": 0,
    "hasSkipped": false
  },
  "results": [
    {
      "uuid": "557f5e7e-13b5-4b7a-821f-393ca6a224d4",
      "title": "",
      "fullFile": "cypress\\e2e\\footer.cy.js",
      "file": "cypress\\e2e\\footer.cy.js",
      "beforeHooks": [],
      "afterHooks": [],
      "tests": [],
      "suites": [
        {
          "uuid": "968c2868-0716-4a00-af12-c90db959fc7e",
          "title": "Verify footer elements",
          "fullFile": "",
          "file": "",
          "beforeHooks": [],
          "afterHooks": [],
          "tests": [
            {
              "title": "Checks that pages are loaded successfully from About",
              "fullTitle": "Verify footer elements Checks that pages are loaded successfully from About",
              "timedOut": null,
              "duration": 26937,
              "state": "passed",
              "speed": "slow",
              "pass": true,
              "fail": false,
              "pending": false,
              "context": null,
              "code": "cy.clickHeaderElements(_footer.default.getSubElements(key), value.links, null, 1, null);",
              "err": {},
              "uuid": "21347658-df3d-474b-a769-b809e2a05142",
              "parentUUID": "968c2868-0716-4a00-af12-c90db959fc7e",
              "isHook": false,
              "skipped": false
            }
          ],
          "suites": [],
          "passes": [
            "21347658-df3d-474b-a769-b809e2a05142"
          ],
          "failures": [],
          "pending": [],
          "skipped": [],
          "duration": 26937,
          "root": false,
          "rootEmpty": false,
          "_timeout": 2000
        }
      ],
      "passes": [],
      "failures": [],
      "pending": [],
      "skipped": [],
      "duration": 0,
      "root": true,
      "rootEmpty": true,
      "_timeout": 2000
    }
  ],
  "meta": {
    "mocha": {
      "version": "7.2.0"
    },
    "mochawesome": {
      "options": {
        "quiet": false,
        "reportFilename": "mochawesome",
        "saveHtml": true,
        "saveJson": true,
        "consoleReporter": "spec",
        "useInlineDiffs": false,
        "code": true
      },
      "version": "7.1.3"
    },
    "marge": {
      "options": {
        "reportDir": "cypress/reports",
        "overwrite": false,
        "html": true,
        "json": true,
        "charts": true
      },
      "version": "6.2.0"
    }
  }
}