{
  "stats": {
    "suites": 1,
    "tests": 3,
    "passes": 3,
    "pending": 0,
    "failures": 0,
    "start": "2025-09-10T13:36:28.889Z",
    "end": "2025-09-10T13:37:35.530Z",
    "duration": 66641,
    "testsRegistered": 3,
    "passPercent": 100,
    "pendingPercent": 0,
    "other": 0,
    "hasOther": false,
    "skipped": 0,
    "hasSkipped": false
  },
  "results": [
    {
      "uuid": "7dc53d5c-82d5-43c2-ac8f-ee72cfc2c06c",
      "title": "",
      "fullFile": "cypress\\e2e\\footer.cy.js",
      "file": "cypress\\e2e\\footer.cy.js",
      "beforeHooks": [],
      "afterHooks": [],
      "tests": [],
      "suites": [
        {
          "uuid": "34f5584d-d2ed-4656-9cf6-375ed13e2f18",
          "title": "Verify footer elements",
          "fullFile": "",
          "file": "",
          "beforeHooks": [],
          "afterHooks": [],
          "tests": [
            {
              "title": "Checks that pages are loaded successfully from About",
              "fullTitle": "Verify footer elements Checks that pages are loaded successfully from About",
              "timedOut": null,
              "duration": 27971,
              "state": "passed",
              "speed": "slow",
              "pass": true,
              "fail": false,
              "pending": false,
              "context": null,
              "code": "cy.clickHeaderElements(_footer.default.getSubElements(key), value.links, null, 1, null);",
              "err": {},
              "uuid": "02330c56-5011-4077-a2e2-5655ec856b81",
              "parentUUID": "34f5584d-d2ed-4656-9cf6-375ed13e2f18",
              "isHook": false,
              "skipped": false
            },
            {
              "title": "Checks that pages are loaded successfully from International",
              "fullTitle": "Verify footer elements Checks that pages are loaded successfully from International",
              "timedOut": null,
              "duration": 18744,
              "state": "passed",
              "speed": "slow",
              "pass": true,
              "fail": false,
              "pending": false,
              "context": null,
              "code": "cy.clickHeaderElements(_footer.default.getSubElements(key), value.links, null, 1, null);",
              "err": {},
              "uuid": "4d0129d1-43c6-47ca-a11c-a7115351ccc6",
              "parentUUID": "34f5584d-d2ed-4656-9cf6-375ed13e2f18",
              "isHook": false,
              "skipped": false
            },
            {
              "title": "Checks that pages are loaded successfully from Planet and people",
              "fullTitle": "Verify footer elements Checks that pages are loaded successfully from Planet and people",
              "timedOut": null,
              "duration": 15999,
              "state": "passed",
              "speed": "slow",
              "pass": true,
              "fail": false,
              "pending": false,
              "context": null,
              "code": "cy.clickHeaderElements(_footer.default.getSubElements(key), value.links, null, 1, null);",
              "err": {},
              "uuid": "75d78619-fee3-442a-a8a0-d22c2a8f4ef9",
              "parentUUID": "34f5584d-d2ed-4656-9cf6-375ed13e2f18",
              "isHook": false,
              "skipped": false
            }
          ],
          "suites": [],
          "passes": [
            "02330c56-5011-4077-a2e2-5655ec856b81",
            "4d0129d1-43c6-47ca-a11c-a7115351ccc6",
            "75d78619-fee3-442a-a8a0-d22c2a8f4ef9"
          ],
          "failures": [],
          "pending": [],
          "skipped": [],
          "duration": 62714,
          "root": false,
          "rootEmpty": false,
          "_timeout": 2000
        }
      ],
      "passes": [],
      "failures": [],
      "pending": [],
      "skipped": [],
      "duration": 0,
      "root": true,
      "rootEmpty": true,
      "_timeout": 2000
    }
  ],
  "meta": {
    "mocha": {
      "version": "7.2.0"
    },
    "mochawesome": {
      "options": {
        "quiet": false,
        "reportFilename": "mochawesome",
        "saveHtml": true,
        "saveJson": true,
        "consoleReporter": "spec",
        "useInlineDiffs": false,
        "code": true
      },
      "version": "7.1.3"
    },
    "marge": {
      "options": {
        "reportDir": "cypress/reports",
        "overwrite": false,
        "html": true,
        "json": true,
        "charts": true
      },
      "version": "6.2.0"
    }
  }
}