{
  "stats": {
    "suites": 1,
    "tests": 1,
    "passes": 0,
    "pending": 0,
    "failures": 1,
    "start": "2025-09-11T05:47:18.726Z",
    "end": "2025-09-11T05:47:54.433Z",
    "duration": 35707,
    "testsRegistered": 1,
    "passPercent": 0,
    "pendingPercent": 0,
    "other": 0,
    "hasOther": false,
    "skipped": 0,
    "hasSkipped": false
  },
  "results": [
    {
      "uuid": "4902335c-ce38-424d-bb3a-d3ca2be7325f",
      "title": "",
      "fullFile": "cypress\\e2e\\footer.cy.js",
      "file": "cypress\\e2e\\footer.cy.js",
      "beforeHooks": [],
      "afterHooks": [],
      "tests": [],
      "suites": [
        {
          "uuid": "39719a17-c1b4-4f19-9d10-0e0206d93853",
          "title": "Verify footer elements",
          "fullFile": "",
          "file": "",
          "beforeHooks": [],
          "afterHooks": [],
          "tests": [
            {
              "title": "Checks that pages are loaded successfully from About",
              "fullTitle": "Verify footer elements Checks that pages are loaded successfully from About",
              "timedOut": null,
              "duration": 32568,
              "state": "failed",
              "speed": null,
              "pass": false,
              "fail": true,
              "pending": false,
              "context": null,
              "code": "cy.clickHeaderElements(_footer.default.getSubElements(key), value.links, null, 1, null);",
              "err": {
                "message": "CypressError: Timed out retrying after 4050ms: `cy.click()` failed because the page updated while this command was executing. Cypress tried to locate elements based on this query:\n\n> cy.get(.css-rwu7gl.ey131wu8).find(a).filter(:contains(Brand collaborations)).invoke(removeAttr, target)\n\nWe initially found matching element(s), but while waiting for them to become actionable, they disappeared from the page. Common situations why this happens:\n  - Your JS framework re-rendered asynchronously\n  - Your app code reacted to an event firing and removed the element\n\nYou can typically solve this by breaking up a chain. For example, rewrite:\n\n> `cy.get('button').click().click()`\n\nto\n\n> `cy.get('button').as('btn').click()`\n> `cy.get('@btn').click()`\n\nhttps://on.cypress.io/element-has-detached-from-dom",
                "estack": "CypressError: Timed out retrying after 4050ms: `cy.click()` failed because the page updated while this command was executing. Cypress tried to locate elements based on this query:\n\n> cy.get(.css-rwu7gl.ey131wu8).find(a).filter(:contains(Brand collaborations)).invoke(removeAttr, target)\n\nWe initially found matching element(s), but while waiting for them to become actionable, they disappeared from the page. Common situations why this happens:\n  - Your JS framework re-rendered asynchronously\n  - Your app code reacted to an event firing and removed the element\n\nYou can typically solve this by breaking up a chain. For example, rewrite:\n\n> `cy.get('button').click().click()`\n\nto\n\n> `cy.get('button').as('btn').click()`\n> `cy.get('@btn').click()`\n\nhttps://on.cypress.io/element-has-detached-from-dom\n    at retryActionability (https://www.nokia.com/__cypress/runner/cypress_runner.js:114603:74)\n    at tryCatcher (https://www.nokia.com/__cypress/runner/cypress_runner.js:1777:23)\n    at Promise.attempt.Promise.try (https://www.nokia.com/__cypress/runner/cypress_runner.js:4285:29)\n    at whenStable (https://www.nokia.com/__cypress/runner/cypress_runner.js:147282:68)\n    at <unknown> (https://www.nokia.com/__cypress/runner/cypress_runner.js:147223:14)\n    at tryCatcher (https://www.nokia.com/__cypress/runner/cypress_runner.js:1777:23)\n    at Promise._settlePromiseFromHandler (https://www.nokia.com/__cypress/runner/cypress_runner.js:1489:31)\n    at Promise._settlePromise (https://www.nokia.com/__cypress/runner/cypress_runner.js:1546:18)\n    at Promise._settlePromise0 (https://www.nokia.com/__cypress/runner/cypress_runner.js:1591:10)\n    at Promise._settlePromises (https://www.nokia.com/__cypress/runner/cypress_runner.js:1671:18)\n    at Promise._fulfill (https://www.nokia.com/__cypress/runner/cypress_runner.js:1615:18)\n    at <unknown> (https://www.nokia.com/__cypress/runner/cypress_runner.js:5420:46)",
                "diff": null
              },
              "uuid": "3f59f214-ec6b-4504-9131-fec9d845c12d",
              "parentUUID": "39719a17-c1b4-4f19-9d10-0e0206d93853",
              "isHook": false,
              "skipped": false
            }
          ],
          "suites": [],
          "passes": [],
          "failures": [
            "3f59f214-ec6b-4504-9131-fec9d845c12d"
          ],
          "pending": [],
          "skipped": [],
          "duration": 32568,
          "root": false,
          "rootEmpty": false,
          "_timeout": 2000
        }
      ],
      "passes": [],
      "failures": [],
      "pending": [],
      "skipped": [],
      "duration": 0,
      "root": true,
      "rootEmpty": true,
      "_timeout": 2000
    }
  ],
  "meta": {
    "mocha": {
      "version": "7.2.0"
    },
    "mochawesome": {
      "options": {
        "quiet": false,
        "reportFilename": "mochawesome",
        "saveHtml": true,
        "saveJson": true,
        "consoleReporter": "spec",
        "useInlineDiffs": false,
        "code": true
      },
      "version": "7.1.3"
    },
    "marge": {
      "options": {
        "reportDir": "cypress/reports",
        "overwrite": false,
        "html": true,
        "json": true,
        "charts": true
      },
      "version": "6.2.0"
    }
  }
}