{
  "stats": {
    "suites": 1,
    "tests": 3,
    "passes": 3,
    "pending": 0,
    "failures": 0,
    "start": "2025-09-10T13:49:30.939Z",
    "end": "2025-09-10T13:49:59.198Z",
    "duration": 28259,
    "testsRegistered": 3,
    "passPercent": 100,
    "pendingPercent": 0,
    "other": 0,
    "hasOther": false,
    "skipped": 0,
    "hasSkipped": false
  },
  "results": [
    {
      "uuid": "7d034099-d1de-4f39-b163-de36ab1b7f4d",
      "title": "",
      "fullFile": "cypress\\e2e\\footer.cy.js",
      "file": "cypress\\e2e\\footer.cy.js",
      "beforeHooks": [],
      "afterHooks": [],
      "tests": [],
      "suites": [
        {
          "uuid": "a0a69190-f30e-4704-bb73-a16be03186d8",
          "title": "Verify footer elements",
          "fullFile": "",
          "file": "",
          "beforeHooks": [],
          "afterHooks": [],
          "tests": [
            {
              "title": "Checks the HMD logo",
              "fullTitle": "Verify footer elements Checks the HMD logo",
              "timedOut": null,
              "duration": 12186,
              "state": "passed",
              "speed": "slow",
              "pass": true,
              "fail": false,
              "pending": false,
              "context": null,
              "code": "_footer.default.clickLogo();\ncy.assertHeaderUrl('', '');",
              "err": {},
              "uuid": "00e33585-26cd-47e3-a4a6-9fd95706220d",
              "parentUUID": "a0a69190-f30e-4704-bb73-a16be03186d8",
              "isHook": false,
              "skipped": false
            },
            {
              "title": "Checks the paragraph",
              "fullTitle": "Verify footer elements Checks the paragraph",
              "timedOut": null,
              "duration": 6546,
              "state": "passed",
              "speed": "medium",
              "pass": true,
              "fail": false,
              "pending": false,
              "context": null,
              "code": "_footer.default.getParent().contains(_footer_selectors.default.footer_paragraph);",
              "err": {},
              "uuid": "7ccd5a65-42c3-40d6-9e67-746059eb9775",
              "parentUUID": "a0a69190-f30e-4704-bb73-a16be03186d8",
              "isHook": false,
              "skipped": false
            },
            {
              "title": "Checks the Cookie settings button",
              "fullTitle": "Verify footer elements Checks the Cookie settings button",
              "timedOut": null,
              "duration": 6230,
              "state": "passed",
              "speed": "medium",
              "pass": true,
              "fail": false,
              "pending": false,
              "context": null,
              "code": "cy.wait(2000);\n_footer.default.clickCookiesBtn();\ncy.get(_footer_selectors.default['Cookiesettings']).should('exist');",
              "err": {},
              "uuid": "7d94e372-12fe-42e7-ad2e-bdf808e2e884",
              "parentUUID": "a0a69190-f30e-4704-bb73-a16be03186d8",
              "isHook": false,
              "skipped": false
            }
          ],
          "suites": [],
          "passes": [
            "00e33585-26cd-47e3-a4a6-9fd95706220d",
            "7ccd5a65-42c3-40d6-9e67-746059eb9775",
            "7d94e372-12fe-42e7-ad2e-bdf808e2e884"
          ],
          "failures": [],
          "pending": [],
          "skipped": [],
          "duration": 24962,
          "root": false,
          "rootEmpty": false,
          "_timeout": 2000
        }
      ],
      "passes": [],
      "failures": [],
      "pending": [],
      "skipped": [],
      "duration": 0,
      "root": true,
      "rootEmpty": true,
      "_timeout": 2000
    }
  ],
  "meta": {
    "mocha": {
      "version": "7.2.0"
    },
    "mochawesome": {
      "options": {
        "quiet": false,
        "reportFilename": "mochawesome",
        "saveHtml": true,
        "saveJson": true,
        "consoleReporter": "spec",
        "useInlineDiffs": false,
        "code": true
      },
      "version": "7.1.3"
    },
    "marge": {
      "options": {
        "reportDir": "cypress/reports",
        "overwrite": false,
        "html": true,
        "json": true,
        "charts": true
      },
      "version": "6.2.0"
    }
  }
}