{
  "stats": {
    "suites": 1,
    "tests": 10,
    "passes": 10,
    "pending": 0,
    "failures": 0,
    "start": "2025-09-10T13:29:21.485Z",
    "end": "2025-09-10T13:32:35.181Z",
    "duration": 193696,
    "testsRegistered": 10,
    "passPercent": 100,
    "pendingPercent": 0,
    "other": 0,
    "hasOther": false,
    "skipped": 0,
    "hasSkipped": false
  },
  "results": [
    {
      "uuid": "c7705ebb-b879-4e75-b91d-6bde16bab468",
      "title": "",
      "fullFile": "cypress\\e2e\\hmd.cy.js",
      "file": "cypress\\e2e\\hmd.cy.js",
      "beforeHooks": [],
      "afterHooks": [],
      "tests": [],
      "suites": [
        {
          "uuid": "adee0ae3-21f5-4e81-ab0c-2561ffa250f1",
          "title": "Verify HMD elements",
          "fullFile": "",
          "file": "",
          "beforeHooks": [],
          "afterHooks": [],
          "tests": [
            {
              "title": "Checks that pages are loaded successfully from getStarted",
              "fullTitle": "Verify HMD elements Checks that pages are loaded successfully from getStarted",
              "timedOut": null,
              "duration": 38956,
              "state": "passed",
              "speed": "slow",
              "pass": true,
              "fail": false,
              "pending": false,
              "context": null,
              "code": "cy.clickHeaderElements(_guidelines.default.getSubElements(key), _guidelines_selectors.default[key].links, _guidelines.default, 0, key);",
              "err": {},
              "uuid": "84e6cf9d-7a80-448e-b4e3-a229d718733b",
              "parentUUID": "adee0ae3-21f5-4e81-ab0c-2561ffa250f1",
              "isHook": false,
              "skipped": false
            },
            {
              "title": "Checks that pages are loaded successfully from CallsContactsMessages",
              "fullTitle": "Verify HMD elements Checks that pages are loaded successfully from CallsContactsMessages",
              "timedOut": null,
              "duration": 14196,
              "state": "passed",
              "speed": "slow",
              "pass": true,
              "fail": false,
              "pending": false,
              "context": null,
              "code": "cy.clickHeaderElements(_guidelines.default.getSubElements(key), _guidelines_selectors.default[key].links, _guidelines.default, 0, key);",
              "err": {},
              "uuid": "a67d84ec-09e4-4a93-bc1c-9f295b1fdf37",
              "parentUUID": "adee0ae3-21f5-4e81-ab0c-2561ffa250f1",
              "isHook": false,
              "skipped": false
            },
            {
              "title": "Checks that pages are loaded successfully from PersonalizeYourPhone",
              "fullTitle": "Verify HMD elements Checks that pages are loaded successfully from PersonalizeYourPhone",
              "timedOut": null,
              "duration": 31060,
              "state": "passed",
              "speed": "slow",
              "pass": true,
              "fail": false,
              "pending": false,
              "context": null,
              "code": "cy.clickHeaderElements(_guidelines.default.getSubElements(key), _guidelines_selectors.default[key].links, _guidelines.default, 0, key);",
              "err": {},
              "uuid": "b1b3f792-f456-4fc7-963a-5298dde91787",
              "parentUUID": "adee0ae3-21f5-4e81-ab0c-2561ffa250f1",
              "isHook": false,
              "skipped": false
            },
            {
              "title": "Checks that pages are loaded successfully from Camera",
              "fullTitle": "Verify HMD elements Checks that pages are loaded successfully from Camera",
              "timedOut": null,
              "duration": 8727,
              "state": "passed",
              "speed": "medium",
              "pass": true,
              "fail": false,
              "pending": false,
              "context": null,
              "code": "cy.clickHeaderElements(_guidelines.default.getSubElements(key), _guidelines_selectors.default[key].links, _guidelines.default, 0, key);",
              "err": {},
              "uuid": "02e7c1fe-93b4-4ce2-aaf0-bdf8da7f7eb4",
              "parentUUID": "adee0ae3-21f5-4e81-ab0c-2561ffa250f1",
              "isHook": false,
              "skipped": false
            },
            {
              "title": "Checks that pages are loaded successfully from Bluetooth",
              "fullTitle": "Verify HMD elements Checks that pages are loaded successfully from Bluetooth",
              "timedOut": null,
              "duration": 4863,
              "state": "passed",
              "speed": "fast",
              "pass": true,
              "fail": false,
              "pending": false,
              "context": null,
              "code": "cy.clickHeaderElements(_guidelines.default.getSubElements(key), _guidelines_selectors.default[key].links, _guidelines.default, 0, key);",
              "err": {},
              "uuid": "3d419ad5-7e14-4f3f-98e8-b21b9d638547",
              "parentUUID": "adee0ae3-21f5-4e81-ab0c-2561ffa250f1",
              "isHook": false,
              "skipped": false
            },
            {
              "title": "Checks that pages are loaded successfully from ClockCalendarCalculator",
              "fullTitle": "Verify HMD elements Checks that pages are loaded successfully from ClockCalendarCalculator",
              "timedOut": null,
              "duration": 8035,
              "state": "passed",
              "speed": "medium",
              "pass": true,
              "fail": false,
              "pending": false,
              "context": null,
              "code": "cy.clickHeaderElements(_guidelines.default.getSubElements(key), _guidelines_selectors.default[key].links, _guidelines.default, 0, key);",
              "err": {},
              "uuid": "96c389b2-ac75-4fa1-ad46-cf98a4e80e13",
              "parentUUID": "adee0ae3-21f5-4e81-ab0c-2561ffa250f1",
              "isHook": false,
              "skipped": false
            },
            {
              "title": "Checks that pages are loaded successfully from Music",
              "fullTitle": "Verify HMD elements Checks that pages are loaded successfully from Music",
              "timedOut": null,
              "duration": 6514,
              "state": "passed",
              "speed": "medium",
              "pass": true,
              "fail": false,
              "pending": false,
              "context": null,
              "code": "cy.clickHeaderElements(_guidelines.default.getSubElements(key), _guidelines_selectors.default[key].links, _guidelines.default, 0, key);",
              "err": {},
              "uuid": "e8ccd919-b100-44dd-8f31-a2d79933f0fe",
              "parentUUID": "adee0ae3-21f5-4e81-ab0c-2561ffa250f1",
              "isHook": false,
              "skipped": false
            },
            {
              "title": "Checks that pages are loaded successfully from Empty your phone",
              "fullTitle": "Verify HMD elements Checks that pages are loaded successfully from Empty your phone",
              "timedOut": null,
              "duration": 10878,
              "state": "passed",
              "speed": "slow",
              "pass": true,
              "fail": false,
              "pending": false,
              "context": null,
              "code": "cy.clickHeaderElements(_guidelines.default.getSubElements(key), _guidelines_selectors.default[key].links, _guidelines.default, 0, key);",
              "err": {},
              "uuid": "a6017888-dd7c-48aa-a023-b8fb2d56e7d6",
              "parentUUID": "adee0ae3-21f5-4e81-ab0c-2561ffa250f1",
              "isHook": false,
              "skipped": false
            },
            {
              "title": "Checks that pages are loaded successfully from Product and safety information",
              "fullTitle": "Verify HMD elements Checks that pages are loaded successfully from Product and safety information",
              "timedOut": null,
              "duration": 43091,
              "state": "passed",
              "speed": "slow",
              "pass": true,
              "fail": false,
              "pending": false,
              "context": null,
              "code": "cy.clickHeaderElements(_guidelines.default.getSubElements(key), _guidelines_selectors.default[key].links, _guidelines.default, 0, key);",
              "err": {},
              "uuid": "47fa7964-18d0-45b5-80ce-4e4f1c27afd6",
              "parentUUID": "adee0ae3-21f5-4e81-ab0c-2561ffa250f1",
              "isHook": false,
              "skipped": false
            },
            {
              "title": "Checks that pages are loaded successfully from useful links",
              "fullTitle": "Verify HMD elements Checks that pages are loaded successfully from useful links",
              "timedOut": null,
              "duration": 20877,
              "state": "passed",
              "speed": "slow",
              "pass": true,
              "fail": false,
              "pending": false,
              "context": null,
              "code": "cy.clickHeaderElements(_useful_links.default.getSubElements(), _useful_links_selectors.default.links, null, 1, null);",
              "err": {},
              "uuid": "69c0944f-8429-4037-b077-7d1fae329fbc",
              "parentUUID": "adee0ae3-21f5-4e81-ab0c-2561ffa250f1",
              "isHook": false,
              "skipped": false
            }
          ],
          "suites": [],
          "passes": [
            "84e6cf9d-7a80-448e-b4e3-a229d718733b",
            "a67d84ec-09e4-4a93-bc1c-9f295b1fdf37",
            "b1b3f792-f456-4fc7-963a-5298dde91787",
            "02e7c1fe-93b4-4ce2-aaf0-bdf8da7f7eb4",
            "3d419ad5-7e14-4f3f-98e8-b21b9d638547",
            "96c389b2-ac75-4fa1-ad46-cf98a4e80e13",
            "e8ccd919-b100-44dd-8f31-a2d79933f0fe",
            "a6017888-dd7c-48aa-a023-b8fb2d56e7d6",
            "47fa7964-18d0-45b5-80ce-4e4f1c27afd6",
            "69c0944f-8429-4037-b077-7d1fae329fbc"
          ],
          "failures": [],
          "pending": [],
          "skipped": [],
          "duration": 187197,
          "root": false,
          "rootEmpty": false,
          "_timeout": 2000
        }
      ],
      "passes": [],
      "failures": [],
      "pending": [],
      "skipped": [],
      "duration": 0,
      "root": true,
      "rootEmpty": true,
      "_timeout": 2000
    }
  ],
  "meta": {
    "mocha": {
      "version": "7.2.0"
    },
    "mochawesome": {
      "options": {
        "quiet": false,
        "reportFilename": "mochawesome",
        "saveHtml": true,
        "saveJson": true,
        "consoleReporter": "spec",
        "useInlineDiffs": false,
        "code": true
      },
      "version": "7.1.3"
    },
    "marge": {
      "options": {
        "reportDir": "cypress/reports",
        "overwrite": false,
        "html": true,
        "json": true,
        "charts": true
      },
      "version": "6.2.0"
    }
  }
}