<?xml version="1.0" encoding="UTF-8"?>
<robot generator="Robot 7.3.2 (Python 3.13.5 on win32)" generated="2025-08-20T09:43:08.087509" rpa="false" schemaversion="5">
<suite id="s1" name="Stages Test" source="C:\Users\raghad.jamhour\Desktop\Exalt\Training\Exalt-QA-Training-2025-raghad-jamhour\Assignment-10\Shipping Tracking System\tests\stages\stages_test.robot">
<test id="s1-t1" name="Validate Shipment Stages" line="13">
<kw name="Open Browser And Login" owner="setup_teardown_keywords" type="SETUP">
<kw name="Open Web Browser" owner="utils_keywords">
<kw name="Open Browser" owner="SeleniumLibrary">
<msg time="2025-08-20T09:43:08.865905" level="INFO">Opening browser 'chrome' to base url 'http://localhost:3000'.</msg>
<arg>${BASE_URL}</arg>
<arg>chrome</arg>
<arg>options=add_experimental_option("excludeSwitches", ["enable-automation","disable-popup-blocking"])</arg>
<doc>Opens a new browser instance to the optional ``url``.</doc>
<status status="PASS" start="2025-08-20T09:43:08.865658" elapsed="1.481141"/>
</kw>
<status status="PASS" start="2025-08-20T09:43:08.864937" elapsed="1.482173"/>
</kw>
<kw name="Add Order" owner="stage_keywords">
<kw name="Set Variable" owner="BuiltIn">
<msg time="2025-08-20T09:43:10.348720" level="INFO">${success} = False</msg>
<var>${success}</var>
<arg>${False}</arg>
<doc>Returns the given values which can then be assigned to a variables.</doc>
<status status="PASS" start="2025-08-20T09:43:10.348260" elapsed="0.000540"/>
</kw>
<for flavor="IN RANGE">
<iter>
<kw name="Random Integer" owner="utils_keywords">
<kw name="Evaluate" owner="BuiltIn">
<msg time="2025-08-20T09:43:10.350658" level="INFO">${num} = 9749</msg>
<var>${num}</var>
<arg>random.randint(1000,9999)</arg>
<arg>modules=random</arg>
<doc>Evaluates the given expression in Python and returns the result.</doc>
<status status="PASS" start="2025-08-20T09:43:10.350237" elapsed="0.000471"/>
</kw>
<return>
<value>${num}</value>
<status status="PASS" start="2025-08-20T09:43:10.350809" elapsed="0.000164"/>
</return>
<msg time="2025-08-20T09:43:10.351439" level="INFO">${trackingId} = 9749</msg>
<var>${trackingId}</var>
<status status="PASS" start="2025-08-20T09:43:10.349850" elapsed="0.001708"/>
</kw>
<kw name="Convert To String" owner="BuiltIn">
<msg time="2025-08-20T09:43:10.352449" level="INFO">${trackingId} = 9749</msg>
<var>${trackingId}</var>
<arg>${trackingId}</arg>
<doc>Converts the given item to a Unicode string.</doc>
<status status="PASS" start="2025-08-20T09:43:10.351900" elapsed="0.000625"/>
</kw>
<kw name="Create Dictionary" owner="BuiltIn">
<msg time="2025-08-20T09:43:10.353801" level="INFO">${json} = {'trackingId': '9749', 'password': '9749'}</msg>
<var>${json}</var>
<arg>${KEY_TRACKING_ID}=${trackingId}</arg>
<arg>${KEY_PASSWORD}=${trackingId}</arg>
<doc>Creates and returns a dictionary based on the given ``items``.</doc>
<status status="PASS" start="2025-08-20T09:43:10.352889" elapsed="0.000986"/>
</kw>
<kw name="POST" owner="RequestsLibrary">
<msg time="2025-08-20T09:43:10.362327" level="INFO">POST Request : url=http://localhost:3000/addOrder 
 path_url=/addOrder 
 headers={'User-Agent': 'python-requests/2.32.4', 'Accept-Encoding': 'gzip, deflate', 'Accept': '*/*', 'Connection': 'keep-alive', 'Content-Length': '42', 'Content-Type': 'application/json'} 
 body=b'{"trackingId": "9749", "password": "9749"}' 
 </msg>
<msg time="2025-08-20T09:43:10.362527" level="INFO">POST Response : url=http://localhost:3000/addOrder 
 status=201, reason=Created 
 headers={'X-Powered-By': 'Express', 'Content-Type': 'application/json; charset=utf-8', 'Content-Length': '406', 'ETag': 'W/"196-xtZOhOnEN8Q3rcKxZP1xUr6ooDo"', 'Date': 'Wed, 20 Aug 2025 06:43:10 GMT', 'Connection': 'keep-alive', 'Keep-Alive': 'timeout=5'} 
 body={"success":true,"stages":[{"name":"Order Received","status":"pending","cause":""},{"name":"Order Shipped","status":"pending","cause":""},{"name":"Order Received to Destination Country","status":"pending","cause":""},{"name":"Order Clearance Completed","status":"pending","cause":""},{"name":"Order in Delivery Stage","status":"pending","cause":""},{"name":"Order Delivered","status":"pending","cause":""}]} 
 </msg>
<msg time="2025-08-20T09:43:10.362775" level="INFO">${resp} = &lt;Response [201]&gt;</msg>
<var>${resp}</var>
<arg>${BASE_URL}${ADD_ORDER}</arg>
<arg>json=${json}</arg>
<doc>Sends a POST request.</doc>
<status status="PASS" start="2025-08-20T09:43:10.354191" elapsed="0.008647"/>
</kw>
<if>
<branch type="IF" condition="'${resp.status_code}' == '201'">
<kw name="Set Variable" owner="BuiltIn">
<msg time="2025-08-20T09:43:10.365290" level="INFO">${success} = True</msg>
<var>${success}</var>
<arg>${True}</arg>
<doc>Returns the given values which can then be assigned to a variables.</doc>
<status status="PASS" start="2025-08-20T09:43:10.364893" elapsed="0.000463"/>
</kw>
<kw name="Exit For Loop" owner="BuiltIn">
<msg time="2025-08-20T09:43:10.365856" level="INFO">Exiting for loop altogether.</msg>
<doc>Stops executing the enclosing FOR loop.</doc>
<status status="PASS" start="2025-08-20T09:43:10.365668" elapsed="0.000364"/>
</kw>
<status status="PASS" start="2025-08-20T09:43:10.363080" elapsed="0.003070"/>
</branch>
<status status="PASS" start="2025-08-20T09:43:10.363027" elapsed="0.003233"/>
</if>
<var name="${i}">0</var>
<status status="PASS" start="2025-08-20T09:43:10.349462" elapsed="0.016871"/>
</iter>
<var>${i}</var>
<value>1000</value>
<status status="PASS" start="2025-08-20T09:43:10.348998" elapsed="0.017446"/>
</for>
<if>
<branch type="IF" condition="'${success}'=='False'">
<kw name="Fail" owner="BuiltIn">
<arg>Could not add order after 1000 attempts</arg>
<doc>Fails the test with the given message and optionally alters its tags.</doc>
<status status="NOT RUN" start="2025-08-20T09:43:10.366988" elapsed="0.000061"/>
</kw>
<status status="NOT RUN" start="2025-08-20T09:43:10.366622" elapsed="0.000507"/>
</branch>
<status status="PASS" start="2025-08-20T09:43:10.366584" elapsed="0.000613"/>
</if>
<return>
<value>${trackingId}</value>
<status status="PASS" start="2025-08-20T09:43:10.367280" elapsed="0.000066"/>
</return>
<msg time="2025-08-20T09:43:10.367639" level="INFO">${TRACKING_ID} = 9749</msg>
<var>${TRACKING_ID}</var>
<status status="PASS" start="2025-08-20T09:43:10.347655" elapsed="0.020048"/>
</kw>
<kw name="Login With Credentials" owner="login_keywords">
<kw name="Input Text" owner="SeleniumLibrary">
<msg time="2025-08-20T09:43:10.369626" level="INFO">Typing text '9749' into text field 'id=trackingId'.</msg>
<arg>${LOGIN_ID_FIELD}</arg>
<arg>${id}</arg>
<doc>Types the given ``text`` into the text field identified by ``locator``.</doc>
<status status="PASS" start="2025-08-20T09:43:10.368871" elapsed="0.113584"/>
</kw>
<kw name="Input Text" owner="SeleniumLibrary">
<msg time="2025-08-20T09:43:10.482977" level="INFO">Typing text '9749' into text field 'id=password'.</msg>
<arg>${LOGIN_PASS_FIELD}</arg>
<arg>${password}</arg>
<doc>Types the given ``text`` into the text field identified by ``locator``.</doc>
<status status="PASS" start="2025-08-20T09:43:10.482671" elapsed="0.093033"/>
</kw>
<kw name="Click Button" owner="SeleniumLibrary">
<msg time="2025-08-20T09:43:10.576532" level="INFO">Clicking button 'xpath=//button[text()='Track']'.</msg>
<arg>${TRACK_BUTTON}</arg>
<doc>Clicks the button identified by ``locator``.</doc>
<status status="PASS" start="2025-08-20T09:43:10.576060" elapsed="0.074441"/>
</kw>
<arg>${TRACKING_ID}</arg>
<arg>${TRACKING_ID}</arg>
<status status="PASS" start="2025-08-20T09:43:10.368056" elapsed="0.282576"/>
</kw>
<kw name="Set Global Variable" owner="BuiltIn">
<msg time="2025-08-20T09:43:10.651182" level="INFO">${TRACKING_ID} = 9749</msg>
<arg>${TRACKING_ID}</arg>
<doc>Makes a variable available globally in all tests and suites.</doc>
<status status="PASS" start="2025-08-20T09:43:10.650923" elapsed="0.000350"/>
</kw>
<status status="PASS" start="2025-08-20T09:43:08.864641" elapsed="1.786952"/>
</kw>
<kw name="Get WebElements" owner="SeleniumLibrary">
<msg time="2025-08-20T09:43:10.663308" level="INFO">@{stages} = [ &lt;selenium.webdriver.remote.webelement.WebElement (session="1ab73a6ea17aaebe3a02791a36a0594b", element="f.75937832DFBB31213AE574330BD0461E.d.CAB6BC12DCE385EAC8A78AEF5A905362.e.11")&gt; | &lt;selenium.webdr...</msg>
<var>@{stages}</var>
<arg>${STAGES}</arg>
<doc>Returns a list of WebElement objects matching the ``locator``.</doc>
<status status="PASS" start="2025-08-20T09:43:10.652359" elapsed="0.011168"/>
</kw>
<kw name="Set Variable" owner="BuiltIn">
<msg time="2025-08-20T09:43:10.663998" level="INFO">${i} = 0</msg>
<var>${i}</var>
<arg>0</arg>
<doc>Returns the given values which can then be assigned to a variables.</doc>
<status status="PASS" start="2025-08-20T09:43:10.663824" elapsed="0.000203"/>
</kw>
<for flavor="IN">
<iter>
<kw name="Get Text" owner="SeleniumLibrary">
<msg time="2025-08-20T09:43:10.692139" level="INFO">${text} = Stage 1: Order Received</msg>
<var>${text}</var>
<arg>${stage}</arg>
<doc>Returns the text value of the element identified by ``locator``.</doc>
<status status="PASS" start="2025-08-20T09:43:10.664486" elapsed="0.027705"/>
</kw>
<kw name="Get From List" owner="Collections">
<msg time="2025-08-20T09:43:10.692616" level="INFO">${expected} = Stage 1: Order Received</msg>
<var>${expected}</var>
<arg>${EXPECTED_STAGES}</arg>
<arg>${i}</arg>
<doc>Returns the value specified with an ``index`` from ``list``.</doc>
<status status="PASS" start="2025-08-20T09:43:10.692380" elapsed="0.000271"/>
</kw>
<kw name="Should Be Equal" owner="BuiltIn">
<arg>${text}</arg>
<arg>${expected}</arg>
<doc>Fails if the given objects are unequal.</doc>
<status status="PASS" start="2025-08-20T09:43:10.692809" elapsed="0.000200"/>
</kw>
<kw name="Evaluate" owner="BuiltIn">
<msg time="2025-08-20T09:43:10.693327" level="INFO">${i} = 1</msg>
<var>${i}</var>
<arg>${i}+1</arg>
<doc>Evaluates the given expression in Python and returns the result.</doc>
<status status="PASS" start="2025-08-20T09:43:10.693129" elapsed="0.000228"/>
</kw>
<var name="${stage}">&lt;selenium.webdriver.remote.webelement.WebElement (session="1ab73a6ea17aaebe3a02791a36a0594b", element="f.75937832DFBB31213AE574330BD0461E.d.CAB6BC12DCE385EAC8A78AEF5A905362.e.11")&gt;</var>
<status status="PASS" start="2025-08-20T09:43:10.664375" elapsed="0.029033"/>
</iter>
<iter>
<kw name="Get Text" owner="SeleniumLibrary">
<msg time="2025-08-20T09:43:10.700847" level="INFO">${text} = Stage 2: Order Shipped</msg>
<var>${text}</var>
<arg>${stage}</arg>
<doc>Returns the text value of the element identified by ``locator``.</doc>
<status status="PASS" start="2025-08-20T09:43:10.693651" elapsed="0.007253"/>
</kw>
<kw name="Get From List" owner="Collections">
<msg time="2025-08-20T09:43:10.701583" level="INFO">${expected} = Stage 2: Order Shipped</msg>
<var>${expected}</var>
<arg>${EXPECTED_STAGES}</arg>
<arg>${i}</arg>
<doc>Returns the value specified with an ``index`` from ``list``.</doc>
<status status="PASS" start="2025-08-20T09:43:10.701082" elapsed="0.000588"/>
</kw>
<kw name="Should Be Equal" owner="BuiltIn">
<arg>${text}</arg>
<arg>${expected}</arg>
<doc>Fails if the given objects are unequal.</doc>
<status status="PASS" start="2025-08-20T09:43:10.702067" elapsed="0.000465"/>
</kw>
<kw name="Evaluate" owner="BuiltIn">
<msg time="2025-08-20T09:43:10.703285" level="INFO">${i} = 2</msg>
<var>${i}</var>
<arg>${i}+1</arg>
<doc>Evaluates the given expression in Python and returns the result.</doc>
<status status="PASS" start="2025-08-20T09:43:10.702856" elapsed="0.000490"/>
</kw>
<var name="${stage}">&lt;selenium.webdriver.remote.webelement.WebElement (session="1ab73a6ea17aaebe3a02791a36a0594b", element="f.75937832DFBB31213AE574330BD0461E.d.CAB6BC12DCE385EAC8A78AEF5A905362.e.12")&gt;</var>
<status status="PASS" start="2025-08-20T09:43:10.693549" elapsed="0.009899"/>
</iter>
<iter>
<kw name="Get Text" owner="SeleniumLibrary">
<msg time="2025-08-20T09:43:10.712140" level="INFO">${text} = Stage 3: Order Received to Destination Country</msg>
<var>${text}</var>
<arg>${stage}</arg>
<doc>Returns the text value of the element identified by ``locator``.</doc>
<status status="PASS" start="2025-08-20T09:43:10.703949" elapsed="0.008240"/>
</kw>
<kw name="Get From List" owner="Collections">
<msg time="2025-08-20T09:43:10.712624" level="INFO">${expected} = Stage 3: Order Received to Destination Country</msg>
<var>${expected}</var>
<arg>${EXPECTED_STAGES}</arg>
<arg>${i}</arg>
<doc>Returns the value specified with an ``index`` from ``list``.</doc>
<status status="PASS" start="2025-08-20T09:43:10.712386" elapsed="0.000273"/>
</kw>
<kw name="Should Be Equal" owner="BuiltIn">
<arg>${text}</arg>
<arg>${expected}</arg>
<doc>Fails if the given objects are unequal.</doc>
<status status="PASS" start="2025-08-20T09:43:10.712793" elapsed="0.000194"/>
</kw>
<kw name="Evaluate" owner="BuiltIn">
<msg time="2025-08-20T09:43:10.713343" level="INFO">${i} = 3</msg>
<var>${i}</var>
<arg>${i}+1</arg>
<doc>Evaluates the given expression in Python and returns the result.</doc>
<status status="PASS" start="2025-08-20T09:43:10.713112" elapsed="0.000261"/>
</kw>
<var name="${stage}">&lt;selenium.webdriver.remote.webelement.WebElement (session="1ab73a6ea17aaebe3a02791a36a0594b", element="f.75937832DFBB31213AE574330BD0461E.d.CAB6BC12DCE385EAC8A78AEF5A905362.e.13")&gt;</var>
<status status="PASS" start="2025-08-20T09:43:10.703721" elapsed="0.009702"/>
</iter>
<iter>
<kw name="Get Text" owner="SeleniumLibrary">
<msg time="2025-08-20T09:43:10.722439" level="INFO">${text} = Stage 4: Order Clearance Completed</msg>
<var>${text}</var>
<arg>${stage}</arg>
<doc>Returns the text value of the element identified by ``locator``.</doc>
<status status="PASS" start="2025-08-20T09:43:10.713661" elapsed="0.008835"/>
</kw>
<kw name="Get From List" owner="Collections">
<msg time="2025-08-20T09:43:10.722939" level="INFO">${expected} = Stage 4: Order Clearance Completed</msg>
<var>${expected}</var>
<arg>${EXPECTED_STAGES}</arg>
<arg>${i}</arg>
<doc>Returns the value specified with an ``index`` from ``list``.</doc>
<status status="PASS" start="2025-08-20T09:43:10.722693" elapsed="0.000281"/>
</kw>
<kw name="Should Be Equal" owner="BuiltIn">
<arg>${text}</arg>
<arg>${expected}</arg>
<doc>Fails if the given objects are unequal.</doc>
<status status="PASS" start="2025-08-20T09:43:10.723123" elapsed="0.000193"/>
</kw>
<kw name="Evaluate" owner="BuiltIn">
<msg time="2025-08-20T09:43:10.723677" level="INFO">${i} = 4</msg>
<var>${i}</var>
<arg>${i}+1</arg>
<doc>Evaluates the given expression in Python and returns the result.</doc>
<status status="PASS" start="2025-08-20T09:43:10.723450" elapsed="0.000260"/>
</kw>
<var name="${stage}">&lt;selenium.webdriver.remote.webelement.WebElement (session="1ab73a6ea17aaebe3a02791a36a0594b", element="f.75937832DFBB31213AE574330BD0461E.d.CAB6BC12DCE385EAC8A78AEF5A905362.e.14")&gt;</var>
<status status="PASS" start="2025-08-20T09:43:10.713557" elapsed="0.010208"/>
</iter>
<iter>
<kw name="Get Text" owner="SeleniumLibrary">
<msg time="2025-08-20T09:43:10.730710" level="INFO">${text} = Stage 5: Order in Delivery Stage</msg>
<var>${text}</var>
<arg>${stage}</arg>
<doc>Returns the text value of the element identified by ``locator``.</doc>
<status status="PASS" start="2025-08-20T09:43:10.724020" elapsed="0.006734"/>
</kw>
<kw name="Get From List" owner="Collections">
<msg time="2025-08-20T09:43:10.731215" level="INFO">${expected} = Stage 5: Order in Delivery Stage</msg>
<var>${expected}</var>
<arg>${EXPECTED_STAGES}</arg>
<arg>${i}</arg>
<doc>Returns the value specified with an ``index`` from ``list``.</doc>
<status status="PASS" start="2025-08-20T09:43:10.730921" elapsed="0.000332"/>
</kw>
<kw name="Should Be Equal" owner="BuiltIn">
<arg>${text}</arg>
<arg>${expected}</arg>
<doc>Fails if the given objects are unequal.</doc>
<status status="PASS" start="2025-08-20T09:43:10.731415" elapsed="0.000229"/>
</kw>
<kw name="Evaluate" owner="BuiltIn">
<msg time="2025-08-20T09:43:10.732138" level="INFO">${i} = 5</msg>
<var>${i}</var>
<arg>${i}+1</arg>
<doc>Evaluates the given expression in Python and returns the result.</doc>
<status status="PASS" start="2025-08-20T09:43:10.731816" elapsed="0.000362"/>
</kw>
<var name="${stage}">&lt;selenium.webdriver.remote.webelement.WebElement (session="1ab73a6ea17aaebe3a02791a36a0594b", element="f.75937832DFBB31213AE574330BD0461E.d.CAB6BC12DCE385EAC8A78AEF5A905362.e.15")&gt;</var>
<status status="PASS" start="2025-08-20T09:43:10.723911" elapsed="0.008466"/>
</iter>
<iter>
<kw name="Get Text" owner="SeleniumLibrary">
<msg time="2025-08-20T09:43:10.741727" level="INFO">${text} = Stage 6: Order Delivered</msg>
<var>${text}</var>
<arg>${stage}</arg>
<doc>Returns the text value of the element identified by ``locator``.</doc>
<status status="PASS" start="2025-08-20T09:43:10.732750" elapsed="0.009024"/>
</kw>
<kw name="Get From List" owner="Collections">
<msg time="2025-08-20T09:43:10.742164" level="INFO">${expected} = Stage 6: Order Delivered</msg>
<var>${expected}</var>
<arg>${EXPECTED_STAGES}</arg>
<arg>${i}</arg>
<doc>Returns the value specified with an ``index`` from ``list``.</doc>
<status status="PASS" start="2025-08-20T09:43:10.741952" elapsed="0.000243"/>
</kw>
<kw name="Should Be Equal" owner="BuiltIn">
<arg>${text}</arg>
<arg>${expected}</arg>
<doc>Fails if the given objects are unequal.</doc>
<status status="PASS" start="2025-08-20T09:43:10.742321" elapsed="0.000184"/>
</kw>
<kw name="Evaluate" owner="BuiltIn">
<msg time="2025-08-20T09:43:10.742837" level="INFO">${i} = 6</msg>
<var>${i}</var>
<arg>${i}+1</arg>
<doc>Evaluates the given expression in Python and returns the result.</doc>
<status status="PASS" start="2025-08-20T09:43:10.742618" elapsed="0.000248"/>
</kw>
<var name="${stage}">&lt;selenium.webdriver.remote.webelement.WebElement (session="1ab73a6ea17aaebe3a02791a36a0594b", element="f.75937832DFBB31213AE574330BD0461E.d.CAB6BC12DCE385EAC8A78AEF5A905362.e.16")&gt;</var>
<status status="PASS" start="2025-08-20T09:43:10.732562" elapsed="0.010353"/>
</iter>
<var>${stage}</var>
<value>@{stages}</value>
<status status="PASS" start="2025-08-20T09:43:10.664175" elapsed="0.078795"/>
</for>
<kw name="Delete Order" owner="stage_keywords" type="TEARDOWN">
<kw name="Create Dictionary" owner="BuiltIn">
<msg time="2025-08-20T09:43:10.743955" level="INFO">${json} = {'trackingId': '9749', 'password': '9749'}</msg>
<var>${json}</var>
<arg>${KEY_TRACKING_ID}=${TRACKING_ID}</arg>
<arg>${KEY_PASSWORD}=${TRACKING_ID}</arg>
<doc>Creates and returns a dictionary based on the given ``items``.</doc>
<status status="PASS" start="2025-08-20T09:43:10.743660" elapsed="0.000329"/>
</kw>
<kw name="DELETE" owner="RequestsLibrary">
<msg time="2025-08-20T09:43:10.747297" level="INFO">DELETE Request : url=http://localhost:3000/deleteOrder 
 path_url=/deleteOrder 
 headers={'User-Agent': 'python-requests/2.32.4', 'Accept-Encoding': 'gzip, deflate', 'Accept': '*/*', 'Connection': 'keep-alive', 'Content-Length': '42', 'Content-Type': 'application/json'} 
 body=b'{"trackingId": "9749", "password": "9749"}' 
 </msg>
<msg time="2025-08-20T09:43:10.747373" level="INFO">DELETE Response : url=http://localhost:3000/deleteOrder 
 status=200, reason=OK 
 headers={'X-Powered-By': 'Express', 'Content-Type': 'application/json; charset=utf-8', 'Content-Length': '42', 'ETag': 'W/"2a-73HTL89b4tbDT7yR3vJfTGBT34w"', 'Date': 'Wed, 20 Aug 2025 06:43:10 GMT', 'Connection': 'keep-alive', 'Keep-Alive': 'timeout=5'} 
 body={"success":true,"message":"Order deleted"} 
 </msg>
<arg>${BASE_URL}${DELETE_ORDER}</arg>
<arg>json=${json}</arg>
<arg>expected_status=200</arg>
<doc>Sends a DELETE request.</doc>
<status status="PASS" start="2025-08-20T09:43:10.744106" elapsed="0.003338"/>
</kw>
<kw name="Close Browser" owner="SeleniumLibrary">
<doc>Closes the current browser.</doc>
<status status="PASS" start="2025-08-20T09:43:10.747609" elapsed="2.268309"/>
</kw>
<status status="PASS" start="2025-08-20T09:43:10.743377" elapsed="2.272846"/>
</kw>
<status status="PASS" start="2025-08-20T09:43:08.863729" elapsed="4.158779"/>
</test>
<test id="s1-t2" name="Text Field and Submit Button Are Invisible" line="23">
<kw name="Open Browser And Login" owner="setup_teardown_keywords" type="SETUP">
<kw name="Open Web Browser" owner="utils_keywords">
<kw name="Open Browser" owner="SeleniumLibrary">
<msg time="2025-08-20T09:43:13.029059" level="INFO">Opening browser 'chrome' to base url 'http://localhost:3000'.</msg>
<arg>${BASE_URL}</arg>
<arg>chrome</arg>
<arg>options=add_experimental_option("excludeSwitches", ["enable-automation","disable-popup-blocking"])</arg>
<doc>Opens a new browser instance to the optional ``url``.</doc>
<status status="PASS" start="2025-08-20T09:43:13.027698" elapsed="1.551072"/>
</kw>
<status status="PASS" start="2025-08-20T09:43:13.027182" elapsed="1.551818"/>
</kw>
<kw name="Add Order" owner="stage_keywords">
<kw name="Set Variable" owner="BuiltIn">
<msg time="2025-08-20T09:43:14.580693" level="INFO">${success} = False</msg>
<var>${success}</var>
<arg>${False}</arg>
<doc>Returns the given values which can then be assigned to a variables.</doc>
<status status="PASS" start="2025-08-20T09:43:14.580289" elapsed="0.000468"/>
</kw>
<for flavor="IN RANGE">
<iter>
<kw name="Random Integer" owner="utils_keywords">
<kw name="Evaluate" owner="BuiltIn">
<msg time="2025-08-20T09:43:14.582921" level="INFO">${num} = 1540</msg>
<var>${num}</var>
<arg>random.randint(1000,9999)</arg>
<arg>modules=random</arg>
<doc>Evaluates the given expression in Python and returns the result.</doc>
<status status="PASS" start="2025-08-20T09:43:14.582388" elapsed="0.000601"/>
</kw>
<return>
<value>${num}</value>
<status status="PASS" start="2025-08-20T09:43:14.583143" elapsed="0.000085"/>
</return>
<msg time="2025-08-20T09:43:14.583539" level="INFO">${trackingId} = 1540</msg>
<var>${trackingId}</var>
<status status="PASS" start="2025-08-20T09:43:14.581864" elapsed="0.001737"/>
</kw>
<kw name="Convert To String" owner="BuiltIn">
<msg time="2025-08-20T09:43:14.584244" level="INFO">${trackingId} = 1540</msg>
<var>${trackingId}</var>
<arg>${trackingId}</arg>
<doc>Converts the given item to a Unicode string.</doc>
<status status="PASS" start="2025-08-20T09:43:14.583867" elapsed="0.000437"/>
</kw>
<kw name="Create Dictionary" owner="BuiltIn">
<msg time="2025-08-20T09:43:14.585931" level="INFO">${json} = {'trackingId': '1540', 'password': '1540'}</msg>
<var>${json}</var>
<arg>${KEY_TRACKING_ID}=${trackingId}</arg>
<arg>${KEY_PASSWORD}=${trackingId}</arg>
<doc>Creates and returns a dictionary based on the given ``items``.</doc>
<status status="PASS" start="2025-08-20T09:43:14.584960" elapsed="0.001079"/>
</kw>
<kw name="POST" owner="RequestsLibrary">
<msg time="2025-08-20T09:43:14.591802" level="INFO">POST Request : url=http://localhost:3000/addOrder 
 path_url=/addOrder 
 headers={'User-Agent': 'python-requests/2.32.4', 'Accept-Encoding': 'gzip, deflate', 'Accept': '*/*', 'Connection': 'keep-alive', 'Content-Length': '42', 'Content-Type': 'application/json'} 
 body=b'{"trackingId": "1540", "password": "1540"}' 
 </msg>
<msg time="2025-08-20T09:43:14.592081" level="INFO">POST Response : url=http://localhost:3000/addOrder 
 status=201, reason=Created 
 headers={'X-Powered-By': 'Express', 'Content-Type': 'application/json; charset=utf-8', 'Content-Length': '406', 'ETag': 'W/"196-xtZOhOnEN8Q3rcKxZP1xUr6ooDo"', 'Date': 'Wed, 20 Aug 2025 06:43:14 GMT', 'Connection': 'keep-alive', 'Keep-Alive': 'timeout=5'} 
 body={"success":true,"stages":[{"name":"Order Received","status":"pending","cause":""},{"name":"Order Shipped","status":"pending","cause":""},{"name":"Order Received to Destination Country","status":"pending","cause":""},{"name":"Order Clearance Completed","status":"pending","cause":""},{"name":"Order in Delivery Stage","status":"pending","cause":""},{"name":"Order Delivered","status":"pending","cause":""}]} 
 </msg>
<msg time="2025-08-20T09:43:14.592734" level="INFO">${resp} = &lt;Response [201]&gt;</msg>
<var>${resp}</var>
<arg>${BASE_URL}${ADD_ORDER}</arg>
<arg>json=${json}</arg>
<doc>Sends a POST request.</doc>
<status status="PASS" start="2025-08-20T09:43:14.586472" elapsed="0.006359"/>
</kw>
<if>
<branch type="IF" condition="'${resp.status_code}' == '201'">
<kw name="Set Variable" owner="BuiltIn">
<msg time="2025-08-20T09:43:14.594795" level="INFO">${success} = True</msg>
<var>${success}</var>
<arg>${True}</arg>
<doc>Returns the given values which can then be assigned to a variables.</doc>
<status status="PASS" start="2025-08-20T09:43:14.594293" elapsed="0.000578"/>
</kw>
<kw name="Exit For Loop" owner="BuiltIn">
<msg time="2025-08-20T09:43:14.595484" level="INFO">Exiting for loop altogether.</msg>
<doc>Stops executing the enclosing FOR loop.</doc>
<status status="PASS" start="2025-08-20T09:43:14.595226" elapsed="0.000434"/>
</kw>
<status status="PASS" start="2025-08-20T09:43:14.593128" elapsed="0.002671"/>
</branch>
<status status="PASS" start="2025-08-20T09:43:14.593076" elapsed="0.002831"/>
</if>
<var name="${i}">0</var>
<status status="PASS" start="2025-08-20T09:43:14.581489" elapsed="0.014497"/>
</iter>
<var>${i}</var>
<value>1000</value>
<status status="PASS" start="2025-08-20T09:43:14.580910" elapsed="0.015201"/>
</for>
<if>
<branch type="IF" condition="'${success}'=='False'">
<kw name="Fail" owner="BuiltIn">
<arg>Could not add order after 1000 attempts</arg>
<doc>Fails the test with the given message and optionally alters its tags.</doc>
<status status="NOT RUN" start="2025-08-20T09:43:14.596829" elapsed="0.000094"/>
</kw>
<status status="NOT RUN" start="2025-08-20T09:43:14.596332" elapsed="0.000714"/>
</branch>
<status status="PASS" start="2025-08-20T09:43:14.596279" elapsed="0.000902"/>
</if>
<return>
<value>${trackingId}</value>
<status status="PASS" start="2025-08-20T09:43:14.597306" elapsed="0.000092"/>
</return>
<msg time="2025-08-20T09:43:14.597777" level="INFO">${TRACKING_ID} = 1540</msg>
<var>${TRACKING_ID}</var>
<status status="PASS" start="2025-08-20T09:43:14.579680" elapsed="0.018160"/>
</kw>
<kw name="Login With Credentials" owner="login_keywords">
<kw name="Input Text" owner="SeleniumLibrary">
<msg time="2025-08-20T09:43:14.598984" level="INFO">Typing text '1540' into text field 'id=trackingId'.</msg>
<arg>${LOGIN_ID_FIELD}</arg>
<arg>${id}</arg>
<doc>Types the given ``text`` into the text field identified by ``locator``.</doc>
<status status="PASS" start="2025-08-20T09:43:14.598699" elapsed="0.101804"/>
</kw>
<kw name="Input Text" owner="SeleniumLibrary">
<msg time="2025-08-20T09:43:14.700932" level="INFO">Typing text '1540' into text field 'id=password'.</msg>
<arg>${LOGIN_PASS_FIELD}</arg>
<arg>${password}</arg>
<doc>Types the given ``text`` into the text field identified by ``locator``.</doc>
<status status="PASS" start="2025-08-20T09:43:14.700685" elapsed="0.097156"/>
</kw>
<kw name="Click Button" owner="SeleniumLibrary">
<msg time="2025-08-20T09:43:14.798583" level="INFO">Clicking button 'xpath=//button[text()='Track']'.</msg>
<arg>${TRACK_BUTTON}</arg>
<doc>Clicks the button identified by ``locator``.</doc>
<status status="PASS" start="2025-08-20T09:43:14.798213" elapsed="0.071015"/>
</kw>
<arg>${TRACKING_ID}</arg>
<arg>${TRACKING_ID}</arg>
<status status="PASS" start="2025-08-20T09:43:14.598217" elapsed="0.271369"/>
</kw>
<kw name="Set Global Variable" owner="BuiltIn">
<msg time="2025-08-20T09:43:14.870449" level="INFO">${TRACKING_ID} = 1540</msg>
<arg>${TRACKING_ID}</arg>
<doc>Makes a variable available globally in all tests and suites.</doc>
<status status="PASS" start="2025-08-20T09:43:14.869941" elapsed="0.000597"/>
</kw>
<status status="PASS" start="2025-08-20T09:43:13.026639" elapsed="1.844023"/>
</kw>
<kw name="Element Should Not Be Visible" owner="SeleniumLibrary">
<msg time="2025-08-20T09:43:14.899599" level="INFO">Element 'xpath=//input[@placeholder='Reason for rejection']' exists but is not displayed.</msg>
<arg>${REJECTION_REASON}</arg>
<doc>Verifies that the element identified by ``locator`` is NOT visible.</doc>
<status status="PASS" start="2025-08-20T09:43:14.871072" elapsed="0.028676"/>
</kw>
<kw name="Element Should Not Be Visible" owner="SeleniumLibrary">
<msg time="2025-08-20T09:43:14.925070" level="INFO">Element 'xpath=//button[text()='Submit']' exists but is not displayed.</msg>
<arg>${SUBMIT_BUTTON}</arg>
<doc>Verifies that the element identified by ``locator`` is NOT visible.</doc>
<status status="PASS" start="2025-08-20T09:43:14.900311" elapsed="0.024907"/>
</kw>
<kw name="Click Button" owner="SeleniumLibrary">
<msg time="2025-08-20T09:43:14.926057" level="INFO">Clicking button 'xpath=//button[(text()='Rejected') and not(@disabled)]'.</msg>
<arg>${ENABLED_REJECT}</arg>
<doc>Clicks the button identified by ``locator``.</doc>
<status status="PASS" start="2025-08-20T09:43:14.925760" elapsed="0.077307"/>
</kw>
<kw name="Element Should Be Visible" owner="SeleniumLibrary">
<msg time="2025-08-20T09:43:15.020539" level="INFO">Element 'xpath=//input[@placeholder='Reason for rejection']' is displayed.</msg>
<arg>${REJECTION_REASON}</arg>
<doc>Verifies that the element identified by ``locator`` is visible.</doc>
<status status="PASS" start="2025-08-20T09:43:15.003580" elapsed="0.017443"/>
</kw>
<kw name="Element Should Be Visible" owner="SeleniumLibrary">
<msg time="2025-08-20T09:43:15.037671" level="INFO">Element 'xpath=//button[text()='Submit']' is displayed.</msg>
<arg>${SUBMIT_BUTTON}</arg>
<doc>Verifies that the element identified by ``locator`` is visible.</doc>
<status status="PASS" start="2025-08-20T09:43:15.021512" elapsed="0.016285"/>
</kw>
<kw name="Delete Order" owner="stage_keywords" type="TEARDOWN">
<kw name="Create Dictionary" owner="BuiltIn">
<msg time="2025-08-20T09:43:15.039266" level="INFO">${json} = {'trackingId': '1540', 'password': '1540'}</msg>
<var>${json}</var>
<arg>${KEY_TRACKING_ID}=${TRACKING_ID}</arg>
<arg>${KEY_PASSWORD}=${TRACKING_ID}</arg>
<doc>Creates and returns a dictionary based on the given ``items``.</doc>
<status status="PASS" start="2025-08-20T09:43:15.038843" elapsed="0.000507"/>
</kw>
<kw name="DELETE" owner="RequestsLibrary">
<msg time="2025-08-20T09:43:15.044100" level="INFO">DELETE Request : url=http://localhost:3000/deleteOrder 
 path_url=/deleteOrder 
 headers={'User-Agent': 'python-requests/2.32.4', 'Accept-Encoding': 'gzip, deflate', 'Accept': '*/*', 'Connection': 'keep-alive', 'Content-Length': '42', 'Content-Type': 'application/json'} 
 body=b'{"trackingId": "1540", "password": "1540"}' 
 </msg>
<msg time="2025-08-20T09:43:15.044194" level="INFO">DELETE Response : url=http://localhost:3000/deleteOrder 
 status=200, reason=OK 
 headers={'X-Powered-By': 'Express', 'Content-Type': 'application/json; charset=utf-8', 'Content-Length': '42', 'ETag': 'W/"2a-73HTL89b4tbDT7yR3vJfTGBT34w"', 'Date': 'Wed, 20 Aug 2025 06:43:15 GMT', 'Connection': 'keep-alive', 'Keep-Alive': 'timeout=5'} 
 body={"success":true,"message":"Order deleted"} 
 </msg>
<arg>${BASE_URL}${DELETE_ORDER}</arg>
<arg>json=${json}</arg>
<arg>expected_status=200</arg>
<doc>Sends a DELETE request.</doc>
<status status="PASS" start="2025-08-20T09:43:15.039597" elapsed="0.004711"/>
</kw>
<kw name="Close Browser" owner="SeleniumLibrary">
<doc>Closes the current browser.</doc>
<status status="PASS" start="2025-08-20T09:43:15.044522" elapsed="2.289124"/>
</kw>
<status status="PASS" start="2025-08-20T09:43:15.038402" elapsed="2.295459"/>
</kw>
<status status="PASS" start="2025-08-20T09:43:13.025397" elapsed="4.308926"/>
</test>
<test id="s1-t3" name="Reject Fail Without a Reason" line="30">
<kw name="Open Browser And Login" owner="setup_teardown_keywords" type="SETUP">
<kw name="Open Web Browser" owner="utils_keywords">
<kw name="Open Browser" owner="SeleniumLibrary">
<msg time="2025-08-20T09:43:17.339147" level="INFO">Opening browser 'chrome' to base url 'http://localhost:3000'.</msg>
<arg>${BASE_URL}</arg>
<arg>chrome</arg>
<arg>options=add_experimental_option("excludeSwitches", ["enable-automation","disable-popup-blocking"])</arg>
<doc>Opens a new browser instance to the optional ``url``.</doc>
<status status="PASS" start="2025-08-20T09:43:17.338744" elapsed="1.492825"/>
</kw>
<status status="PASS" start="2025-08-20T09:43:17.338276" elapsed="1.493553"/>
</kw>
<kw name="Add Order" owner="stage_keywords">
<kw name="Set Variable" owner="BuiltIn">
<msg time="2025-08-20T09:43:18.833685" level="INFO">${success} = False</msg>
<var>${success}</var>
<arg>${False}</arg>
<doc>Returns the given values which can then be assigned to a variables.</doc>
<status status="PASS" start="2025-08-20T09:43:18.833228" elapsed="0.000572"/>
</kw>
<for flavor="IN RANGE">
<iter>
<kw name="Random Integer" owner="utils_keywords">
<kw name="Evaluate" owner="BuiltIn">
<msg time="2025-08-20T09:43:18.836268" level="INFO">${num} = 1266</msg>
<var>${num}</var>
<arg>random.randint(1000,9999)</arg>
<arg>modules=random</arg>
<doc>Evaluates the given expression in Python and returns the result.</doc>
<status status="PASS" start="2025-08-20T09:43:18.835810" elapsed="0.000521"/>
</kw>
<return>
<value>${num}</value>
<status status="PASS" start="2025-08-20T09:43:18.836465" elapsed="0.000075"/>
</return>
<msg time="2025-08-20T09:43:18.836853" level="INFO">${trackingId} = 1266</msg>
<var>${trackingId}</var>
<status status="PASS" start="2025-08-20T09:43:18.835222" elapsed="0.001692"/>
</kw>
<kw name="Convert To String" owner="BuiltIn">
<msg time="2025-08-20T09:43:18.837590" level="INFO">${trackingId} = 1266</msg>
<var>${trackingId}</var>
<arg>${trackingId}</arg>
<doc>Converts the given item to a Unicode string.</doc>
<status status="PASS" start="2025-08-20T09:43:18.837206" elapsed="0.000454"/>
</kw>
<kw name="Create Dictionary" owner="BuiltIn">
<msg time="2025-08-20T09:43:18.838745" level="INFO">${json} = {'trackingId': '1266', 'password': '1266'}</msg>
<var>${json}</var>
<arg>${KEY_TRACKING_ID}=${trackingId}</arg>
<arg>${KEY_PASSWORD}=${trackingId}</arg>
<doc>Creates and returns a dictionary based on the given ``items``.</doc>
<status status="PASS" start="2025-08-20T09:43:18.837954" elapsed="0.000880"/>
</kw>
<kw name="POST" owner="RequestsLibrary">
<msg time="2025-08-20T09:43:18.845025" level="INFO">POST Request : url=http://localhost:3000/addOrder 
 path_url=/addOrder 
 headers={'User-Agent': 'python-requests/2.32.4', 'Accept-Encoding': 'gzip, deflate', 'Accept': '*/*', 'Connection': 'keep-alive', 'Content-Length': '42', 'Content-Type': 'application/json'} 
 body=b'{"trackingId": "1266", "password": "1266"}' 
 </msg>
<msg time="2025-08-20T09:43:18.845178" level="INFO">POST Response : url=http://localhost:3000/addOrder 
 status=201, reason=Created 
 headers={'X-Powered-By': 'Express', 'Content-Type': 'application/json; charset=utf-8', 'Content-Length': '406', 'ETag': 'W/"196-xtZOhOnEN8Q3rcKxZP1xUr6ooDo"', 'Date': 'Wed, 20 Aug 2025 06:43:18 GMT', 'Connection': 'keep-alive', 'Keep-Alive': 'timeout=5'} 
 body={"success":true,"stages":[{"name":"Order Received","status":"pending","cause":""},{"name":"Order Shipped","status":"pending","cause":""},{"name":"Order Received to Destination Country","status":"pending","cause":""},{"name":"Order Clearance Completed","status":"pending","cause":""},{"name":"Order in Delivery Stage","status":"pending","cause":""},{"name":"Order Delivered","status":"pending","cause":""}]} 
 </msg>
<msg time="2025-08-20T09:43:18.845704" level="INFO">${resp} = &lt;Response [201]&gt;</msg>
<var>${resp}</var>
<arg>${BASE_URL}${ADD_ORDER}</arg>
<arg>json=${json}</arg>
<doc>Sends a POST request.</doc>
<status status="PASS" start="2025-08-20T09:43:18.839187" elapsed="0.006600"/>
</kw>
<if>
<branch type="IF" condition="'${resp.status_code}' == '201'">
<kw name="Set Variable" owner="BuiltIn">
<msg time="2025-08-20T09:43:18.848655" level="INFO">${success} = True</msg>
<var>${success}</var>
<arg>${True}</arg>
<doc>Returns the given values which can then be assigned to a variables.</doc>
<status status="PASS" start="2025-08-20T09:43:18.848151" elapsed="0.000584"/>
</kw>
<kw name="Exit For Loop" owner="BuiltIn">
<msg time="2025-08-20T09:43:18.849300" level="INFO">Exiting for loop altogether.</msg>
<doc>Stops executing the enclosing FOR loop.</doc>
<status status="PASS" start="2025-08-20T09:43:18.849094" elapsed="0.000308"/>
</kw>
<status status="PASS" start="2025-08-20T09:43:18.846067" elapsed="0.003435"/>
</branch>
<status status="PASS" start="2025-08-20T09:43:18.846014" elapsed="0.003587"/>
</if>
<var name="${i}">0</var>
<status status="PASS" start="2025-08-20T09:43:18.834772" elapsed="0.014876"/>
</iter>
<var>${i}</var>
<value>1000</value>
<status status="PASS" start="2025-08-20T09:43:18.834006" elapsed="0.015735"/>
</for>
<if>
<branch type="IF" condition="'${success}'=='False'">
<kw name="Fail" owner="BuiltIn">
<arg>Could not add order after 1000 attempts</arg>
<doc>Fails the test with the given message and optionally alters its tags.</doc>
<status status="NOT RUN" start="2025-08-20T09:43:18.850176" elapsed="0.000038"/>
</kw>
<status status="NOT RUN" start="2025-08-20T09:43:18.849891" elapsed="0.000380"/>
</branch>
<status status="PASS" start="2025-08-20T09:43:18.849861" elapsed="0.000456"/>
</if>
<return>
<value>${trackingId}</value>
<status status="PASS" start="2025-08-20T09:43:18.850403" elapsed="0.000058"/>
</return>
<msg time="2025-08-20T09:43:18.850680" level="INFO">${TRACKING_ID} = 1266</msg>
<var>${TRACKING_ID}</var>
<status status="PASS" start="2025-08-20T09:43:18.832515" elapsed="0.018211"/>
</kw>
<kw name="Login With Credentials" owner="login_keywords">
<kw name="Input Text" owner="SeleniumLibrary">
<msg time="2025-08-20T09:43:18.852075" level="INFO">Typing text '1266' into text field 'id=trackingId'.</msg>
<arg>${LOGIN_ID_FIELD}</arg>
<arg>${id}</arg>
<doc>Types the given ``text`` into the text field identified by ``locator``.</doc>
<status status="PASS" start="2025-08-20T09:43:18.851654" elapsed="0.122388"/>
</kw>
<kw name="Input Text" owner="SeleniumLibrary">
<msg time="2025-08-20T09:43:18.974591" level="INFO">Typing text '1266' into text field 'id=password'.</msg>
<arg>${LOGIN_PASS_FIELD}</arg>
<arg>${password}</arg>
<doc>Types the given ``text`` into the text field identified by ``locator``.</doc>
<status status="PASS" start="2025-08-20T09:43:18.974303" elapsed="0.102197"/>
</kw>
<kw name="Click Button" owner="SeleniumLibrary">
<msg time="2025-08-20T09:43:19.077236" level="INFO">Clicking button 'xpath=//button[text()='Track']'.</msg>
<arg>${TRACK_BUTTON}</arg>
<doc>Clicks the button identified by ``locator``.</doc>
<status status="PASS" start="2025-08-20T09:43:19.076862" elapsed="0.078522"/>
</kw>
<arg>${TRACKING_ID}</arg>
<arg>${TRACKING_ID}</arg>
<status status="PASS" start="2025-08-20T09:43:18.850933" elapsed="0.304598"/>
</kw>
<kw name="Set Global Variable" owner="BuiltIn">
<msg time="2025-08-20T09:43:19.156029" level="INFO">${TRACKING_ID} = 1266</msg>
<arg>${TRACKING_ID}</arg>
<doc>Makes a variable available globally in all tests and suites.</doc>
<status status="PASS" start="2025-08-20T09:43:19.155705" elapsed="0.000380"/>
</kw>
<status status="PASS" start="2025-08-20T09:43:17.337726" elapsed="1.818482"/>
</kw>
<kw name="Click Button" owner="SeleniumLibrary">
<msg time="2025-08-20T09:43:19.156907" level="INFO">Clicking button 'xpath=//button[(text()='Rejected') and not(@disabled)]'.</msg>
<arg>${ENABLED_REJECT}</arg>
<doc>Clicks the button identified by ``locator``.</doc>
<status status="PASS" start="2025-08-20T09:43:19.156632" elapsed="0.107157"/>
</kw>
<kw name="Click Button" owner="SeleniumLibrary">
<msg time="2025-08-20T09:43:19.264571" level="INFO">Clicking button 'xpath=//button[text()='Submit']'.</msg>
<arg>${SUBMIT_BUTTON}</arg>
<doc>Clicks the button identified by ``locator``.</doc>
<status status="PASS" start="2025-08-20T09:43:19.264258" elapsed="0.113401"/>
</kw>
<kw name="Reject Should Fail" owner="stage_keywords">
<kw name="Wait Until Element Is Visible" owner="SeleniumLibrary">
<arg>${ERROR_MESSAGE}</arg>
<arg>10s</arg>
<doc>Waits until the element ``locator`` is visible.</doc>
<status status="PASS" start="2025-08-20T09:43:19.378482" elapsed="0.019949"/>
</kw>
<kw name="Element Should Contain" owner="SeleniumLibrary">
<msg time="2025-08-20T09:43:19.421965" level="INFO">Element 'xpath=//*[@class='message error']' contains text 'Please provide a reason for rejection'.</msg>
<arg>${ERROR_MESSAGE}</arg>
<arg>${REJECTION_ERROR}</arg>
<doc>Verifies that element ``locator`` contains text ``expected``.</doc>
<status status="PASS" start="2025-08-20T09:43:19.398611" elapsed="0.023608"/>
</kw>
<status status="PASS" start="2025-08-20T09:43:19.378094" elapsed="0.044287"/>
</kw>
<kw name="Delete Order" owner="stage_keywords" type="TEARDOWN">
<kw name="Create Dictionary" owner="BuiltIn">
<msg time="2025-08-20T09:43:19.423898" level="INFO">${json} = {'trackingId': '1266', 'password': '1266'}</msg>
<var>${json}</var>
<arg>${KEY_TRACKING_ID}=${TRACKING_ID}</arg>
<arg>${KEY_PASSWORD}=${TRACKING_ID}</arg>
<doc>Creates and returns a dictionary based on the given ``items``.</doc>
<status status="PASS" start="2025-08-20T09:43:19.423591" elapsed="0.000341"/>
</kw>
<kw name="DELETE" owner="RequestsLibrary">
<msg time="2025-08-20T09:43:19.427569" level="INFO">DELETE Request : url=http://localhost:3000/deleteOrder 
 path_url=/deleteOrder 
 headers={'User-Agent': 'python-requests/2.32.4', 'Accept-Encoding': 'gzip, deflate', 'Accept': '*/*', 'Connection': 'keep-alive', 'Content-Length': '42', 'Content-Type': 'application/json'} 
 body=b'{"trackingId": "1266", "password": "1266"}' 
 </msg>
<msg time="2025-08-20T09:43:19.427639" level="INFO">DELETE Response : url=http://localhost:3000/deleteOrder 
 status=200, reason=OK 
 headers={'X-Powered-By': 'Express', 'Content-Type': 'application/json; charset=utf-8', 'Content-Length': '42', 'ETag': 'W/"2a-73HTL89b4tbDT7yR3vJfTGBT34w"', 'Date': 'Wed, 20 Aug 2025 06:43:19 GMT', 'Connection': 'keep-alive', 'Keep-Alive': 'timeout=5'} 
 body={"success":true,"message":"Order deleted"} 
 </msg>
<arg>${BASE_URL}${DELETE_ORDER}</arg>
<arg>json=${json}</arg>
<arg>expected_status=200</arg>
<doc>Sends a DELETE request.</doc>
<status status="PASS" start="2025-08-20T09:43:19.424049" elapsed="0.003656"/>
</kw>
<kw name="Close Browser" owner="SeleniumLibrary">
<doc>Closes the current browser.</doc>
<status status="PASS" start="2025-08-20T09:43:19.427932" elapsed="2.278666"/>
</kw>
<status status="PASS" start="2025-08-20T09:43:19.423227" elapsed="2.284140"/>
</kw>
<status status="PASS" start="2025-08-20T09:43:17.336535" elapsed="4.372298"/>
</test>
<test id="s1-t4" name="Reject Succeed With a Reason" line="35">
<kw name="Open Browser And Login" owner="setup_teardown_keywords" type="SETUP">
<kw name="Open Web Browser" owner="utils_keywords">
<kw name="Open Browser" owner="SeleniumLibrary">
<msg time="2025-08-20T09:43:21.726586" level="INFO">Opening browser 'chrome' to base url 'http://localhost:3000'.</msg>
<arg>${BASE_URL}</arg>
<arg>chrome</arg>
<arg>options=add_experimental_option("excludeSwitches", ["enable-automation","disable-popup-blocking"])</arg>
<doc>Opens a new browser instance to the optional ``url``.</doc>
<status status="PASS" start="2025-08-20T09:43:21.724908" elapsed="1.520962"/>
</kw>
<status status="PASS" start="2025-08-20T09:43:21.722271" elapsed="1.523864"/>
</kw>
<kw name="Add Order" owner="stage_keywords">
<kw name="Set Variable" owner="BuiltIn">
<msg time="2025-08-20T09:43:23.248041" level="INFO">${success} = False</msg>
<var>${success}</var>
<arg>${False}</arg>
<doc>Returns the given values which can then be assigned to a variables.</doc>
<status status="PASS" start="2025-08-20T09:43:23.247624" elapsed="0.000510"/>
</kw>
<for flavor="IN RANGE">
<iter>
<kw name="Random Integer" owner="utils_keywords">
<kw name="Evaluate" owner="BuiltIn">
<msg time="2025-08-20T09:43:23.250219" level="INFO">${num} = 1123</msg>
<var>${num}</var>
<arg>random.randint(1000,9999)</arg>
<arg>modules=random</arg>
<doc>Evaluates the given expression in Python and returns the result.</doc>
<status status="PASS" start="2025-08-20T09:43:23.249713" elapsed="0.000575"/>
</kw>
<return>
<value>${num}</value>
<status status="PASS" start="2025-08-20T09:43:23.250440" elapsed="0.000087"/>
</return>
<msg time="2025-08-20T09:43:23.250823" level="INFO">${trackingId} = 1123</msg>
<var>${trackingId}</var>
<status status="PASS" start="2025-08-20T09:43:23.249124" elapsed="0.001766"/>
</kw>
<kw name="Convert To String" owner="BuiltIn">
<msg time="2025-08-20T09:43:23.251572" level="INFO">${trackingId} = 1123</msg>
<var>${trackingId}</var>
<arg>${trackingId}</arg>
<doc>Converts the given item to a Unicode string.</doc>
<status status="PASS" start="2025-08-20T09:43:23.251186" elapsed="0.000448"/>
</kw>
<kw name="Create Dictionary" owner="BuiltIn">
<msg time="2025-08-20T09:43:23.252614" level="INFO">${json} = {'trackingId': '1123', 'password': '1123'}</msg>
<var>${json}</var>
<arg>${KEY_TRACKING_ID}=${trackingId}</arg>
<arg>${KEY_PASSWORD}=${trackingId}</arg>
<doc>Creates and returns a dictionary based on the given ``items``.</doc>
<status status="PASS" start="2025-08-20T09:43:23.251923" elapsed="0.000755"/>
</kw>
<kw name="POST" owner="RequestsLibrary">
<msg time="2025-08-20T09:43:23.257630" level="INFO">POST Request : url=http://localhost:3000/addOrder 
 path_url=/addOrder 
 headers={'User-Agent': 'python-requests/2.32.4', 'Accept-Encoding': 'gzip, deflate', 'Accept': '*/*', 'Connection': 'keep-alive', 'Content-Length': '42', 'Content-Type': 'application/json'} 
 body=b'{"trackingId": "1123", "password": "1123"}' 
 </msg>
<msg time="2025-08-20T09:43:23.257724" level="INFO">POST Response : url=http://localhost:3000/addOrder 
 status=201, reason=Created 
 headers={'X-Powered-By': 'Express', 'Content-Type': 'application/json; charset=utf-8', 'Content-Length': '406', 'ETag': 'W/"196-xtZOhOnEN8Q3rcKxZP1xUr6ooDo"', 'Date': 'Wed, 20 Aug 2025 06:43:23 GMT', 'Connection': 'keep-alive', 'Keep-Alive': 'timeout=5'} 
 body={"success":true,"stages":[{"name":"Order Received","status":"pending","cause":""},{"name":"Order Shipped","status":"pending","cause":""},{"name":"Order Received to Destination Country","status":"pending","cause":""},{"name":"Order Clearance Completed","status":"pending","cause":""},{"name":"Order in Delivery Stage","status":"pending","cause":""},{"name":"Order Delivered","status":"pending","cause":""}]} 
 </msg>
<msg time="2025-08-20T09:43:23.258005" level="INFO">${resp} = &lt;Response [201]&gt;</msg>
<var>${resp}</var>
<arg>${BASE_URL}${ADD_ORDER}</arg>
<arg>json=${json}</arg>
<doc>Sends a POST request.</doc>
<status status="PASS" start="2025-08-20T09:43:23.252968" elapsed="0.005075"/>
</kw>
<if>
<branch type="IF" condition="'${resp.status_code}' == '201'">
<kw name="Set Variable" owner="BuiltIn">
<msg time="2025-08-20T09:43:23.259115" level="INFO">${success} = True</msg>
<var>${success}</var>
<arg>${True}</arg>
<doc>Returns the given values which can then be assigned to a variables.</doc>
<status status="PASS" start="2025-08-20T09:43:23.258910" elapsed="0.000238"/>
</kw>
<kw name="Exit For Loop" owner="BuiltIn">
<msg time="2025-08-20T09:43:23.259385" level="INFO">Exiting for loop altogether.</msg>
<doc>Stops executing the enclosing FOR loop.</doc>
<status status="PASS" start="2025-08-20T09:43:23.259281" elapsed="0.000168"/>
</kw>
<status status="PASS" start="2025-08-20T09:43:23.258171" elapsed="0.001331"/>
</branch>
<status status="PASS" start="2025-08-20T09:43:23.258143" elapsed="0.001407"/>
</if>
<var name="${i}">0</var>
<status status="PASS" start="2025-08-20T09:43:23.248898" elapsed="0.010684"/>
</iter>
<var>${i}</var>
<value>1000</value>
<status status="PASS" start="2025-08-20T09:43:23.248324" elapsed="0.011311"/>
</for>
<if>
<branch type="IF" condition="'${success}'=='False'">
<kw name="Fail" owner="BuiltIn">
<arg>Could not add order after 1000 attempts</arg>
<doc>Fails the test with the given message and optionally alters its tags.</doc>
<status status="NOT RUN" start="2025-08-20T09:43:23.259952" elapsed="0.000031"/>
</kw>
<status status="NOT RUN" start="2025-08-20T09:43:23.259744" elapsed="0.000296"/>
</branch>
<status status="PASS" start="2025-08-20T09:43:23.259724" elapsed="0.000358"/>
</if>
<return>
<value>${trackingId}</value>
<status status="PASS" start="2025-08-20T09:43:23.260120" elapsed="0.000035"/>
</return>
<msg time="2025-08-20T09:43:23.260297" level="INFO">${TRACKING_ID} = 1123</msg>
<var>${TRACKING_ID}</var>
<status status="PASS" start="2025-08-20T09:43:23.246878" elapsed="0.013498"/>
</kw>
<kw name="Login With Credentials" owner="login_keywords">
<kw name="Input Text" owner="SeleniumLibrary">
<msg time="2025-08-20T09:43:23.261084" level="INFO">Typing text '1123' into text field 'id=trackingId'.</msg>
<arg>${LOGIN_ID_FIELD}</arg>
<arg>${id}</arg>
<doc>Types the given ``text`` into the text field identified by ``locator``.</doc>
<status status="PASS" start="2025-08-20T09:43:23.260855" elapsed="0.096041"/>
</kw>
<kw name="Input Text" owner="SeleniumLibrary">
<msg time="2025-08-20T09:43:23.357987" level="INFO">Typing text '1123' into text field 'id=password'.</msg>
<arg>${LOGIN_PASS_FIELD}</arg>
<arg>${password}</arg>
<doc>Types the given ``text`` into the text field identified by ``locator``.</doc>
<status status="PASS" start="2025-08-20T09:43:23.357520" elapsed="0.092342"/>
</kw>
<kw name="Click Button" owner="SeleniumLibrary">
<msg time="2025-08-20T09:43:23.450507" level="INFO">Clicking button 'xpath=//button[text()='Track']'.</msg>
<arg>${TRACK_BUTTON}</arg>
<doc>Clicks the button identified by ``locator``.</doc>
<status status="PASS" start="2025-08-20T09:43:23.450210" elapsed="0.078687"/>
</kw>
<arg>${TRACKING_ID}</arg>
<arg>${TRACKING_ID}</arg>
<status status="PASS" start="2025-08-20T09:43:23.260548" elapsed="0.268517"/>
</kw>
<kw name="Set Global Variable" owner="BuiltIn">
<msg time="2025-08-20T09:43:23.529567" level="INFO">${TRACKING_ID} = 1123</msg>
<arg>${TRACKING_ID}</arg>
<doc>Makes a variable available globally in all tests and suites.</doc>
<status status="PASS" start="2025-08-20T09:43:23.529342" elapsed="0.000278"/>
</kw>
<status status="PASS" start="2025-08-20T09:43:21.719300" elapsed="1.810392"/>
</kw>
<kw name="Reject a Stage" owner="stage_keywords">
<kw name="Click Button" owner="SeleniumLibrary">
<msg time="2025-08-20T09:43:23.530499" level="INFO">Clicking button 'xpath=//button[(text()='Rejected') and not(@disabled)]'.</msg>
<arg>${ENABLED_REJECT}</arg>
<doc>Clicks the button identified by ``locator``.</doc>
<status status="PASS" start="2025-08-20T09:43:23.530310" elapsed="0.096083"/>
</kw>
<kw name="Input Text" owner="SeleniumLibrary">
<msg time="2025-08-20T09:43:23.626916" level="INFO">Typing text 'Reject' into text field 'xpath=//input[@placeholder='Reason for rejection']'.</msg>
<arg>${REJECTION_REASON}</arg>
<arg>Reject</arg>
<doc>Types the given ``text`` into the text field identified by ``locator``.</doc>
<status status="PASS" start="2025-08-20T09:43:23.626642" elapsed="0.096473"/>
</kw>
<kw name="Click Button" owner="SeleniumLibrary">
<msg time="2025-08-20T09:43:23.724018" level="INFO">Clicking button 'xpath=//button[text()='Submit']'.</msg>
<arg>${SUBMIT_BUTTON}</arg>
<doc>Clicks the button identified by ``locator``.</doc>
<status status="PASS" start="2025-08-20T09:43:23.723575" elapsed="0.116317"/>
</kw>
<kw name="Reject Should Succeed" owner="stage_keywords">
<kw name="Wait Until Element Is Visible" owner="SeleniumLibrary">
<arg>${SUCCESS_MESSAGE}</arg>
<arg>10s</arg>
<doc>Waits until the element ``locator`` is visible.</doc>
<status status="PASS" start="2025-08-20T09:43:23.840985" elapsed="0.072379"/>
</kw>
<kw name="Element Should Contain" owner="SeleniumLibrary">
<msg time="2025-08-20T09:43:23.943950" level="INFO">Element 'xpath=//*[@class='message success']' contains text 'marked as rejected'.</msg>
<arg>${SUCCESS_MESSAGE}</arg>
<arg>${REJECTION_SUCCESS}</arg>
<doc>Verifies that element ``locator`` contains text ``expected``.</doc>
<status status="PASS" start="2025-08-20T09:43:23.913715" elapsed="0.030334"/>
</kw>
<status status="PASS" start="2025-08-20T09:43:23.840293" elapsed="0.103862"/>
</kw>
<status status="PASS" start="2025-08-20T09:43:23.530041" elapsed="0.414181"/>
</kw>
<kw name="Delete Order" owner="stage_keywords" type="TEARDOWN">
<kw name="Create Dictionary" owner="BuiltIn">
<msg time="2025-08-20T09:43:23.946052" level="INFO">${json} = {'trackingId': '1123', 'password': '1123'}</msg>
<var>${json}</var>
<arg>${KEY_TRACKING_ID}=${TRACKING_ID}</arg>
<arg>${KEY_PASSWORD}=${TRACKING_ID}</arg>
<doc>Creates and returns a dictionary based on the given ``items``.</doc>
<status status="PASS" start="2025-08-20T09:43:23.945359" elapsed="0.000747"/>
</kw>
<kw name="DELETE" owner="RequestsLibrary">
<msg time="2025-08-20T09:43:23.951773" level="INFO">DELETE Request : url=http://localhost:3000/deleteOrder 
 path_url=/deleteOrder 
 headers={'User-Agent': 'python-requests/2.32.4', 'Accept-Encoding': 'gzip, deflate', 'Accept': '*/*', 'Connection': 'keep-alive', 'Content-Length': '42', 'Content-Type': 'application/json'} 
 body=b'{"trackingId": "1123", "password": "1123"}' 
 </msg>
<msg time="2025-08-20T09:43:23.951907" level="INFO">DELETE Response : url=http://localhost:3000/deleteOrder 
 status=200, reason=OK 
 headers={'X-Powered-By': 'Express', 'Content-Type': 'application/json; charset=utf-8', 'Content-Length': '42', 'ETag': 'W/"2a-73HTL89b4tbDT7yR3vJfTGBT34w"', 'Date': 'Wed, 20 Aug 2025 06:43:23 GMT', 'Connection': 'keep-alive', 'Keep-Alive': 'timeout=5'} 
 body={"success":true,"message":"Order deleted"} 
 </msg>
<arg>${BASE_URL}${DELETE_ORDER}</arg>
<arg>json=${json}</arg>
<arg>expected_status=200</arg>
<doc>Sends a DELETE request.</doc>
<status status="PASS" start="2025-08-20T09:43:23.946317" elapsed="0.005743"/>
</kw>
<kw name="Close Browser" owner="SeleniumLibrary">
<doc>Closes the current browser.</doc>
<status status="PASS" start="2025-08-20T09:43:23.952556" elapsed="2.298850"/>
</kw>
<status status="PASS" start="2025-08-20T09:43:23.944774" elapsed="2.307415"/>
</kw>
<status status="PASS" start="2025-08-20T09:43:21.714724" elapsed="4.538888"/>
</test>
<test id="s1-t5" name="Pending Button Disabled Until Rejected" line="38">
<kw name="Open Browser And Login" owner="setup_teardown_keywords" type="SETUP">
<kw name="Open Web Browser" owner="utils_keywords">
<kw name="Open Browser" owner="SeleniumLibrary">
<msg time="2025-08-20T09:43:26.269937" level="INFO">Opening browser 'chrome' to base url 'http://localhost:3000'.</msg>
<arg>${BASE_URL}</arg>
<arg>chrome</arg>
<arg>options=add_experimental_option("excludeSwitches", ["enable-automation","disable-popup-blocking"])</arg>
<doc>Opens a new browser instance to the optional ``url``.</doc>
<status status="PASS" start="2025-08-20T09:43:26.268286" elapsed="1.522245"/>
</kw>
<status status="PASS" start="2025-08-20T09:43:26.266198" elapsed="1.524672"/>
</kw>
<kw name="Add Order" owner="stage_keywords">
<kw name="Set Variable" owner="BuiltIn">
<msg time="2025-08-20T09:43:27.792648" level="INFO">${success} = False</msg>
<var>${success}</var>
<arg>${False}</arg>
<doc>Returns the given values which can then be assigned to a variables.</doc>
<status status="PASS" start="2025-08-20T09:43:27.792264" elapsed="0.000448"/>
</kw>
<for flavor="IN RANGE">
<iter>
<kw name="Random Integer" owner="utils_keywords">
<kw name="Evaluate" owner="BuiltIn">
<msg time="2025-08-20T09:43:27.794759" level="INFO">${num} = 9009</msg>
<var>${num}</var>
<arg>random.randint(1000,9999)</arg>
<arg>modules=random</arg>
<doc>Evaluates the given expression in Python and returns the result.</doc>
<status status="PASS" start="2025-08-20T09:43:27.794224" elapsed="0.000646"/>
</kw>
<return>
<value>${num}</value>
<status status="PASS" start="2025-08-20T09:43:27.795011" elapsed="0.000088"/>
</return>
<msg time="2025-08-20T09:43:27.795423" level="INFO">${trackingId} = 9009</msg>
<var>${trackingId}</var>
<status status="PASS" start="2025-08-20T09:43:27.793702" elapsed="0.001808"/>
</kw>
<kw name="Convert To String" owner="BuiltIn">
<msg time="2025-08-20T09:43:27.796170" level="INFO">${trackingId} = 9009</msg>
<var>${trackingId}</var>
<arg>${trackingId}</arg>
<doc>Converts the given item to a Unicode string.</doc>
<status status="PASS" start="2025-08-20T09:43:27.795818" elapsed="0.000402"/>
</kw>
<kw name="Create Dictionary" owner="BuiltIn">
<msg time="2025-08-20T09:43:27.797229" level="INFO">${json} = {'trackingId': '9009', 'password': '9009'}</msg>
<var>${json}</var>
<arg>${KEY_TRACKING_ID}=${trackingId}</arg>
<arg>${KEY_PASSWORD}=${trackingId}</arg>
<doc>Creates and returns a dictionary based on the given ``items``.</doc>
<status status="PASS" start="2025-08-20T09:43:27.796530" elapsed="0.000840"/>
</kw>
<kw name="POST" owner="RequestsLibrary">
<msg time="2025-08-20T09:43:27.804140" level="INFO">POST Request : url=http://localhost:3000/addOrder 
 path_url=/addOrder 
 headers={'User-Agent': 'python-requests/2.32.4', 'Accept-Encoding': 'gzip, deflate', 'Accept': '*/*', 'Connection': 'keep-alive', 'Content-Length': '42', 'Content-Type': 'application/json'} 
 body=b'{"trackingId": "9009", "password": "9009"}' 
 </msg>
<msg time="2025-08-20T09:43:27.804339" level="INFO">POST Response : url=http://localhost:3000/addOrder 
 status=201, reason=Created 
 headers={'X-Powered-By': 'Express', 'Content-Type': 'application/json; charset=utf-8', 'Content-Length': '406', 'ETag': 'W/"196-xtZOhOnEN8Q3rcKxZP1xUr6ooDo"', 'Date': 'Wed, 20 Aug 2025 06:43:27 GMT', 'Connection': 'keep-alive', 'Keep-Alive': 'timeout=5'} 
 body={"success":true,"stages":[{"name":"Order Received","status":"pending","cause":""},{"name":"Order Shipped","status":"pending","cause":""},{"name":"Order Received to Destination Country","status":"pending","cause":""},{"name":"Order Clearance Completed","status":"pending","cause":""},{"name":"Order in Delivery Stage","status":"pending","cause":""},{"name":"Order Delivered","status":"pending","cause":""}]} 
 </msg>
<msg time="2025-08-20T09:43:27.804797" level="INFO">${resp} = &lt;Response [201]&gt;</msg>
<var>${resp}</var>
<arg>${BASE_URL}${ADD_ORDER}</arg>
<arg>json=${json}</arg>
<doc>Sends a POST request.</doc>
<status status="PASS" start="2025-08-20T09:43:27.797670" elapsed="0.007190"/>
</kw>
<if>
<branch type="IF" condition="'${resp.status_code}' == '201'">
<kw name="Set Variable" owner="BuiltIn">
<msg time="2025-08-20T09:43:27.807246" level="INFO">${success} = True</msg>
<var>${success}</var>
<arg>${True}</arg>
<doc>Returns the given values which can then be assigned to a variables.</doc>
<status status="PASS" start="2025-08-20T09:43:27.806906" elapsed="0.000419"/>
</kw>
<kw name="Exit For Loop" owner="BuiltIn">
<msg time="2025-08-20T09:43:27.807961" level="INFO">Exiting for loop altogether.</msg>
<doc>Stops executing the enclosing FOR loop.</doc>
<status status="PASS" start="2025-08-20T09:43:27.807700" elapsed="0.000389"/>
</kw>
<status status="PASS" start="2025-08-20T09:43:27.805112" elapsed="0.003098"/>
</branch>
<status status="PASS" start="2025-08-20T09:43:27.805062" elapsed="0.003244"/>
</if>
<var name="${i}">0</var>
<status status="PASS" start="2025-08-20T09:43:27.793406" elapsed="0.014969"/>
</iter>
<var>${i}</var>
<value>1000</value>
<status status="PASS" start="2025-08-20T09:43:27.792874" elapsed="0.015651"/>
</for>
<if>
<branch type="IF" condition="'${success}'=='False'">
<kw name="Fail" owner="BuiltIn">
<arg>Could not add order after 1000 attempts</arg>
<doc>Fails the test with the given message and optionally alters its tags.</doc>
<status status="NOT RUN" start="2025-08-20T09:43:27.809280" elapsed="0.000162"/>
</kw>
<status status="NOT RUN" start="2025-08-20T09:43:27.808754" elapsed="0.000913"/>
</branch>
<status status="PASS" start="2025-08-20T09:43:27.808704" elapsed="0.001080"/>
</if>
<return>
<value>${trackingId}</value>
<status status="PASS" start="2025-08-20T09:43:27.809876" elapsed="0.000092"/>
</return>
<msg time="2025-08-20T09:43:27.810277" level="INFO">${TRACKING_ID} = 9009</msg>
<var>${TRACKING_ID}</var>
<status status="PASS" start="2025-08-20T09:43:27.791641" elapsed="0.018693"/>
</kw>
<kw name="Login With Credentials" owner="login_keywords">
<kw name="Input Text" owner="SeleniumLibrary">
<msg time="2025-08-20T09:43:27.811624" level="INFO">Typing text '9009' into text field 'id=trackingId'.</msg>
<arg>${LOGIN_ID_FIELD}</arg>
<arg>${id}</arg>
<doc>Types the given ``text`` into the text field identified by ``locator``.</doc>
<status status="PASS" start="2025-08-20T09:43:27.811227" elapsed="0.106315"/>
</kw>
<kw name="Input Text" owner="SeleniumLibrary">
<msg time="2025-08-20T09:43:27.919533" level="INFO">Typing text '9009' into text field 'id=password'.</msg>
<arg>${LOGIN_PASS_FIELD}</arg>
<arg>${password}</arg>
<doc>Types the given ``text`` into the text field identified by ``locator``.</doc>
<status status="PASS" start="2025-08-20T09:43:27.918579" elapsed="0.088507"/>
</kw>
<kw name="Click Button" owner="SeleniumLibrary">
<msg time="2025-08-20T09:43:28.007841" level="INFO">Clicking button 'xpath=//button[text()='Track']'.</msg>
<arg>${TRACK_BUTTON}</arg>
<doc>Clicks the button identified by ``locator``.</doc>
<status status="PASS" start="2025-08-20T09:43:28.007445" elapsed="0.073287"/>
</kw>
<arg>${TRACKING_ID}</arg>
<arg>${TRACKING_ID}</arg>
<status status="PASS" start="2025-08-20T09:43:27.810637" elapsed="0.270229"/>
</kw>
<kw name="Set Global Variable" owner="BuiltIn">
<msg time="2025-08-20T09:43:28.081233" level="INFO">${TRACKING_ID} = 9009</msg>
<arg>${TRACKING_ID}</arg>
<doc>Makes a variable available globally in all tests and suites.</doc>
<status status="PASS" start="2025-08-20T09:43:28.081026" elapsed="0.000255"/>
</kw>
<status status="PASS" start="2025-08-20T09:43:26.263356" elapsed="1.817998"/>
</kw>
<kw name="Get Child Sibling Element" owner="utils_keywords">
<kw name="Set Variable" owner="BuiltIn">
<msg time="2025-08-20T09:43:28.082248" level="INFO">${parent_xpath} = (//button[text()='Rejected' and not(@disabled)])/parent::*</msg>
<var>${parent_xpath}</var>
<arg>(${child})/${STAGE_PARNET}</arg>
<doc>Returns the given values which can then be assigned to a variables.</doc>
<status status="PASS" start="2025-08-20T09:43:28.082067" elapsed="0.000225"/>
</kw>
<kw name="Wait Until Element Is Visible" owner="SeleniumLibrary">
<arg>xpath=${parent_xpath}${target}</arg>
<arg>10s</arg>
<doc>Waits until the element ``locator`` is visible.</doc>
<status status="PASS" start="2025-08-20T09:43:28.082421" elapsed="0.030540"/>
</kw>
<kw name="Get WebElement" owner="SeleniumLibrary">
<msg time="2025-08-20T09:43:28.121148" level="INFO">${element} = &lt;selenium.webdriver.remote.webelement.WebElement (session="8c7ee93c8ef1fa85d15368127f4e7017", element="f.5FD5D0B634C28844ECAED7192DA6F4A6.d.8FD967B3B368B341651E499B95F98D13.e.11")&gt;</msg>
<var>${element}</var>
<arg>xpath=${parent_xpath}${target}</arg>
<doc>Returns the first WebElement matching the given ``locator``.</doc>
<status status="PASS" start="2025-08-20T09:43:28.113186" elapsed="0.008039"/>
</kw>
<return>
<value>${element}</value>
<status status="PASS" start="2025-08-20T09:43:28.121362" elapsed="0.000088"/>
</return>
<msg time="2025-08-20T09:43:28.121726" level="INFO">${pending} = &lt;selenium.webdriver.remote.webelement.WebElement (session="8c7ee93c8ef1fa85d15368127f4e7017", element="f.5FD5D0B634C28844ECAED7192DA6F4A6.d.8FD967B3B368B341651E499B95F98D13.e.11")&gt;</msg>
<var>${pending}</var>
<arg>${REJECT}</arg>
<arg>${PENDING}</arg>
<status status="PASS" start="2025-08-20T09:43:28.081732" elapsed="0.040056"/>
</kw>
<kw name="Element Should Be Disabled" owner="SeleniumLibrary">
<arg>${pending}</arg>
<doc>Verifies that element identified by ``locator`` is disabled.</doc>
<status status="PASS" start="2025-08-20T09:43:28.122284" elapsed="0.009307"/>
</kw>
<kw name="Delete Order" owner="stage_keywords" type="TEARDOWN">
<kw name="Create Dictionary" owner="BuiltIn">
<msg time="2025-08-20T09:43:28.132579" level="INFO">${json} = {'trackingId': '9009', 'password': '9009'}</msg>
<var>${json}</var>
<arg>${KEY_TRACKING_ID}=${TRACKING_ID}</arg>
<arg>${KEY_PASSWORD}=${TRACKING_ID}</arg>
<doc>Creates and returns a dictionary based on the given ``items``.</doc>
<status status="PASS" start="2025-08-20T09:43:28.132287" elapsed="0.000323"/>
</kw>
<kw name="DELETE" owner="RequestsLibrary">
<msg time="2025-08-20T09:43:28.137654" level="INFO">DELETE Request : url=http://localhost:3000/deleteOrder 
 path_url=/deleteOrder 
 headers={'User-Agent': 'python-requests/2.32.4', 'Accept-Encoding': 'gzip, deflate', 'Accept': '*/*', 'Connection': 'keep-alive', 'Content-Length': '42', 'Content-Type': 'application/json'} 
 body=b'{"trackingId": "9009", "password": "9009"}' 
 </msg>
<msg time="2025-08-20T09:43:28.138015" level="INFO">DELETE Response : url=http://localhost:3000/deleteOrder 
 status=200, reason=OK 
 headers={'X-Powered-By': 'Express', 'Content-Type': 'application/json; charset=utf-8', 'Content-Length': '42', 'ETag': 'W/"2a-73HTL89b4tbDT7yR3vJfTGBT34w"', 'Date': 'Wed, 20 Aug 2025 06:43:28 GMT', 'Connection': 'keep-alive', 'Keep-Alive': 'timeout=5'} 
 body={"success":true,"message":"Order deleted"} 
 </msg>
<arg>${BASE_URL}${DELETE_ORDER}</arg>
<arg>json=${json}</arg>
<arg>expected_status=200</arg>
<doc>Sends a DELETE request.</doc>
<status status="PASS" start="2025-08-20T09:43:28.132736" elapsed="0.005452"/>
</kw>
<kw name="Close Browser" owner="SeleniumLibrary">
<doc>Closes the current browser.</doc>
<status status="PASS" start="2025-08-20T09:43:28.138613" elapsed="2.248500"/>
</kw>
<status status="PASS" start="2025-08-20T09:43:28.132003" elapsed="2.255875"/>
</kw>
<status status="PASS" start="2025-08-20T09:43:26.259675" elapsed="4.129657"/>
</test>
<test id="s1-t6" name="Stage Can Change After Rejection" line="42">
<kw name="Login And Reject" owner="setup_teardown_keywords" type="SETUP">
<kw name="Open Browser And Login" owner="setup_teardown_keywords">
<kw name="Open Web Browser" owner="utils_keywords">
<kw name="Open Browser" owner="SeleniumLibrary">
<msg time="2025-08-20T09:43:30.410247" level="INFO">Opening browser 'chrome' to base url 'http://localhost:3000'.</msg>
<arg>${BASE_URL}</arg>
<arg>chrome</arg>
<arg>options=add_experimental_option("excludeSwitches", ["enable-automation","disable-popup-blocking"])</arg>
<doc>Opens a new browser instance to the optional ``url``.</doc>
<status status="PASS" start="2025-08-20T09:43:30.409181" elapsed="1.537620"/>
</kw>
<status status="PASS" start="2025-08-20T09:43:30.406257" elapsed="1.540779"/>
</kw>
<kw name="Add Order" owner="stage_keywords">
<kw name="Set Variable" owner="BuiltIn">
<msg time="2025-08-20T09:43:31.948725" level="INFO">${success} = False</msg>
<var>${success}</var>
<arg>${False}</arg>
<doc>Returns the given values which can then be assigned to a variables.</doc>
<status status="PASS" start="2025-08-20T09:43:31.948344" elapsed="0.000444"/>
</kw>
<for flavor="IN RANGE">
<iter>
<kw name="Random Integer" owner="utils_keywords">
<kw name="Evaluate" owner="BuiltIn">
<msg time="2025-08-20T09:43:31.950620" level="INFO">${num} = 7594</msg>
<var>${num}</var>
<arg>random.randint(1000,9999)</arg>
<arg>modules=random</arg>
<doc>Evaluates the given expression in Python and returns the result.</doc>
<status status="PASS" start="2025-08-20T09:43:31.950092" elapsed="0.000621"/>
</kw>
<return>
<value>${num}</value>
<status status="PASS" start="2025-08-20T09:43:31.950913" elapsed="0.000119"/>
</return>
<msg time="2025-08-20T09:43:31.951469" level="INFO">${trackingId} = 7594</msg>
<var>${trackingId}</var>
<status status="PASS" start="2025-08-20T09:43:31.949621" elapsed="0.001939"/>
</kw>
<kw name="Convert To String" owner="BuiltIn">
<msg time="2025-08-20T09:43:31.952298" level="INFO">${trackingId} = 7594</msg>
<var>${trackingId}</var>
<arg>${trackingId}</arg>
<doc>Converts the given item to a Unicode string.</doc>
<status status="PASS" start="2025-08-20T09:43:31.951861" elapsed="0.000504"/>
</kw>
<kw name="Create Dictionary" owner="BuiltIn">
<msg time="2025-08-20T09:43:31.953463" level="INFO">${json} = {'trackingId': '7594', 'password': '7594'}</msg>
<var>${json}</var>
<arg>${KEY_TRACKING_ID}=${trackingId}</arg>
<arg>${KEY_PASSWORD}=${trackingId}</arg>
<doc>Creates and returns a dictionary based on the given ``items``.</doc>
<status status="PASS" start="2025-08-20T09:43:31.952716" elapsed="0.000817"/>
</kw>
<kw name="POST" owner="RequestsLibrary">
<msg time="2025-08-20T09:43:31.958592" level="INFO">POST Request : url=http://localhost:3000/addOrder 
 path_url=/addOrder 
 headers={'User-Agent': 'python-requests/2.32.4', 'Accept-Encoding': 'gzip, deflate', 'Accept': '*/*', 'Connection': 'keep-alive', 'Content-Length': '42', 'Content-Type': 'application/json'} 
 body=b'{"trackingId": "7594", "password": "7594"}' 
 </msg>
<msg time="2025-08-20T09:43:31.958685" level="INFO">POST Response : url=http://localhost:3000/addOrder 
 status=201, reason=Created 
 headers={'X-Powered-By': 'Express', 'Content-Type': 'application/json; charset=utf-8', 'Content-Length': '406', 'ETag': 'W/"196-xtZOhOnEN8Q3rcKxZP1xUr6ooDo"', 'Date': 'Wed, 20 Aug 2025 06:43:31 GMT', 'Connection': 'keep-alive', 'Keep-Alive': 'timeout=5'} 
 body={"success":true,"stages":[{"name":"Order Received","status":"pending","cause":""},{"name":"Order Shipped","status":"pending","cause":""},{"name":"Order Received to Destination Country","status":"pending","cause":""},{"name":"Order Clearance Completed","status":"pending","cause":""},{"name":"Order in Delivery Stage","status":"pending","cause":""},{"name":"Order Delivered","status":"pending","cause":""}]} 
 </msg>
<msg time="2025-08-20T09:43:31.958941" level="INFO">${resp} = &lt;Response [201]&gt;</msg>
<var>${resp}</var>
<arg>${BASE_URL}${ADD_ORDER}</arg>
<arg>json=${json}</arg>
<doc>Sends a POST request.</doc>
<status status="PASS" start="2025-08-20T09:43:31.953841" elapsed="0.005145"/>
</kw>
<if>
<branch type="IF" condition="'${resp.status_code}' == '201'">
<kw name="Set Variable" owner="BuiltIn">
<msg time="2025-08-20T09:43:31.960275" level="INFO">${success} = True</msg>
<var>${success}</var>
<arg>${True}</arg>
<doc>Returns the given values which can then be assigned to a variables.</doc>
<status status="PASS" start="2025-08-20T09:43:31.960012" elapsed="0.000332"/>
</kw>
<kw name="Exit For Loop" owner="BuiltIn">
<msg time="2025-08-20T09:43:31.960638" level="INFO">Exiting for loop altogether.</msg>
<doc>Stops executing the enclosing FOR loop.</doc>
<status status="PASS" start="2025-08-20T09:43:31.960528" elapsed="0.000195"/>
</kw>
<status status="PASS" start="2025-08-20T09:43:31.959123" elapsed="0.001677"/>
</branch>
<status status="PASS" start="2025-08-20T09:43:31.959094" elapsed="0.001762"/>
</if>
<var name="${i}">0</var>
<status status="PASS" start="2025-08-20T09:43:31.949346" elapsed="0.011544"/>
</iter>
<var>${i}</var>
<value>1000</value>
<status status="PASS" start="2025-08-20T09:43:31.948930" elapsed="0.012016"/>
</for>
<if>
<branch type="IF" condition="'${success}'=='False'">
<kw name="Fail" owner="BuiltIn">
<arg>Could not add order after 1000 attempts</arg>
<doc>Fails the test with the given message and optionally alters its tags.</doc>
<status status="NOT RUN" start="2025-08-20T09:43:31.961299" elapsed="0.000035"/>
</kw>
<status status="NOT RUN" start="2025-08-20T09:43:31.961065" elapsed="0.000318"/>
</branch>
<status status="PASS" start="2025-08-20T09:43:31.961031" elapsed="0.000407"/>
</if>
<return>
<value>${trackingId}</value>
<status status="PASS" start="2025-08-20T09:43:31.961480" elapsed="0.000038"/>
</return>
<msg time="2025-08-20T09:43:31.961673" level="INFO">${TRACKING_ID} = 7594</msg>
<var>${TRACKING_ID}</var>
<status status="PASS" start="2025-08-20T09:43:31.947641" elapsed="0.014064"/>
</kw>
<kw name="Login With Credentials" owner="login_keywords">
<kw name="Input Text" owner="SeleniumLibrary">
<msg time="2025-08-20T09:43:31.962459" level="INFO">Typing text '7594' into text field 'id=trackingId'.</msg>
<arg>${LOGIN_ID_FIELD}</arg>
<arg>${id}</arg>
<doc>Types the given ``text`` into the text field identified by ``locator``.</doc>
<status status="PASS" start="2025-08-20T09:43:31.962219" elapsed="0.105419"/>
</kw>
<kw name="Input Text" owner="SeleniumLibrary">
<msg time="2025-08-20T09:43:32.068320" level="INFO">Typing text '7594' into text field 'id=password'.</msg>
<arg>${LOGIN_PASS_FIELD}</arg>
<arg>${password}</arg>
<doc>Types the given ``text`` into the text field identified by ``locator``.</doc>
<status status="PASS" start="2025-08-20T09:43:32.067857" elapsed="0.095510"/>
</kw>
<kw name="Click Button" owner="SeleniumLibrary">
<msg time="2025-08-20T09:43:32.164038" level="INFO">Clicking button 'xpath=//button[text()='Track']'.</msg>
<arg>${TRACK_BUTTON}</arg>
<doc>Clicks the button identified by ``locator``.</doc>
<status status="PASS" start="2025-08-20T09:43:32.163701" elapsed="0.079753"/>
</kw>
<arg>${TRACKING_ID}</arg>
<arg>${TRACKING_ID}</arg>
<status status="PASS" start="2025-08-20T09:43:31.961883" elapsed="0.281766"/>
</kw>
<kw name="Set Global Variable" owner="BuiltIn">
<msg time="2025-08-20T09:43:32.244038" level="INFO">${TRACKING_ID} = 7594</msg>
<arg>${TRACKING_ID}</arg>
<doc>Makes a variable available globally in all tests and suites.</doc>
<status status="PASS" start="2025-08-20T09:43:32.243821" elapsed="0.000264"/>
</kw>
<status status="PASS" start="2025-08-20T09:43:30.404162" elapsed="1.840003"/>
</kw>
<kw name="Get Stage Header Text" owner="utils_keywords">
<kw name="Set Variable" owner="BuiltIn">
<msg time="2025-08-20T09:43:32.244791" level="INFO">${header_xpath} = (//button[text()='Rejected' and not(@disabled)])/ancestor::div[@class='stage']//h3</msg>
<var>${header_xpath}</var>
<arg>(${child_element})/${STAGE_ANCESTOR}</arg>
<doc>Returns the given values which can then be assigned to a variables.</doc>
<status status="PASS" start="2025-08-20T09:43:32.244615" elapsed="0.000207"/>
</kw>
<kw name="Wait Until Element Is Visible" owner="SeleniumLibrary">
<arg>xpath=${header_xpath}</arg>
<arg>10s</arg>
<doc>Waits until the element ``locator`` is visible.</doc>
<status status="PASS" start="2025-08-20T09:43:32.244937" elapsed="0.246707"/>
</kw>
<kw name="Get Text" owner="SeleniumLibrary">
<msg time="2025-08-20T09:43:32.514626" level="INFO">${header_text} = Stage 1: Order Received</msg>
<var>${header_text}</var>
<arg>xpath=${header_xpath}</arg>
<doc>Returns the text value of the element identified by ``locator``.</doc>
<status status="PASS" start="2025-08-20T09:43:32.491974" elapsed="0.022719"/>
</kw>
<return>
<value>${header_text}</value>
<status status="PASS" start="2025-08-20T09:43:32.514807" elapsed="0.000049"/>
</return>
<msg time="2025-08-20T09:43:32.515008" level="INFO">${header_text} = Stage 1: Order Received</msg>
<var>${header_text}</var>
<arg>${REJECT}</arg>
<status status="PASS" start="2025-08-20T09:43:32.244330" elapsed="0.270708"/>
</kw>
<kw name="Reject a Stage" owner="stage_keywords">
<kw name="Click Button" owner="SeleniumLibrary">
<msg time="2025-08-20T09:43:32.515664" level="INFO">Clicking button 'xpath=//button[(text()='Rejected') and not(@disabled)]'.</msg>
<arg>${ENABLED_REJECT}</arg>
<doc>Clicks the button identified by ``locator``.</doc>
<status status="PASS" start="2025-08-20T09:43:32.515477" elapsed="0.075787"/>
</kw>
<kw name="Input Text" owner="SeleniumLibrary">
<msg time="2025-08-20T09:43:32.591674" level="INFO">Typing text 'Reject' into text field 'xpath=//input[@placeholder='Reason for rejection']'.</msg>
<arg>${REJECTION_REASON}</arg>
<arg>Reject</arg>
<doc>Types the given ``text`` into the text field identified by ``locator``.</doc>
<status status="PASS" start="2025-08-20T09:43:32.591450" elapsed="0.075742"/>
</kw>
<kw name="Click Button" owner="SeleniumLibrary">
<msg time="2025-08-20T09:43:32.667589" level="INFO">Clicking button 'xpath=//button[text()='Submit']'.</msg>
<arg>${SUBMIT_BUTTON}</arg>
<doc>Clicks the button identified by ``locator``.</doc>
<status status="PASS" start="2025-08-20T09:43:32.667382" elapsed="0.109292"/>
</kw>
<kw name="Reject Should Succeed" owner="stage_keywords">
<kw name="Wait Until Element Is Visible" owner="SeleniumLibrary">
<arg>${SUCCESS_MESSAGE}</arg>
<arg>10s</arg>
<doc>Waits until the element ``locator`` is visible.</doc>
<status status="PASS" start="2025-08-20T09:43:32.777549" elapsed="0.064438"/>
</kw>
<kw name="Element Should Contain" owner="SeleniumLibrary">
<msg time="2025-08-20T09:43:32.863212" level="INFO">Element 'xpath=//*[@class='message success']' contains text 'marked as rejected'.</msg>
<arg>${SUCCESS_MESSAGE}</arg>
<arg>${REJECTION_SUCCESS}</arg>
<doc>Verifies that element ``locator`` contains text ``expected``.</doc>
<status status="PASS" start="2025-08-20T09:43:32.842384" elapsed="0.020995"/>
</kw>
<status status="PASS" start="2025-08-20T09:43:32.777025" elapsed="0.086539"/>
</kw>
<status status="PASS" start="2025-08-20T09:43:32.515219" elapsed="0.348475"/>
</kw>
<kw name="Set Test Variable" owner="BuiltIn">
<msg time="2025-08-20T09:43:32.866488" level="INFO">${STAGE_HEADER} = Stage 1: Order Received</msg>
<arg>${STAGE_HEADER}</arg>
<arg>${header_text}</arg>
<doc>Makes a variable available everywhere within the scope of the current test.</doc>
<status status="PASS" start="2025-08-20T09:43:32.863965" elapsed="0.002601"/>
</kw>
<status status="PASS" start="2025-08-20T09:43:30.400278" elapsed="2.466409"/>
</kw>
<kw name="Get Stage Header Text" owner="utils_keywords">
<kw name="Set Variable" owner="BuiltIn">
<msg time="2025-08-20T09:43:32.868196" level="INFO">${header_xpath} = (//button[(text()='Done') and not(@disabled)])/ancestor::div[@class='stage']//h3</msg>
<var>${header_xpath}</var>
<arg>(${child_element})/${STAGE_ANCESTOR}</arg>
<doc>Returns the given values which can then be assigned to a variables.</doc>
<status status="PASS" start="2025-08-20T09:43:32.867704" elapsed="0.000598"/>
</kw>
<kw name="Wait Until Element Is Visible" owner="SeleniumLibrary">
<arg>xpath=${header_xpath}</arg>
<arg>10s</arg>
<doc>Waits until the element ``locator`` is visible.</doc>
<status status="PASS" start="2025-08-20T09:43:32.868863" elapsed="0.021563"/>
</kw>
<kw name="Get Text" owner="SeleniumLibrary">
<msg time="2025-08-20T09:43:32.905114" level="INFO">${header_text} = Stage 1: Order Received</msg>
<var>${header_text}</var>
<arg>xpath=${header_xpath}</arg>
<doc>Returns the text value of the element identified by ``locator``.</doc>
<status status="PASS" start="2025-08-20T09:43:32.890657" elapsed="0.014549"/>
</kw>
<return>
<value>${header_text}</value>
<status status="PASS" start="2025-08-20T09:43:32.905417" elapsed="0.000088"/>
</return>
<msg time="2025-08-20T09:43:32.905872" level="INFO">${done_header_text} = Stage 1: Order Received</msg>
<var>${done_header_text}</var>
<arg>${DONE}</arg>
<status status="PASS" start="2025-08-20T09:43:32.867190" elapsed="0.038751"/>
</kw>
<kw name="Should Be Equal As Strings" owner="BuiltIn">
<arg>${STAGE_HEADER}</arg>
<arg>${done_header_text}</arg>
<doc>Fails if objects are unequal after converting them to strings.</doc>
<status status="PASS" start="2025-08-20T09:43:32.906518" elapsed="0.000448"/>
</kw>
<kw name="Get WebElement" owner="SeleniumLibrary">
<msg time="2025-08-20T09:43:32.919396" level="INFO">${done_el} = &lt;selenium.webdriver.remote.webelement.WebElement (session="a8a3cc981e2123180ec6c7a308bb410e", element="f.34ECC5C530D476A64C1CF13CE2262727.d.0ECF09925B9B6004C91140C9F02004F6.e.43")&gt;</msg>
<var>${done_el}</var>
<arg>${DONE_BUTTON}</arg>
<doc>Returns the first WebElement matching the given ``locator``.</doc>
<status status="PASS" start="2025-08-20T09:43:32.907481" elapsed="0.012079"/>
</kw>
<kw name="Element Should Be Enabled" owner="SeleniumLibrary">
<arg>${done_el}</arg>
<doc>Verifies that element identified by ``locator`` is enabled.</doc>
<status status="PASS" start="2025-08-20T09:43:32.920160" elapsed="0.011770"/>
</kw>
<kw name="Get Child Sibling Element" owner="utils_keywords">
[...]
<var>${buttons_xpath}</var>
<arg>${STAGE_H3_PREFIX}${i}${STAGE_H3_SUFFIX}${STAGE_BUTTONS}</arg>
<doc>Returns the given values which can then be assigned to a variables.</doc>
<status status="PASS" start="2025-08-20T09:43:42.933179" elapsed="0.000495"/>
</kw>
<kw name="Get WebElements" owner="SeleniumLibrary">
<msg time="2025-08-20T09:43:42.941575" level="INFO">${buttons} = []</msg>
<var>${buttons}</var>
<arg>xpath=${buttons_xpath}</arg>
<doc>Returns a list of WebElement objects matching the ``locator``.</doc>
<status status="PASS" start="2025-08-20T09:43:42.933886" elapsed="0.007734"/>
</kw>
<for flavor="IN">
<iter>
<kw name="Element Should Be Disabled" owner="SeleniumLibrary">
<arg>${btn}</arg>
<doc>Verifies that element identified by ``locator`` is disabled.</doc>
<status status="NOT RUN" start="2025-08-20T09:43:42.941985" elapsed="0.000031"/>
</kw>
<var name="${btn}"/>
<status status="NOT RUN" start="2025-08-20T09:43:42.941862" elapsed="0.000202"/>
</iter>
<var>${btn}</var>
<value>@{buttons}</value>
<status status="NOT RUN" start="2025-08-20T09:43:42.941711" elapsed="0.000398"/>
</for>
<var name="${i}">3</var>
<status status="PASS" start="2025-08-20T09:43:42.933077" elapsed="0.009083"/>
</iter>
<iter>
<kw name="Set Variable" owner="BuiltIn">
<msg time="2025-08-20T09:43:42.942612" level="INFO">${buttons_xpath} = //h3[contains(., 'Stage4')]//div[@class='buttons']</msg>
<var>${buttons_xpath}</var>
<arg>${STAGE_H3_PREFIX}${i}${STAGE_H3_SUFFIX}${STAGE_BUTTONS}</arg>
<doc>Returns the given values which can then be assigned to a variables.</doc>
<status status="PASS" start="2025-08-20T09:43:42.942380" elapsed="0.000262"/>
</kw>
<kw name="Get WebElements" owner="SeleniumLibrary">
<msg time="2025-08-20T09:43:42.949195" level="INFO">${buttons} = []</msg>
<var>${buttons}</var>
<arg>xpath=${buttons_xpath}</arg>
<doc>Returns a list of WebElement objects matching the ``locator``.</doc>
<status status="PASS" start="2025-08-20T09:43:42.942763" elapsed="0.006476"/>
</kw>
<for flavor="IN">
<iter>
<kw name="Element Should Be Disabled" owner="SeleniumLibrary">
<arg>${btn}</arg>
<doc>Verifies that element identified by ``locator`` is disabled.</doc>
<status status="NOT RUN" start="2025-08-20T09:43:42.949601" elapsed="0.000032"/>
</kw>
<var name="${btn}"/>
<status status="NOT RUN" start="2025-08-20T09:43:42.949478" elapsed="0.000206"/>
</iter>
<var>${btn}</var>
<value>@{buttons}</value>
<status status="NOT RUN" start="2025-08-20T09:43:42.949328" elapsed="0.000401"/>
</for>
<var name="${i}">4</var>
<status status="PASS" start="2025-08-20T09:43:42.942285" elapsed="0.007512"/>
</iter>
<var>${i}</var>
<value>1</value>
<value>${stage_number}</value>
<status status="PASS" start="2025-08-20T09:43:42.915528" elapsed="0.034310"/>
</for>
<arg>${i}</arg>
<status status="PASS" start="2025-08-20T09:43:42.915260" elapsed="0.034649"/>
</kw>
<kw name="Assert Next Stages are Disabled" owner="stage_keywords">
<kw name="Evaluate" owner="BuiltIn">
<msg time="2025-08-20T09:43:42.950528" level="INFO">${current} = 6</msg>
<var>${current}</var>
<arg>int(${stage_number}) + 1</arg>
<doc>Evaluates the given expression in Python and returns the result.</doc>
<status status="PASS" start="2025-08-20T09:43:42.950325" elapsed="0.000230"/>
</kw>
<kw name="Evaluate" owner="BuiltIn">
<msg time="2025-08-20T09:43:42.950850" level="INFO">${total} = 7</msg>
<var>${total}</var>
<arg>int(${STAGES_COUNT}) + 1</arg>
<doc>Evaluates the given expression in Python and returns the result.</doc>
<status status="PASS" start="2025-08-20T09:43:42.950676" elapsed="0.000200"/>
</kw>
<for flavor="IN RANGE">
<iter>
<kw name="Set Variable" owner="BuiltIn">
<msg time="2025-08-20T09:43:42.951375" level="INFO">${buttons_xpath} = //h3[contains(., 'Stage6')]//div[@class='buttons']</msg>
<var>${buttons_xpath}</var>
<arg>${STAGE_H3_PREFIX}${i}${STAGE_H3_SUFFIX}${STAGE_BUTTONS}</arg>
<doc>Returns the given values which can then be assigned to a variables.</doc>
<status status="PASS" start="2025-08-20T09:43:42.951182" elapsed="0.000224"/>
</kw>
<kw name="Get WebElements" owner="SeleniumLibrary">
<msg time="2025-08-20T09:43:42.959999" level="INFO">${buttons} = []</msg>
<var>${buttons}</var>
<arg>xpath=${buttons_xpath}</arg>
<doc>Returns a list of WebElement objects matching the ``locator``.</doc>
<status status="PASS" start="2025-08-20T09:43:42.951678" elapsed="0.008364"/>
</kw>
<for flavor="IN">
<iter>
<kw name="Element Should Be Disabled" owner="SeleniumLibrary">
<arg>${btn}</arg>
<doc>Verifies that element identified by ``locator`` is disabled.</doc>
<status status="NOT RUN" start="2025-08-20T09:43:42.960371" elapsed="0.000030"/>
</kw>
<var name="${btn}"/>
<status status="NOT RUN" start="2025-08-20T09:43:42.960254" elapsed="0.000190"/>
</iter>
<var>${btn}</var>
<value>@{buttons}</value>
<status status="NOT RUN" start="2025-08-20T09:43:42.960126" elapsed="0.000360"/>
</for>
<var name="${i}">6</var>
<status status="PASS" start="2025-08-20T09:43:42.951098" elapsed="0.009433"/>
</iter>
<var>${i}</var>
<value>${current}</value>
<value>${total}</value>
<status status="PASS" start="2025-08-20T09:43:42.950944" elapsed="0.009627"/>
</for>
<arg>${i}</arg>
<status status="PASS" start="2025-08-20T09:43:42.950081" elapsed="0.010568"/>
</kw>
<kw name="Evaluate" owner="BuiltIn">
<msg time="2025-08-20T09:43:42.960977" level="INFO">${i} = 6</msg>
<var>${i}</var>
<arg>${i}+1</arg>
<doc>Evaluates the given expression in Python and returns the result.</doc>
<status status="PASS" start="2025-08-20T09:43:42.960760" elapsed="0.000246"/>
</kw>
<var name="${stage}">&lt;selenium.webdriver.remote.webelement.WebElement (session="38328957631ad9c3ee5c6017f0494b1f", element="f.0B346A7C23E065CF8B6359D6A181EC86.d.F93ADF1E081C01ABE79A8EE3332E46E1.e.15")&gt;</var>
<status status="PASS" start="2025-08-20T09:43:42.797990" elapsed="0.163062"/>
</iter>
<iter>
<kw name="Click Button" owner="SeleniumLibrary">
<msg time="2025-08-20T09:43:42.961429" level="INFO">Clicking button 'xpath=//button[(text()='Done') and not(@disabled)]'.</msg>
<arg>${ENABLED_DONE}</arg>
<doc>Clicks the button identified by ``locator``.</doc>
<status status="PASS" start="2025-08-20T09:43:42.961248" elapsed="0.081278"/>
</kw>
<kw name="Assert Stage Marked As Done" owner="stage_keywords">
<kw name="Catenate" owner="BuiltIn">
<msg time="2025-08-20T09:43:43.044002" level="INFO">${expected_message} = Stage 6 marked as done</msg>
<var>${expected_message}</var>
<arg>SEPARATOR=</arg>
<arg>${SUCCESS_PREFIX} ${stage_number} ${SUCCESS_SUFFIX}</arg>
<doc>Catenates the given items together and returns the resulted string.</doc>
<status status="PASS" start="2025-08-20T09:43:43.043511" elapsed="0.000546"/>
</kw>
<kw name="Wait Until Element Is Visible" owner="SeleniumLibrary">
<arg>${SUCCESS_MESSAGE}</arg>
<arg>10s</arg>
<doc>Waits until the element ``locator`` is visible.</doc>
<status status="PASS" start="2025-08-20T09:43:43.044307" elapsed="0.017162"/>
</kw>
<kw name="Element Should Contain" owner="SeleniumLibrary">
<msg time="2025-08-20T09:43:43.078179" level="INFO">Element 'xpath=//*[@class='message success']' contains text 'Stage 6 marked as done'.</msg>
<arg>${SUCCESS_MESSAGE}</arg>
<arg>${expected_message}</arg>
<doc>Verifies that element ``locator`` contains text ``expected``.</doc>
<status status="PASS" start="2025-08-20T09:43:43.061662" elapsed="0.016607"/>
</kw>
<arg>${i}</arg>
<status status="PASS" start="2025-08-20T09:43:43.042889" elapsed="0.035477"/>
</kw>
<kw name="Assert Previous Stages are Disabled" owner="stage_keywords">
<for flavor="IN RANGE">
<iter>
<kw name="Set Variable" owner="BuiltIn">
<msg time="2025-08-20T09:43:43.079399" level="INFO">${buttons_xpath} = //h3[contains(., 'Stage1')]//div[@class='buttons']</msg>
<var>${buttons_xpath}</var>
<arg>${STAGE_H3_PREFIX}${i}${STAGE_H3_SUFFIX}${STAGE_BUTTONS}</arg>
<doc>Returns the given values which can then be assigned to a variables.</doc>
<status status="PASS" start="2025-08-20T09:43:43.079188" elapsed="0.000241"/>
</kw>
<kw name="Get WebElements" owner="SeleniumLibrary">
<msg time="2025-08-20T09:43:43.089061" level="INFO">${buttons} = []</msg>
<var>${buttons}</var>
<arg>xpath=${buttons_xpath}</arg>
<doc>Returns a list of WebElement objects matching the ``locator``.</doc>
<status status="PASS" start="2025-08-20T09:43:43.079634" elapsed="0.009491"/>
</kw>
<for flavor="IN">
<iter>
<kw name="Element Should Be Disabled" owner="SeleniumLibrary">
<arg>${btn}</arg>
<doc>Verifies that element identified by ``locator`` is disabled.</doc>
<status status="NOT RUN" start="2025-08-20T09:43:43.089511" elapsed="0.000034"/>
</kw>
<var name="${btn}"/>
<status status="NOT RUN" start="2025-08-20T09:43:43.089380" elapsed="0.000212"/>
</iter>
<var>${btn}</var>
<value>@{buttons}</value>
<status status="NOT RUN" start="2025-08-20T09:43:43.089223" elapsed="0.000414"/>
</for>
<var name="${i}">1</var>
<status status="PASS" start="2025-08-20T09:43:43.079068" elapsed="0.010620"/>
</iter>
<iter>
<kw name="Set Variable" owner="BuiltIn">
<msg time="2025-08-20T09:43:43.090150" level="INFO">${buttons_xpath} = //h3[contains(., 'Stage2')]//div[@class='buttons']</msg>
<var>${buttons_xpath}</var>
<arg>${STAGE_H3_PREFIX}${i}${STAGE_H3_SUFFIX}${STAGE_BUTTONS}</arg>
<doc>Returns the given values which can then be assigned to a variables.</doc>
<status status="PASS" start="2025-08-20T09:43:43.089912" elapsed="0.000273"/>
</kw>
<kw name="Get WebElements" owner="SeleniumLibrary">
<msg time="2025-08-20T09:43:43.097393" level="INFO">${buttons} = []</msg>
<var>${buttons}</var>
<arg>xpath=${buttons_xpath}</arg>
<doc>Returns a list of WebElement objects matching the ``locator``.</doc>
<status status="PASS" start="2025-08-20T09:43:43.090305" elapsed="0.007129"/>
</kw>
<for flavor="IN">
<iter>
<kw name="Element Should Be Disabled" owner="SeleniumLibrary">
<arg>${btn}</arg>
<doc>Verifies that element identified by ``locator`` is disabled.</doc>
<status status="NOT RUN" start="2025-08-20T09:43:43.097763" elapsed="0.000029"/>
</kw>
<var name="${btn}"/>
<status status="NOT RUN" start="2025-08-20T09:43:43.097651" elapsed="0.000183"/>
</iter>
<var>${btn}</var>
<value>@{buttons}</value>
<status status="NOT RUN" start="2025-08-20T09:43:43.097516" elapsed="0.000357"/>
</for>
<var name="${i}">2</var>
<status status="PASS" start="2025-08-20T09:43:43.089812" elapsed="0.008110"/>
</iter>
<iter>
<kw name="Set Variable" owner="BuiltIn">
<msg time="2025-08-20T09:43:43.098364" level="INFO">${buttons_xpath} = //h3[contains(., 'Stage3')]//div[@class='buttons']</msg>
<var>${buttons_xpath}</var>
<arg>${STAGE_H3_PREFIX}${i}${STAGE_H3_SUFFIX}${STAGE_BUTTONS}</arg>
<doc>Returns the given values which can then be assigned to a variables.</doc>
<status status="PASS" start="2025-08-20T09:43:43.098150" elapsed="0.000242"/>
</kw>
<kw name="Get WebElements" owner="SeleniumLibrary">
<msg time="2025-08-20T09:43:43.107381" level="INFO">${buttons} = []</msg>
<var>${buttons}</var>
<arg>xpath=${buttons_xpath}</arg>
<doc>Returns a list of WebElement objects matching the ``locator``.</doc>
<status status="PASS" start="2025-08-20T09:43:43.098501" elapsed="0.008932"/>
</kw>
<for flavor="IN">
<iter>
<kw name="Element Should Be Disabled" owner="SeleniumLibrary">
<arg>${btn}</arg>
<doc>Verifies that element identified by ``locator`` is disabled.</doc>
<status status="NOT RUN" start="2025-08-20T09:43:43.107789" elapsed="0.000030"/>
</kw>
<var name="${btn}"/>
<status status="NOT RUN" start="2025-08-20T09:43:43.107658" elapsed="0.000203"/>
</iter>
<var>${btn}</var>
<value>@{buttons}</value>
<status status="NOT RUN" start="2025-08-20T09:43:43.107526" elapsed="0.000376"/>
</for>
<var name="${i}">3</var>
<status status="PASS" start="2025-08-20T09:43:43.098033" elapsed="0.009915"/>
</iter>
<iter>
<kw name="Set Variable" owner="BuiltIn">
<msg time="2025-08-20T09:43:43.108415" level="INFO">${buttons_xpath} = //h3[contains(., 'Stage4')]//div[@class='buttons']</msg>
<var>${buttons_xpath}</var>
<arg>${STAGE_H3_PREFIX}${i}${STAGE_H3_SUFFIX}${STAGE_BUTTONS}</arg>
<doc>Returns the given values which can then be assigned to a variables.</doc>
<status status="PASS" start="2025-08-20T09:43:43.108185" elapsed="0.000260"/>
</kw>
<kw name="Get WebElements" owner="SeleniumLibrary">
<msg time="2025-08-20T09:43:43.116271" level="INFO">${buttons} = []</msg>
<var>${buttons}</var>
<arg>xpath=${buttons_xpath}</arg>
<doc>Returns a list of WebElement objects matching the ``locator``.</doc>
<status status="PASS" start="2025-08-20T09:43:43.108558" elapsed="0.007757"/>
</kw>
<for flavor="IN">
<iter>
<kw name="Element Should Be Disabled" owner="SeleniumLibrary">
<arg>${btn}</arg>
<doc>Verifies that element identified by ``locator`` is disabled.</doc>
<status status="NOT RUN" start="2025-08-20T09:43:43.116716" elapsed="0.000028"/>
</kw>
<var name="${btn}"/>
<status status="NOT RUN" start="2025-08-20T09:43:43.116551" elapsed="0.000233"/>
</iter>
<var>${btn}</var>
<value>@{buttons}</value>
<status status="NOT RUN" start="2025-08-20T09:43:43.116405" elapsed="0.000417"/>
</for>
<var name="${i}">4</var>
<status status="PASS" start="2025-08-20T09:43:43.108080" elapsed="0.008783"/>
</iter>
<iter>
<kw name="Set Variable" owner="BuiltIn">
<msg time="2025-08-20T09:43:43.117467" level="INFO">${buttons_xpath} = //h3[contains(., 'Stage5')]//div[@class='buttons']</msg>
<var>${buttons_xpath}</var>
<arg>${STAGE_H3_PREFIX}${i}${STAGE_H3_SUFFIX}${STAGE_BUTTONS}</arg>
<doc>Returns the given values which can then be assigned to a variables.</doc>
<status status="PASS" start="2025-08-20T09:43:43.117050" elapsed="0.000466"/>
</kw>
<kw name="Get WebElements" owner="SeleniumLibrary">
<msg time="2025-08-20T09:43:43.125928" level="INFO">${buttons} = []</msg>
<var>${buttons}</var>
<arg>xpath=${buttons_xpath}</arg>
<doc>Returns a list of WebElement objects matching the ``locator``.</doc>
<status status="PASS" start="2025-08-20T09:43:43.117653" elapsed="0.008317"/>
</kw>
<for flavor="IN">
<iter>
<kw name="Element Should Be Disabled" owner="SeleniumLibrary">
<arg>${btn}</arg>
<doc>Verifies that element identified by ``locator`` is disabled.</doc>
<status status="NOT RUN" start="2025-08-20T09:43:43.126327" elapsed="0.000029"/>
</kw>
<var name="${btn}"/>
<status status="NOT RUN" start="2025-08-20T09:43:43.126187" elapsed="0.000212"/>
</iter>
<var>${btn}</var>
<value>@{buttons}</value>
<status status="NOT RUN" start="2025-08-20T09:43:43.126058" elapsed="0.000382"/>
</for>
<var name="${i}">5</var>
<status status="PASS" start="2025-08-20T09:43:43.116967" elapsed="0.009527"/>
</iter>
<var>${i}</var>
<value>1</value>
<value>${stage_number}</value>
<status status="PASS" start="2025-08-20T09:43:43.078863" elapsed="0.047670"/>
</for>
<arg>${i}</arg>
<status status="PASS" start="2025-08-20T09:43:43.078603" elapsed="0.048001"/>
</kw>
<kw name="Assert Next Stages are Disabled" owner="stage_keywords">
<kw name="Evaluate" owner="BuiltIn">
<msg time="2025-08-20T09:43:43.127228" level="INFO">${current} = 7</msg>
<var>${current}</var>
<arg>int(${stage_number}) + 1</arg>
<doc>Evaluates the given expression in Python and returns the result.</doc>
<status status="PASS" start="2025-08-20T09:43:43.127020" elapsed="0.000235"/>
</kw>
<kw name="Evaluate" owner="BuiltIn">
<msg time="2025-08-20T09:43:43.127526" level="INFO">${total} = 7</msg>
<var>${total}</var>
<arg>int(${STAGES_COUNT}) + 1</arg>
<doc>Evaluates the given expression in Python and returns the result.</doc>
<status status="PASS" start="2025-08-20T09:43:43.127356" elapsed="0.000197"/>
</kw>
<for flavor="IN RANGE">
<iter>
<kw name="Set Variable" owner="BuiltIn">
<var>${buttons_xpath}</var>
<arg>${STAGE_H3_PREFIX}${i}${STAGE_H3_SUFFIX}${STAGE_BUTTONS}</arg>
<doc>Returns the given values which can then be assigned to a variables.</doc>
<status status="NOT RUN" start="2025-08-20T09:43:43.127845" elapsed="0.000038"/>
</kw>
<kw name="Get WebElements" owner="SeleniumLibrary">
<var>${buttons}</var>
<arg>xpath=${buttons_xpath}</arg>
<doc>Returns a list of WebElement objects matching the ``locator``.</doc>
<status status="NOT RUN" start="2025-08-20T09:43:43.127989" elapsed="0.000027"/>
</kw>
<for flavor="IN">
<iter>
<kw name="Element Should Be Disabled" owner="SeleniumLibrary">
<arg>${btn}</arg>
<doc>Verifies that element identified by ``locator`` is disabled.</doc>
<status status="NOT RUN" start="2025-08-20T09:43:43.128260" elapsed="0.000026"/>
</kw>
<var name="${btn}"/>
<status status="NOT RUN" start="2025-08-20T09:43:43.128169" elapsed="0.000154"/>
</iter>
<var>${btn}</var>
<value>@{buttons}</value>
<status status="NOT RUN" start="2025-08-20T09:43:43.128116" elapsed="0.000244"/>
</for>
<var name="${i}"/>
<status status="NOT RUN" start="2025-08-20T09:43:43.127763" elapsed="0.000636"/>
</iter>
<var>${i}</var>
<value>${current}</value>
<value>${total}</value>
<status status="NOT RUN" start="2025-08-20T09:43:43.127624" elapsed="0.000807"/>
</for>
<arg>${i}</arg>
<status status="PASS" start="2025-08-20T09:43:43.126770" elapsed="0.001730"/>
</kw>
<kw name="Evaluate" owner="BuiltIn">
<msg time="2025-08-20T09:43:43.128763" level="INFO">${i} = 7</msg>
<var>${i}</var>
<arg>${i}+1</arg>
<doc>Evaluates the given expression in Python and returns the result.</doc>
<status status="PASS" start="2025-08-20T09:43:43.128595" elapsed="0.000206"/>
</kw>
<var name="${stage}">&lt;selenium.webdriver.remote.webelement.WebElement (session="38328957631ad9c3ee5c6017f0494b1f", element="f.0B346A7C23E065CF8B6359D6A181EC86.d.F93ADF1E081C01ABE79A8EE3332E46E1.e.16")&gt;</var>
<status status="PASS" start="2025-08-20T09:43:42.961164" elapsed="0.167681"/>
</iter>
<var>${stage}</var>
<value>@{stages}</value>
<status status="PASS" start="2025-08-20T09:43:42.137038" elapsed="0.991851"/>
</for>
<kw name="Delete Order" owner="stage_keywords" type="TEARDOWN">
<kw name="Create Dictionary" owner="BuiltIn">
<msg time="2025-08-20T09:43:43.130006" level="INFO">${json} = {'trackingId': '9325', 'password': '9325'}</msg>
<var>${json}</var>
<arg>${KEY_TRACKING_ID}=${TRACKING_ID}</arg>
<arg>${KEY_PASSWORD}=${TRACKING_ID}</arg>
<doc>Creates and returns a dictionary based on the given ``items``.</doc>
<status status="PASS" start="2025-08-20T09:43:43.129746" elapsed="0.000289"/>
</kw>
<kw name="DELETE" owner="RequestsLibrary">
<msg time="2025-08-20T09:43:43.133564" level="INFO">DELETE Request : url=http://localhost:3000/deleteOrder 
 path_url=/deleteOrder 
 headers={'User-Agent': 'python-requests/2.32.4', 'Accept-Encoding': 'gzip, deflate', 'Accept': '*/*', 'Connection': 'keep-alive', 'Content-Length': '42', 'Content-Type': 'application/json'} 
 body=b'{"trackingId": "9325", "password": "9325"}' 
 </msg>
<msg time="2025-08-20T09:43:43.133631" level="INFO">DELETE Response : url=http://localhost:3000/deleteOrder 
 status=200, reason=OK 
 headers={'X-Powered-By': 'Express', 'Content-Type': 'application/json; charset=utf-8', 'Content-Length': '42', 'ETag': 'W/"2a-73HTL89b4tbDT7yR3vJfTGBT34w"', 'Date': 'Wed, 20 Aug 2025 06:43:43 GMT', 'Connection': 'keep-alive', 'Keep-Alive': 'timeout=5'} 
 body={"success":true,"message":"Order deleted"} 
 </msg>
<arg>${BASE_URL}${DELETE_ORDER}</arg>
<arg>json=${json}</arg>
<arg>expected_status=200</arg>
<doc>Sends a DELETE request.</doc>
<status status="PASS" start="2025-08-20T09:43:43.130138" elapsed="0.003705"/>
</kw>
<kw name="Close Browser" owner="SeleniumLibrary">
<doc>Closes the current browser.</doc>
<status status="PASS" start="2025-08-20T09:43:43.134057" elapsed="2.279014"/>
</kw>
<status status="PASS" start="2025-08-20T09:43:43.129350" elapsed="2.284091"/>
</kw>
<status status="PASS" start="2025-08-20T09:43:40.260371" elapsed="5.153784"/>
</test>
<status status="PASS" start="2025-08-20T09:43:08.089364" elapsed="37.328305"/>
</suite>
<statistics>
<total>
<stat pass="8" fail="0" skip="0">All Tests</stat>
</total>
<tag>
</tag>
<suite>
<stat name="Stages Test" id="s1" pass="8" fail="0" skip="0">Stages Test</stat>
</suite>
</statistics>
<errors>
</errors>
</robot>
