<?xml version="1.0" encoding="UTF-8"?>
<robot generator="Robot 7.3.2 (Python 3.13.5 on win32)" generated="2025-08-24T09:49:03.432321" rpa="false" schemaversion="5">
<suite id="s1" name="Tests" source="C:\Users\raghad.jamhour\Desktop\Exalt\Training\Exalt-QA-Training-2025-raghad-jamhour\Assignment-10\Shipping Tracking System\tests">
<suite id="s1-s1" name="Login" source="C:\Users\raghad.jamhour\Desktop\Exalt\Training\Exalt-QA-Training-2025-raghad-jamhour\Assignment-10\Shipping Tracking System\tests\login">
<suite id="s1-s1-s1" name="Login Test" source="C:\Users\raghad.jamhour\Desktop\Exalt\Training\Exalt-QA-Training-2025-raghad-jamhour\Assignment-10\Shipping Tracking System\tests\login\login_test.robot">
<test id="s1-s1-s1-t1" name="Login Successful" line="13">
<kw name="Create User" owner="setup_teardown_keywords" type="SETUP">
<kw name="Open Web Browser" owner="utils_keywords">
<kw name="Open Browser" owner="SeleniumLibrary">
<msg time="2025-08-24T09:49:04.907892" level="INFO">Opening browser 'chrome' to base url 'http://localhost:3000'.</msg>
<arg>${BASE_URL}</arg>
<arg>chrome</arg>
<arg>options=add_experimental_option("excludeSwitches", ["enable-automation","disable-popup-blocking"])</arg>
<doc>Opens a new browser instance to the optional ``url``.</doc>
<status status="PASS" start="2025-08-24T09:49:04.907611" elapsed="4.166732"/>
</kw>
<status status="PASS" start="2025-08-24T09:49:04.906717" elapsed="4.167998"/>
</kw>
<kw name="Add Order" owner="stage_keywords">
<kw name="Set Variable" owner="BuiltIn">
<msg time="2025-08-24T09:49:09.076657" level="INFO">${success} = False</msg>
<var>${success}</var>
<arg>${False}</arg>
<doc>Returns the given values which can then be assigned to a variables.</doc>
<status status="PASS" start="2025-08-24T09:49:09.075971" elapsed="0.000826"/>
</kw>
<for flavor="IN RANGE">
<iter>
<kw name="Random Integer" owner="utils_keywords">
<kw name="Evaluate" owner="BuiltIn">
<msg time="2025-08-24T09:49:09.080837" level="INFO">${num} = 6245</msg>
<var>${num}</var>
<arg>random.randint(1000,9999)</arg>
<arg>modules=random</arg>
<doc>Evaluates the given expression in Python and returns the result.</doc>
<status status="PASS" start="2025-08-24T09:49:09.080138" elapsed="0.000819"/>
</kw>
<return>
<value>${num}</value>
<status status="PASS" start="2025-08-24T09:49:09.081185" elapsed="0.000173"/>
</return>
<msg time="2025-08-24T09:49:09.081776" level="INFO">${trackingId} = 6245</msg>
<var>${trackingId}</var>
<status status="PASS" start="2025-08-24T09:49:09.079256" elapsed="0.002607"/>
</kw>
<kw name="Convert To String" owner="BuiltIn">
<msg time="2025-08-24T09:49:09.082784" level="INFO">${trackingId} = 6245</msg>
<var>${trackingId}</var>
<arg>${trackingId}</arg>
<doc>Converts the given item to a Unicode string.</doc>
<status status="PASS" start="2025-08-24T09:49:09.082250" elapsed="0.000619"/>
</kw>
<kw name="Create Dictionary" owner="BuiltIn">
<msg time="2025-08-24T09:49:09.084932" level="INFO">${json} = {'trackingId': '6245', 'password': '6245'}</msg>
<var>${json}</var>
<arg>${KEY_TRACKING_ID}=${trackingId}</arg>
<arg>${KEY_PASSWORD}=${trackingId}</arg>
<doc>Creates and returns a dictionary based on the given ``items``.</doc>
<status status="PASS" start="2025-08-24T09:49:09.083221" elapsed="0.002124"/>
</kw>
<kw name="POST" owner="RequestsLibrary">
<msg time="2025-08-24T09:49:09.131954" level="INFO">POST Request : url=http://localhost:3000/addOrder 
 path_url=/addOrder 
 headers={'User-Agent': 'python-requests/2.32.4', 'Accept-Encoding': 'gzip, deflate', 'Accept': '*/*', 'Connection': 'keep-alive', 'Content-Length': '42', 'Content-Type': 'application/json'} 
 body=b'{"trackingId": "6245", "password": "6245"}' 
 </msg>
<msg time="2025-08-24T09:49:09.132098" level="INFO">POST Response : url=http://localhost:3000/addOrder 
 status=201, reason=Created 
 headers={'X-Powered-By': 'Express', 'Content-Type': 'application/json; charset=utf-8', 'Content-Length': '406', 'ETag': 'W/"196-xtZOhOnEN8Q3rcKxZP1xUr6ooDo"', 'Date': 'Sun, 24 Aug 2025 06:49:09 GMT', 'Connection': 'keep-alive', 'Keep-Alive': 'timeout=5'} 
 body={"success":true,"stages":[{"name":"Order Received","status":"pending","cause":""},{"name":"Order Shipped","status":"pending","cause":""},{"name":"Order Received to Destination Country","status":"pending","cause":""},{"name":"Order Clearance Completed","status":"pending","cause":""},{"name":"Order in Delivery Stage","status":"pending","cause":""},{"name":"Order Delivered","status":"pending","cause":""}]} 
 </msg>
<msg time="2025-08-24T09:49:09.132252" level="INFO">${resp} = &lt;Response [201]&gt;</msg>
<var>${resp}</var>
<arg>${BASE_URL}${ADD_ORDER}</arg>
<arg>json=${json}</arg>
<doc>Sends a POST request.</doc>
<status status="PASS" start="2025-08-24T09:49:09.086871" elapsed="0.045434"/>
</kw>
<if>
<branch type="IF" condition="'${resp.status_code}' == '201'">
<kw name="Set Variable" owner="BuiltIn">
<msg time="2025-08-24T09:49:09.136300" level="INFO">${success} = True</msg>
<var>${success}</var>
<arg>${True}</arg>
<doc>Returns the given values which can then be assigned to a variables.</doc>
<status status="PASS" start="2025-08-24T09:49:09.134976" elapsed="0.001404"/>
</kw>
<kw name="Exit For Loop" owner="BuiltIn">
<msg time="2025-08-24T09:49:09.136952" level="INFO">Exiting for loop altogether.</msg>
<doc>Stops executing the enclosing FOR loop.</doc>
<status status="PASS" start="2025-08-24T09:49:09.136713" elapsed="0.000362"/>
</kw>
<status status="PASS" start="2025-08-24T09:49:09.132460" elapsed="0.004717"/>
</branch>
<status status="PASS" start="2025-08-24T09:49:09.132421" elapsed="0.004854"/>
</if>
<var name="${i}">0</var>
<status status="PASS" start="2025-08-24T09:49:09.078625" elapsed="0.058725"/>
</iter>
<var>${i}</var>
<value>1000</value>
<status status="PASS" start="2025-08-24T09:49:09.077064" elapsed="0.060395"/>
</for>
<if>
<branch type="IF" condition="'${success}'=='False'">
<kw name="Fail" owner="BuiltIn">
<arg>Could not add order after 1000 attempts</arg>
<doc>Fails the test with the given message and optionally alters its tags.</doc>
<status status="NOT RUN" start="2025-08-24T09:49:09.137929" elapsed="0.000042"/>
</kw>
<status status="NOT RUN" start="2025-08-24T09:49:09.137631" elapsed="0.000420"/>
</branch>
<status status="PASS" start="2025-08-24T09:49:09.137585" elapsed="0.000520"/>
</if>
<return>
<value>${trackingId}</value>
<status status="PASS" start="2025-08-24T09:49:09.138176" elapsed="0.000055"/>
</return>
<msg time="2025-08-24T09:49:09.138457" level="INFO">${TRACKING_ID} = 6245</msg>
<var>${TRACKING_ID}</var>
<status status="PASS" start="2025-08-24T09:49:09.075225" elapsed="0.063274"/>
</kw>
<kw name="Set Global Variable" owner="BuiltIn">
<msg time="2025-08-24T09:49:09.139051" level="INFO">${TRACKING_ID} = 6245</msg>
<arg>${TRACKING_ID}</arg>
<doc>Makes a variable available globally in all tests and suites.</doc>
<status status="PASS" start="2025-08-24T09:49:09.138716" elapsed="0.000420"/>
</kw>
<status status="PASS" start="2025-08-24T09:49:04.905761" elapsed="4.233474"/>
</kw>
<kw name="Login With Credentials" owner="login_keywords">
<kw name="Input Text" owner="SeleniumLibrary">
<msg time="2025-08-24T09:49:09.140983" level="INFO">Typing text '6245' into text field 'id=trackingId'.</msg>
<arg>${LOGIN_ID_FIELD}</arg>
<arg>${id}</arg>
<doc>Types the given ``text`` into the text field identified by ``locator``.</doc>
<status status="PASS" start="2025-08-24T09:49:09.140475" elapsed="0.184918"/>
</kw>
<kw name="Input Text" owner="SeleniumLibrary">
<msg time="2025-08-24T09:49:09.327613" level="INFO">Typing text '6245' into text field 'id=password'.</msg>
<arg>${LOGIN_PASS_FIELD}</arg>
<arg>${password}</arg>
<doc>Types the given ``text`` into the text field identified by ``locator``.</doc>
<status status="PASS" start="2025-08-24T09:49:09.326653" elapsed="0.140494"/>
</kw>
<kw name="Click Button" owner="SeleniumLibrary">
<msg time="2025-08-24T09:49:09.469057" level="INFO">Clicking button 'xpath=//button[text()='Track']'.</msg>
<arg>${TRACK_BUTTON}</arg>
<doc>Clicks the button identified by ``locator``.</doc>
<status status="PASS" start="2025-08-24T09:49:09.467711" elapsed="0.161484"/>
</kw>
<arg>${TRACKING_ID}</arg>
<arg>${TRACKING_ID}</arg>
<status status="PASS" start="2025-08-24T09:49:09.139952" elapsed="0.489890"/>
</kw>
<kw name="Login Should Succeed" owner="login_keywords">
<kw name="Wait Until Element Is Visible" owner="SeleniumLibrary">
<arg>${SUCCESS_MESSAGE}</arg>
<arg>10s</arg>
<doc>Waits until the element ``locator`` is visible.</doc>
<status status="PASS" start="2025-08-24T09:49:09.631726" elapsed="0.178348"/>
</kw>
<kw name="Element Should Contain" owner="SeleniumLibrary">
<msg time="2025-08-24T09:49:09.850815" level="INFO">Element 'xpath=//*[@class='message success']' contains text 'Shipment stages loaded successfully!'.</msg>
<arg>${SUCCESS_MESSAGE}</arg>
<arg>${SHIPMENT_SUCESS}</arg>
<doc>Verifies that element ``locator`` contains text ``expected``.</doc>
<status status="PASS" start="2025-08-24T09:49:09.810602" elapsed="0.040579"/>
</kw>
<status status="PASS" start="2025-08-24T09:49:09.630729" elapsed="0.220770"/>
</kw>
<kw name="Delete Order" owner="stage_keywords" type="TEARDOWN">
<kw name="Create Dictionary" owner="BuiltIn">
<msg time="2025-08-24T09:49:09.855212" level="INFO">${json} = {'trackingId': '6245', 'password': '6245'}</msg>
<var>${json}</var>
<arg>${KEY_TRACKING_ID}=${TRACKING_ID}</arg>
<arg>${KEY_PASSWORD}=${TRACKING_ID}</arg>
<doc>Creates and returns a dictionary based on the given ``items``.</doc>
<status status="PASS" start="2025-08-24T09:49:09.853775" elapsed="0.001577"/>
</kw>
<kw name="DELETE" owner="RequestsLibrary">
<msg time="2025-08-24T09:49:09.871943" level="INFO">DELETE Request : url=http://localhost:3000/deleteOrder 
 path_url=/deleteOrder 
 headers={'User-Agent': 'python-requests/2.32.4', 'Accept-Encoding': 'gzip, deflate', 'Accept': '*/*', 'Connection': 'keep-alive', 'Content-Length': '42', 'Content-Type': 'application/json'} 
 body=b'{"trackingId": "6245", "password": "6245"}' 
 </msg>
<msg time="2025-08-24T09:49:09.872170" level="INFO">DELETE Response : url=http://localhost:3000/deleteOrder 
 status=200, reason=OK 
 headers={'X-Powered-By': 'Express', 'Content-Type': 'application/json; charset=utf-8', 'Content-Length': '42', 'ETag': 'W/"2a-73HTL89b4tbDT7yR3vJfTGBT34w"', 'Date': 'Sun, 24 Aug 2025 06:49:09 GMT', 'Connection': 'keep-alive', 'Keep-Alive': 'timeout=5'} 
 body={"success":true,"message":"Order deleted"} 
 </msg>
<arg>${BASE_URL}${DELETE_ORDER}</arg>
<arg>json=${json}</arg>
<arg>expected_status=200</arg>
<doc>Sends a DELETE request.</doc>
<status status="PASS" start="2025-08-24T09:49:09.855924" elapsed="0.016496"/>
</kw>
<kw name="Close Browser" owner="SeleniumLibrary">
<doc>Closes the current browser.</doc>
<status status="PASS" start="2025-08-24T09:49:09.872956" elapsed="2.246568"/>
</kw>
<status status="PASS" start="2025-08-24T09:49:09.852794" elapsed="2.266957"/>
</kw>
<status status="PASS" start="2025-08-24T09:49:04.904707" elapsed="7.215512"/>
</test>
<test id="s1-s1-s1-t2" name="Login Fail With Wrong Password" line="17">
<kw name="Create User" owner="setup_teardown_keywords" type="SETUP">
<kw name="Open Web Browser" owner="utils_keywords">
<kw name="Open Browser" owner="SeleniumLibrary">
<msg time="2025-08-24T09:49:12.124530" level="INFO">Opening browser 'chrome' to base url 'http://localhost:3000'.</msg>
<arg>${BASE_URL}</arg>
<arg>chrome</arg>
<arg>options=add_experimental_option("excludeSwitches", ["enable-automation","disable-popup-blocking"])</arg>
<doc>Opens a new browser instance to the optional ``url``.</doc>
<status status="PASS" start="2025-08-24T09:49:12.124039" elapsed="1.549704"/>
</kw>
<status status="PASS" start="2025-08-24T09:49:12.123562" elapsed="1.550454"/>
</kw>
<kw name="Add Order" owner="stage_keywords">
<kw name="Set Variable" owner="BuiltIn">
<msg time="2025-08-24T09:49:13.677445" level="INFO">${success} = False</msg>
<var>${success}</var>
<arg>${False}</arg>
<doc>Returns the given values which can then be assigned to a variables.</doc>
<status status="PASS" start="2025-08-24T09:49:13.675487" elapsed="0.002110"/>
</kw>
<for flavor="IN RANGE">
<iter>
<kw name="Random Integer" owner="utils_keywords">
<kw name="Evaluate" owner="BuiltIn">
<msg time="2025-08-24T09:49:13.680458" level="INFO">${num} = 1466</msg>
<var>${num}</var>
<arg>random.randint(1000,9999)</arg>
<arg>modules=random</arg>
<doc>Evaluates the given expression in Python and returns the result.</doc>
<status status="PASS" start="2025-08-24T09:49:13.679915" elapsed="0.000645"/>
</kw>
<return>
<value>${num}</value>
<status status="PASS" start="2025-08-24T09:49:13.680729" elapsed="0.000119"/>
</return>
<msg time="2025-08-24T09:49:13.681207" level="INFO">${trackingId} = 1466</msg>
<var>${trackingId}</var>
<status status="PASS" start="2025-08-24T09:49:13.679192" elapsed="0.002090"/>
</kw>
<kw name="Convert To String" owner="BuiltIn">
<msg time="2025-08-24T09:49:13.681984" level="INFO">${trackingId} = 1466</msg>
<var>${trackingId}</var>
<arg>${trackingId}</arg>
<doc>Converts the given item to a Unicode string.</doc>
<status status="PASS" start="2025-08-24T09:49:13.681576" elapsed="0.000477"/>
</kw>
<kw name="Create Dictionary" owner="BuiltIn">
<msg time="2025-08-24T09:49:13.683166" level="INFO">${json} = {'trackingId': '1466', 'password': '1466'}</msg>
<var>${json}</var>
<arg>${KEY_TRACKING_ID}=${trackingId}</arg>
<arg>${KEY_PASSWORD}=${trackingId}</arg>
<doc>Creates and returns a dictionary based on the given ``items``.</doc>
<status status="PASS" start="2025-08-24T09:49:13.682399" elapsed="0.000840"/>
</kw>
<kw name="POST" owner="RequestsLibrary">
<msg time="2025-08-24T09:49:13.691402" level="INFO">POST Request : url=http://localhost:3000/addOrder 
 path_url=/addOrder 
 headers={'User-Agent': 'python-requests/2.32.4', 'Accept-Encoding': 'gzip, deflate', 'Accept': '*/*', 'Connection': 'keep-alive', 'Content-Length': '42', 'Content-Type': 'application/json'} 
 body=b'{"trackingId": "1466", "password": "1466"}' 
 </msg>
<msg time="2025-08-24T09:49:13.691574" level="INFO">POST Response : url=http://localhost:3000/addOrder 
 status=201, reason=Created 
 headers={'X-Powered-By': 'Express', 'Content-Type': 'application/json; charset=utf-8', 'Content-Length': '406', 'ETag': 'W/"196-xtZOhOnEN8Q3rcKxZP1xUr6ooDo"', 'Date': 'Sun, 24 Aug 2025 06:49:13 GMT', 'Connection': 'keep-alive', 'Keep-Alive': 'timeout=5'} 
 body={"success":true,"stages":[{"name":"Order Received","status":"pending","cause":""},{"name":"Order Shipped","status":"pending","cause":""},{"name":"Order Received to Destination Country","status":"pending","cause":""},{"name":"Order Clearance Completed","status":"pending","cause":""},{"name":"Order in Delivery Stage","status":"pending","cause":""},{"name":"Order Delivered","status":"pending","cause":""}]} 
 </msg>
<msg time="2025-08-24T09:49:13.691968" level="INFO">${resp} = &lt;Response [201]&gt;</msg>
<var>${resp}</var>
<arg>${BASE_URL}${ADD_ORDER}</arg>
<arg>json=${json}</arg>
<doc>Sends a POST request.</doc>
<status status="PASS" start="2025-08-24T09:49:13.683532" elapsed="0.008502"/>
</kw>
<if>
<branch type="IF" condition="'${resp.status_code}' == '201'">
<kw name="Set Variable" owner="BuiltIn">
<msg time="2025-08-24T09:49:13.694573" level="INFO">${success} = True</msg>
<var>${success}</var>
<arg>${True}</arg>
<doc>Returns the given values which can then be assigned to a variables.</doc>
<status status="PASS" start="2025-08-24T09:49:13.694204" elapsed="0.000434"/>
</kw>
<kw name="Exit For Loop" owner="BuiltIn">
<msg time="2025-08-24T09:49:13.695089" level="INFO">Exiting for loop altogether.</msg>
<doc>Stops executing the enclosing FOR loop.</doc>
<status status="PASS" start="2025-08-24T09:49:13.694928" elapsed="0.000307"/>
</kw>
<status status="PASS" start="2025-08-24T09:49:13.692295" elapsed="0.003046"/>
</branch>
<status status="PASS" start="2025-08-24T09:49:13.692245" elapsed="0.003190"/>
</if>
<var name="${i}">0</var>
<status status="PASS" start="2025-08-24T09:49:13.678721" elapsed="0.016799"/>
</iter>
<var>${i}</var>
<value>1000</value>
<status status="PASS" start="2025-08-24T09:49:13.677885" elapsed="0.017932"/>
</for>
<if>
<branch type="IF" condition="'${success}'=='False'">
<kw name="Fail" owner="BuiltIn">
<arg>Could not add order after 1000 attempts</arg>
<doc>Fails the test with the given message and optionally alters its tags.</doc>
<status status="NOT RUN" start="2025-08-24T09:49:13.696504" elapsed="0.000071"/>
</kw>
<status status="NOT RUN" start="2025-08-24T09:49:13.696065" elapsed="0.000615"/>
</branch>
<status status="PASS" start="2025-08-24T09:49:13.696007" elapsed="0.000762"/>
</if>
<return>
<value>${trackingId}</value>
<status status="PASS" start="2025-08-24T09:49:13.696867" elapsed="0.000082"/>
</return>
<msg time="2025-08-24T09:49:13.697270" level="INFO">${TRACKING_ID} = 1466</msg>
<var>${TRACKING_ID}</var>
<status status="PASS" start="2025-08-24T09:49:13.674889" elapsed="0.022447"/>
</kw>
<kw name="Set Global Variable" owner="BuiltIn">
<msg time="2025-08-24T09:49:13.698159" level="INFO">${TRACKING_ID} = 1466</msg>
<arg>${TRACKING_ID}</arg>
<doc>Makes a variable available globally in all tests and suites.</doc>
<status status="PASS" start="2025-08-24T09:49:13.697641" elapsed="0.000618"/>
</kw>
<status status="PASS" start="2025-08-24T09:49:12.123042" elapsed="1.575371"/>
</kw>
<kw name="Login With Credentials" owner="login_keywords">
<kw name="Input Text" owner="SeleniumLibrary">
<msg time="2025-08-24T09:49:13.700258" level="INFO">Typing text '1466' into text field 'id=trackingId'.</msg>
<arg>${LOGIN_ID_FIELD}</arg>
<arg>${id}</arg>
<doc>Types the given ``text`` into the text field identified by ``locator``.</doc>
<status status="PASS" start="2025-08-24T09:49:13.699799" elapsed="0.149976"/>
</kw>
<kw name="Input Text" owner="SeleniumLibrary">
<msg time="2025-08-24T09:49:13.850470" level="INFO">Typing text '999999' into text field 'id=password'.</msg>
<arg>${LOGIN_PASS_FIELD}</arg>
<arg>${password}</arg>
<doc>Types the given ``text`` into the text field identified by ``locator``.</doc>
<status status="PASS" start="2025-08-24T09:49:13.850083" elapsed="0.110105"/>
</kw>
<kw name="Click Button" owner="SeleniumLibrary">
<msg time="2025-08-24T09:49:13.961085" level="INFO">Clicking button 'xpath=//button[text()='Track']'.</msg>
<arg>${TRACK_BUTTON}</arg>
<doc>Clicks the button identified by ``locator``.</doc>
<status status="PASS" start="2025-08-24T09:49:13.960535" elapsed="0.157421"/>
</kw>
<arg>${TRACKING_ID}</arg>
<arg>${INVALID_PASS}</arg>
<status status="PASS" start="2025-08-24T09:49:13.699061" elapsed="0.419275"/>
</kw>
<kw name="Login Should Fail" owner="login_keywords">
<kw name="Wait Until Element Is Visible" owner="SeleniumLibrary">
<arg>${ERROR_MESSAGE}</arg>
<arg>10s</arg>
<doc>Waits until the element ``locator`` is visible.</doc>
<status status="PASS" start="2025-08-24T09:49:14.120174" elapsed="0.046626"/>
</kw>
<kw name="Element Should Contain" owner="SeleniumLibrary">
<msg time="2025-08-24T09:49:14.205195" level="INFO">Element 'xpath=//*[@class='message error']' contains text 'Invalid Tracking ID or Password'.</msg>
<arg>${ERROR_MESSAGE}</arg>
<arg>${LOGIN_FAIL}</arg>
<doc>Verifies that element ``locator`` contains text ``expected``.</doc>
<status status="PASS" start="2025-08-24T09:49:14.167295" elapsed="0.038054"/>
</kw>
<status status="PASS" start="2025-08-24T09:49:14.119250" elapsed="0.086276"/>
</kw>
<kw name="Delete Order" owner="stage_keywords" type="TEARDOWN">
<kw name="Create Dictionary" owner="BuiltIn">
<msg time="2025-08-24T09:49:14.207808" level="INFO">${json} = {'trackingId': '1466', 'password': '1466'}</msg>
<var>${json}</var>
<arg>${KEY_TRACKING_ID}=${TRACKING_ID}</arg>
<arg>${KEY_PASSWORD}=${TRACKING_ID}</arg>
<doc>Creates and returns a dictionary based on the given ``items``.</doc>
<status status="PASS" start="2025-08-24T09:49:14.207068" elapsed="0.000825"/>
</kw>
<kw name="DELETE" owner="RequestsLibrary">
<msg time="2025-08-24T09:49:14.216801" level="INFO">DELETE Request : url=http://localhost:3000/deleteOrder 
 path_url=/deleteOrder 
 headers={'User-Agent': 'python-requests/2.32.4', 'Accept-Encoding': 'gzip, deflate', 'Accept': '*/*', 'Connection': 'keep-alive', 'Content-Length': '42', 'Content-Type': 'application/json'} 
 body=b'{"trackingId": "1466", "password": "1466"}' 
 </msg>
<msg time="2025-08-24T09:49:14.216971" level="INFO">DELETE Response : url=http://localhost:3000/deleteOrder 
 status=200, reason=OK 
 headers={'X-Powered-By': 'Express', 'Content-Type': 'application/json; charset=utf-8', 'Content-Length': '42', 'ETag': 'W/"2a-73HTL89b4tbDT7yR3vJfTGBT34w"', 'Date': 'Sun, 24 Aug 2025 06:49:14 GMT', 'Connection': 'keep-alive', 'Keep-Alive': 'timeout=5'} 
 body={"success":true,"message":"Order deleted"} 
 </msg>
<arg>${BASE_URL}${DELETE_ORDER}</arg>
<arg>json=${json}</arg>
<arg>expected_status=200</arg>
<doc>Sends a DELETE request.</doc>
<status status="PASS" start="2025-08-24T09:49:14.208195" elapsed="0.008979"/>
</kw>
<kw name="Close Browser" owner="SeleniumLibrary">
<doc>Closes the current browser.</doc>
<status status="PASS" start="2025-08-24T09:49:14.217533" elapsed="2.207787"/>
</kw>
<status status="PASS" start="2025-08-24T09:49:14.206507" elapsed="2.219100"/>
</kw>
<status status="PASS" start="2025-08-24T09:49:12.121970" elapsed="4.304480"/>
</test>
<test id="s1-s1-s1-t3" name=" Login Fail With Wrong ID" line="21">
<kw name="Create User" owner="setup_teardown_keywords" type="SETUP">
<kw name="Open Web Browser" owner="utils_keywords">
<kw name="Open Browser" owner="SeleniumLibrary">
<msg time="2025-08-24T09:49:16.430459" level="INFO">Opening browser 'chrome' to base url 'http://localhost:3000'.</msg>
<arg>${BASE_URL}</arg>
<arg>chrome</arg>
<arg>options=add_experimental_option("excludeSwitches", ["enable-automation","disable-popup-blocking"])</arg>
<doc>Opens a new browser instance to the optional ``url``.</doc>
<status status="PASS" start="2025-08-24T09:49:16.430016" elapsed="1.501557"/>
</kw>
<status status="PASS" start="2025-08-24T09:49:16.429511" elapsed="1.502202"/>
</kw>
<kw name="Add Order" owner="stage_keywords">
<kw name="Set Variable" owner="BuiltIn">
<msg time="2025-08-24T09:49:17.932682" level="INFO">${success} = False</msg>
<var>${success}</var>
<arg>${False}</arg>
<doc>Returns the given values which can then be assigned to a variables.</doc>
<status status="PASS" start="2025-08-24T09:49:17.932419" elapsed="0.000305"/>
</kw>
<for flavor="IN RANGE">
<iter>
<kw name="Random Integer" owner="utils_keywords">
<kw name="Evaluate" owner="BuiltIn">
<msg time="2025-08-24T09:49:17.934009" level="INFO">${num} = 2616</msg>
<var>${num}</var>
<arg>random.randint(1000,9999)</arg>
<arg>modules=random</arg>
<doc>Evaluates the given expression in Python and returns the result.</doc>
<status status="PASS" start="2025-08-24T09:49:17.933661" elapsed="0.000422"/>
</kw>
<return>
<value>${num}</value>
<status status="PASS" start="2025-08-24T09:49:17.934228" elapsed="0.000101"/>
</return>
<msg time="2025-08-24T09:49:17.934695" level="INFO">${trackingId} = 2616</msg>
<var>${trackingId}</var>
<status status="PASS" start="2025-08-24T09:49:17.933268" elapsed="0.001539"/>
</kw>
<kw name="Convert To String" owner="BuiltIn">
<msg time="2025-08-24T09:49:17.935551" level="INFO">${trackingId} = 2616</msg>
<var>${trackingId}</var>
<arg>${trackingId}</arg>
<doc>Converts the given item to a Unicode string.</doc>
<status status="PASS" start="2025-08-24T09:49:17.935139" elapsed="0.000491"/>
</kw>
<kw name="Create Dictionary" owner="BuiltIn">
<msg time="2025-08-24T09:49:17.937259" level="INFO">${json} = {'trackingId': '2616', 'password': '2616'}</msg>
<var>${json}</var>
<arg>${KEY_TRACKING_ID}=${trackingId}</arg>
<arg>${KEY_PASSWORD}=${trackingId}</arg>
<doc>Creates and returns a dictionary based on the given ``items``.</doc>
<status status="PASS" start="2025-08-24T09:49:17.936107" elapsed="0.001480"/>
</kw>
<kw name="POST" owner="RequestsLibrary">
<msg time="2025-08-24T09:49:17.945622" level="INFO">POST Request : url=http://localhost:3000/addOrder 
 path_url=/addOrder 
 headers={'User-Agent': 'python-requests/2.32.4', 'Accept-Encoding': 'gzip, deflate', 'Accept': '*/*', 'Connection': 'keep-alive', 'Content-Length': '42', 'Content-Type': 'application/json'} 
 body=b'{"trackingId": "2616", "password": "2616"}' 
 </msg>
<msg time="2025-08-24T09:49:17.946043" level="INFO">POST Response : url=http://localhost:3000/addOrder 
 status=201, reason=Created 
 headers={'X-Powered-By': 'Express', 'Content-Type': 'application/json; charset=utf-8', 'Content-Length': '406', 'ETag': 'W/"196-xtZOhOnEN8Q3rcKxZP1xUr6ooDo"', 'Date': 'Sun, 24 Aug 2025 06:49:17 GMT', 'Connection': 'keep-alive', 'Keep-Alive': 'timeout=5'} 
 body={"success":true,"stages":[{"name":"Order Received","status":"pending","cause":""},{"name":"Order Shipped","status":"pending","cause":""},{"name":"Order Received to Destination Country","status":"pending","cause":""},{"name":"Order Clearance Completed","status":"pending","cause":""},{"name":"Order in Delivery Stage","status":"pending","cause":""},{"name":"Order Delivered","status":"pending","cause":""}]} 
 </msg>
<msg time="2025-08-24T09:49:17.946603" level="INFO">${resp} = &lt;Response [201]&gt;</msg>
<var>${resp}</var>
<arg>${BASE_URL}${ADD_ORDER}</arg>
<arg>json=${json}</arg>
<doc>Sends a POST request.</doc>
<status status="PASS" start="2025-08-24T09:49:17.938868" elapsed="0.007957"/>
</kw>
<if>
<branch type="IF" condition="'${resp.status_code}' == '201'">
<kw name="Set Variable" owner="BuiltIn">
<msg time="2025-08-24T09:49:17.950166" level="INFO">${success} = True</msg>
<var>${success}</var>
<arg>${True}</arg>
<doc>Returns the given values which can then be assigned to a variables.</doc>
<status status="PASS" start="2025-08-24T09:49:17.949714" elapsed="0.000556"/>
</kw>
<kw name="Exit For Loop" owner="BuiltIn">
<msg time="2025-08-24T09:49:17.950843" level="INFO">Exiting for loop altogether.</msg>
<doc>Stops executing the enclosing FOR loop.</doc>
<status status="PASS" start="2025-08-24T09:49:17.950625" elapsed="0.000348"/>
</kw>
<status status="PASS" start="2025-08-24T09:49:17.947464" elapsed="0.003605"/>
</branch>
<status status="PASS" start="2025-08-24T09:49:17.947382" elapsed="0.003818"/>
</if>
<var name="${i}">0</var>
<status status="PASS" start="2025-08-24T09:49:17.933110" elapsed="0.018174"/>
</iter>
<var>${i}</var>
<value>1000</value>
<status status="PASS" start="2025-08-24T09:49:17.932812" elapsed="0.018597"/>
</for>
<if>
<branch type="IF" condition="'${success}'=='False'">
<kw name="Fail" owner="BuiltIn">
<arg>Could not add order after 1000 attempts</arg>
<doc>Fails the test with the given message and optionally alters its tags.</doc>
<status status="NOT RUN" start="2025-08-24T09:49:17.952879" elapsed="0.000329"/>
</kw>
<status status="NOT RUN" start="2025-08-24T09:49:17.951657" elapsed="0.001709"/>
</branch>
<status status="PASS" start="2025-08-24T09:49:17.951610" elapsed="0.001865"/>
</if>
<return>
<value>${trackingId}</value>
<status status="PASS" start="2025-08-24T09:49:17.953579" elapsed="0.000098"/>
</return>
<msg time="2025-08-24T09:49:17.954148" level="INFO">${TRACKING_ID} = 2616</msg>
<var>${TRACKING_ID}</var>
<status status="PASS" start="2025-08-24T09:49:17.932073" elapsed="0.022153"/>
</kw>
<kw name="Set Global Variable" owner="BuiltIn">
<msg time="2025-08-24T09:49:17.955134" level="INFO">${TRACKING_ID} = 2616</msg>
<arg>${TRACKING_ID}</arg>
<doc>Makes a variable available globally in all tests and suites.</doc>
<status status="PASS" start="2025-08-24T09:49:17.954562" elapsed="0.000732"/>
</kw>
<status status="PASS" start="2025-08-24T09:49:16.429018" elapsed="1.526502"/>
</kw>
<kw name="Get Current Date" owner="DateTime">
<msg time="2025-08-24T09:49:17.956885" level="INFO">${timestamp} = 20250824094917956738</msg>
<var>${timestamp}</var>
<arg>result_format=%Y%m%d%H%M%S%f</arg>
<doc>Returns current local or UTC time with an optional increment.</doc>
<status status="PASS" start="2025-08-24T09:49:17.956520" elapsed="0.000466"/>
</kw>
<kw name="Set Variable" owner="BuiltIn">
<msg time="2025-08-24T09:49:17.957596" level="INFO">${fake_id} = 20250824094917956738</msg>
<var>${fake_id}</var>
<arg>${timestamp}</arg>
<doc>Returns the given values which can then be assigned to a variables.</doc>
<status status="PASS" start="2025-08-24T09:49:17.957357" elapsed="0.000280"/>
</kw>
<kw name="Login With Credentials" owner="login_keywords">
<kw name="Input Text" owner="SeleniumLibrary">
<msg time="2025-08-24T09:49:17.958657" level="INFO">Typing text '20250824094917956738' into text field 'id=trackingId'.</msg>
<arg>${LOGIN_ID_FIELD}</arg>
<arg>${id}</arg>
<doc>Types the given ``text`` into the text field identified by ``locator``.</doc>
<status status="PASS" start="2025-08-24T09:49:17.958412" elapsed="0.180187"/>
</kw>
<kw name="Input Text" owner="SeleniumLibrary">
<msg time="2025-08-24T09:49:18.139599" level="INFO">Typing text '20250824094917956738' into text field 'id=password'.</msg>
<arg>${LOGIN_PASS_FIELD}</arg>
<arg>${password}</arg>
<doc>Types the given ``text`` into the text field identified by ``locator``.</doc>
<status status="PASS" start="2025-08-24T09:49:18.138990" elapsed="0.158112"/>
</kw>
<kw name="Click Button" owner="SeleniumLibrary">
<msg time="2025-08-24T09:49:18.298618" level="INFO">Clicking button 'xpath=//button[text()='Track']'.</msg>
<arg>${TRACK_BUTTON}</arg>
<doc>Clicks the button identified by ``locator``.</doc>
<status status="PASS" start="2025-08-24T09:49:18.297785" elapsed="0.162379"/>
</kw>
<arg>${fake_id}</arg>
<arg>${fake_id}</arg>
<status status="PASS" start="2025-08-24T09:49:17.958023" elapsed="0.502378"/>
</kw>
<kw name="Login Should Fail" owner="login_keywords">
<kw name="Wait Until Element Is Visible" owner="SeleniumLibrary">
<arg>${ERROR_MESSAGE}</arg>
<arg>10s</arg>
<doc>Waits until the element ``locator`` is visible.</doc>
<status status="PASS" start="2025-08-24T09:49:18.461985" elapsed="0.047852"/>
</kw>
<kw name="Element Should Contain" owner="SeleniumLibrary">
<msg time="2025-08-24T09:49:18.549321" level="INFO">Element 'xpath=//*[@class='message error']' contains text 'Invalid Tracking ID or Password'.</msg>
<arg>${ERROR_MESSAGE}</arg>
<arg>${LOGIN_FAIL}</arg>
<doc>Verifies that element ``locator`` contains text ``expected``.</doc>
<status status="PASS" start="2025-08-24T09:49:18.510185" elapsed="0.039290"/>
</kw>
<status status="PASS" start="2025-08-24T09:49:18.461247" elapsed="0.088407"/>
</kw>
<kw name="Delete Order" owner="stage_keywords" type="TEARDOWN">
<kw name="Create Dictionary" owner="BuiltIn">
<msg time="2025-08-24T09:49:18.552292" level="INFO">${json} = {'trackingId': '2616', 'password': '2616'}</msg>
<var>${json}</var>
<arg>${KEY_TRACKING_ID}=${TRACKING_ID}</arg>
<arg>${KEY_PASSWORD}=${TRACKING_ID}</arg>
<doc>Creates and returns a dictionary based on the given ``items``.</doc>
<status status="PASS" start="2025-08-24T09:49:18.551511" elapsed="0.000870"/>
</kw>
<kw name="DELETE" owner="RequestsLibrary">
<msg time="2025-08-24T09:49:18.561967" level="INFO">DELETE Request : url=http://localhost:3000/deleteOrder 
 path_url=/deleteOrder 
 headers={'User-Agent': 'python-requests/2.32.4', 'Accept-Encoding': 'gzip, deflate', 'Accept': '*/*', 'Connection': 'keep-alive', 'Content-Length': '42', 'Content-Type': 'application/json'} 
 body=b'{"trackingId": "2616", "password": "2616"}' 
 </msg>
<msg time="2025-08-24T09:49:18.562151" level="INFO">DELETE Response : url=http://localhost:3000/deleteOrder 
 status=200, reason=OK 
 headers={'X-Powered-By': 'Express', 'Content-Type': 'application/json; charset=utf-8', 'Content-Length': '42', 'ETag': 'W/"2a-73HTL89b4tbDT7yR3vJfTGBT34w"', 'Date': 'Sun, 24 Aug 2025 06:49:18 GMT', 'Connection': 'keep-alive', 'Keep-Alive': 'timeout=5'} 
 body={"success":true,"message":"Order deleted"} 
 </msg>
<arg>${BASE_URL}${DELETE_ORDER}</arg>
<arg>json=${json}</arg>
<arg>expected_status=200</arg>
<doc>Sends a DELETE request.</doc>
<status status="PASS" start="2025-08-24T09:49:18.552847" elapsed="0.009514"/>
</kw>
<kw name="Close Browser" owner="SeleniumLibrary">
<doc>Closes the current browser.</doc>
<status status="PASS" start="2025-08-24T09:49:18.562779" elapsed="2.208215"/>
</kw>
<status status="PASS" start="2025-08-24T09:49:18.550764" elapsed="2.220646"/>
</kw>
<status status="PASS" start="2025-08-24T09:49:16.428075" elapsed="4.344243"/>
</test>
<test id="s1-s1-s1-t4" name="Login Fail With Empty Fields" line="27">
<kw name="Create User" owner="setup_teardown_keywords" type="SETUP">
<kw name="Open Web Browser" owner="utils_keywords">
<kw name="Open Browser" owner="SeleniumLibrary">
<msg time="2025-08-24T09:49:20.776119" level="INFO">Opening browser 'chrome' to base url 'http://localhost:3000'.</msg>
<arg>${BASE_URL}</arg>
<arg>chrome</arg>
<arg>options=add_experimental_option("excludeSwitches", ["enable-automation","disable-popup-blocking"])</arg>
<doc>Opens a new browser instance to the optional ``url``.</doc>
<status status="PASS" start="2025-08-24T09:49:20.775740" elapsed="2.078284"/>
</kw>
<status status="PASS" start="2025-08-24T09:49:20.775255" elapsed="2.079117"/>
</kw>
<kw name="Add Order" owner="stage_keywords">
<kw name="Set Variable" owner="BuiltIn">
<msg time="2025-08-24T09:49:22.856487" level="INFO">${success} = False</msg>
<var>${success}</var>
<arg>${False}</arg>
<doc>Returns the given values which can then be assigned to a variables.</doc>
<status status="PASS" start="2025-08-24T09:49:22.856161" elapsed="0.000428"/>
</kw>
<for flavor="IN RANGE">
<iter>
<kw name="Random Integer" owner="utils_keywords">
<kw name="Evaluate" owner="BuiltIn">
<msg time="2025-08-24T09:49:22.859199" level="INFO">${num} = 9792</msg>
<var>${num}</var>
<arg>random.randint(1000,9999)</arg>
<arg>modules=random</arg>
<doc>Evaluates the given expression in Python and returns the result.</doc>
<status status="PASS" start="2025-08-24T09:49:22.858571" elapsed="0.000768"/>
</kw>
<return>
<value>${num}</value>
<status status="PASS" start="2025-08-24T09:49:22.859503" elapsed="0.000067"/>
</return>
<msg time="2025-08-24T09:49:22.859773" level="INFO">${trackingId} = 9792</msg>
<var>${trackingId}</var>
<status status="PASS" start="2025-08-24T09:49:22.857851" elapsed="0.001960"/>
</kw>
<kw name="Convert To String" owner="BuiltIn">
<msg time="2025-08-24T09:49:22.860240" level="INFO">${trackingId} = 9792</msg>
<var>${trackingId}</var>
<arg>${trackingId}</arg>
<doc>Converts the given item to a Unicode string.</doc>
<status status="PASS" start="2025-08-24T09:49:22.859982" elapsed="0.000294"/>
</kw>
<kw name="Create Dictionary" owner="BuiltIn">
<msg time="2025-08-24T09:49:22.861850" level="INFO">${json} = {'trackingId': '9792', 'password': '9792'}</msg>
<var>${json}</var>
<arg>${KEY_TRACKING_ID}=${trackingId}</arg>
<arg>${KEY_PASSWORD}=${trackingId}</arg>
<doc>Creates and returns a dictionary based on the given ``items``.</doc>
<status status="PASS" start="2025-08-24T09:49:22.860439" elapsed="0.001455"/>
</kw>
<kw name="POST" owner="RequestsLibrary">
<msg time="2025-08-24T09:49:22.866710" level="INFO">POST Request : url=http://localhost:3000/addOrder 
 path_url=/addOrder 
 headers={'User-Agent': 'python-requests/2.32.4', 'Accept-Encoding': 'gzip, deflate', 'Accept': '*/*', 'Connection': 'keep-alive', 'Content-Length': '42', 'Content-Type': 'application/json'} 
 body=b'{"trackingId": "9792", "password": "9792"}' 
 </msg>
<msg time="2025-08-24T09:49:22.866816" level="INFO">POST Response : url=http://localhost:3000/addOrder 
 status=201, reason=Created 
 headers={'X-Powered-By': 'Express', 'Content-Type': 'application/json; charset=utf-8', 'Content-Length': '406', 'ETag': 'W/"196-xtZOhOnEN8Q3rcKxZP1xUr6ooDo"', 'Date': 'Sun, 24 Aug 2025 06:49:22 GMT', 'Connection': 'keep-alive', 'Keep-Alive': 'timeout=5'} 
 body={"success":true,"stages":[{"name":"Order Received","status":"pending","cause":""},{"name":"Order Shipped","status":"pending","cause":""},{"name":"Order Received to Destination Country","status":"pending","cause":""},{"name":"Order Clearance Completed","status":"pending","cause":""},{"name":"Order in Delivery Stage","status":"pending","cause":""},{"name":"Order Delivered","status":"pending","cause":""}]} 
 </msg>
<msg time="2025-08-24T09:49:22.867156" level="INFO">${resp} = &lt;Response [201]&gt;</msg>
<var>${resp}</var>
<arg>${BASE_URL}${ADD_ORDER}</arg>
<arg>json=${json}</arg>
<doc>Sends a POST request.</doc>
<status status="PASS" start="2025-08-24T09:49:22.862066" elapsed="0.005143"/>
</kw>
<if>
<branch type="IF" condition="'${resp.status_code}' == '201'">
<kw name="Set Variable" owner="BuiltIn">
<msg time="2025-08-24T09:49:22.868483" level="INFO">${success} = True</msg>
<var>${success}</var>
<arg>${True}</arg>
<doc>Returns the given values which can then be assigned to a variables.</doc>
<status status="PASS" start="2025-08-24T09:49:22.868262" elapsed="0.000259"/>
</kw>
<kw name="Exit For Loop" owner="BuiltIn">
<msg time="2025-08-24T09:49:22.868804" level="INFO">Exiting for loop altogether.</msg>
<doc>Stops executing the enclosing FOR loop.</doc>
<status status="PASS" start="2025-08-24T09:49:22.868699" elapsed="0.000175"/>
</kw>
<status status="PASS" start="2025-08-24T09:49:22.867387" elapsed="0.001546"/>
</branch>
<status status="PASS" start="2025-08-24T09:49:22.867340" elapsed="0.001647"/>
</if>
<var name="${i}">0</var>
<status status="PASS" start="2025-08-24T09:49:22.857392" elapsed="0.011648"/>
</iter>
<var>${i}</var>
<value>1000</value>
<status status="PASS" start="2025-08-24T09:49:22.856773" elapsed="0.012331"/>
</for>
<if>
<branch type="IF" condition="'${success}'=='False'">
<kw name="Fail" owner="BuiltIn">
<arg>Could not add order after 1000 attempts</arg>
<doc>Fails the test with the given message and optionally alters its tags.</doc>
<status status="NOT RUN" start="2025-08-24T09:49:22.869443" elapsed="0.000037"/>
</kw>
<status status="NOT RUN" start="2025-08-24T09:49:22.869213" elapsed="0.000319"/>
</branch>
<status status="PASS" start="2025-08-24T09:49:22.869190" elapsed="0.000386"/>
</if>
<return>
<value>${trackingId}</value>
<status status="PASS" start="2025-08-24T09:49:22.869619" elapsed="0.000043"/>
</return>
<msg time="2025-08-24T09:49:22.869834" level="INFO">${TRACKING_ID} = 9792</msg>
<var>${TRACKING_ID}</var>
<status status="PASS" start="2025-08-24T09:49:22.855597" elapsed="0.014273"/>
</kw>
<kw name="Set Global Variable" owner="BuiltIn">
<msg time="2025-08-24T09:49:22.870265" level="INFO">${TRACKING_ID} = 9792</msg>
<arg>${TRACKING_ID}</arg>
<doc>Makes a variable available globally in all tests and suites.</doc>
<status status="PASS" start="2025-08-24T09:49:22.870013" elapsed="0.000306"/>
</kw>
<status status="PASS" start="2025-08-24T09:49:20.774764" elapsed="2.095637"/>
</kw>
<kw name="Click Button" owner="SeleniumLibrary">
<msg time="2025-08-24T09:49:22.872064" level="INFO">Clicking button 'xpath=//button[text()='Track']'.</msg>
<arg>${TRACK_BUTTON}</arg>
<doc>Clicks the button identified by ``locator``.</doc>
<status status="PASS" start="2025-08-24T09:49:22.871045" elapsed="0.131564"/>
</kw>
<kw name="Login Should Fail" owner="login_keywords">
<kw name="Wait Until Element Is Visible" owner="SeleniumLibrary">
<arg>${ERROR_MESSAGE}</arg>
<arg>10s</arg>
<doc>Waits until the element ``locator`` is visible.</doc>
<status status="PASS" start="2025-08-24T09:49:23.005100" elapsed="0.038965"/>
</kw>
<kw name="Element Should Contain" owner="SeleniumLibrary">
<msg time="2025-08-24T09:49:23.076300" level="INFO">Element 'xpath=//*[@class='message error']' contains text 'Invalid Tracking ID or Password'.</msg>
<arg>${ERROR_MESSAGE}</arg>
<arg>${LOGIN_FAIL}</arg>
<doc>Verifies that element ``locator`` contains text ``expected``.</doc>
<status status="PASS" start="2025-08-24T09:49:23.044549" elapsed="0.031950"/>
</kw>
<status status="PASS" start="2025-08-24T09:49:23.003483" elapsed="0.073271"/>
</kw>
<kw name="Delete Order" owner="stage_keywords" type="TEARDOWN">
<kw name="Create Dictionary" owner="BuiltIn">
<msg time="2025-08-24T09:49:23.079644" level="INFO">${json} = {'trackingId': '9792', 'password': '9792'}</msg>
<var>${json}</var>
<arg>${KEY_TRACKING_ID}=${TRACKING_ID}</arg>
<arg>${KEY_PASSWORD}=${TRACKING_ID}</arg>
<doc>Creates and returns a dictionary based on the given ``items``.</doc>
<status status="PASS" start="2025-08-24T09:49:23.078470" elapsed="0.001281"/>
</kw>
<kw name="DELETE" owner="RequestsLibrary">
<msg time="2025-08-24T09:49:23.089119" level="INFO">DELETE Request : url=http://localhost:3000/deleteOrder 
 path_url=/deleteOrder 
 headers={'User-Agent': 'python-requests/2.32.4', 'Accept-Encoding': 'gzip, deflate', 'Accept': '*/*', 'Connection': 'keep-alive', 'Content-Length': '42', 'Content-Type': 'application/json'} 
 body=b'{"trackingId": "9792", "password": "9792"}' 
 </msg>
<msg time="2025-08-24T09:49:23.089703" level="INFO">DELETE Response : url=http://localhost:3000/deleteOrder 
 status=200, reason=OK 
 headers={'X-Powered-By': 'Express', 'Content-Type': 'application/json; charset=utf-8', 'Content-Length': '42', 'ETag': 'W/"2a-73HTL89b4tbDT7yR3vJfTGBT34w"', 'Date': 'Sun, 24 Aug 2025 06:49:23 GMT', 'Connection': 'keep-alive', 'Keep-Alive': 'timeout=5'} 
 body={"success":true,"message":"Order deleted"} 
 </msg>
<arg>${BASE_URL}${DELETE_ORDER}</arg>
<arg>json=${json}</arg>
<arg>expected_status=200</arg>
<doc>Sends a DELETE request.</doc>
<status status="PASS" start="2025-08-24T09:49:23.080105" elapsed="0.009891"/>
</kw>
<kw name="Close Browser" owner="SeleniumLibrary">
<doc>Closes the current browser.</doc>
<status status="PASS" start="2025-08-24T09:49:23.090410" elapsed="2.194678"/>
</kw>
<status status="PASS" start="2025-08-24T09:49:23.077614" elapsed="2.207978"/>
</kw>
<status status="PASS" start="2025-08-24T09:49:20.773849" elapsed="4.512527"/>
</test>
<status status="PASS" start="2025-08-24T09:49:03.498699" elapsed="21.789802"/>
</suite>
<status status="PASS" start="2025-08-24T09:49:03.495854" elapsed="21.795052"/>
</suite>
<suite id="s1-s2" name="Stages" source="C:\Users\raghad.jamhour\Desktop\Exalt\Training\Exalt-QA-Training-2025-raghad-jamhour\Assignment-10\Shipping Tracking System\tests\stages">
<suite id="s1-s2-s1" name="Stages Test" source="C:\Users\raghad.jamhour\Desktop\Exalt\Training\Exalt-QA-Training-2025-raghad-jamhour\Assignment-10\Shipping Tracking System\tests\stages\stages_test.robot">
<test id="s1-s2-s1-t1" name="Validate Shipment Stages" line="13">
<kw name="Open Browser And Login" owner="setup_teardown_keywords" type="SETUP">
<kw name="Open Web Browser" owner="utils_keywords">
<kw name="Open Browser" owner="SeleniumLibrary">
<msg time="2025-08-24T09:49:25.343874" level="INFO">Opening browser 'chrome' to base url 'http://localhost:3000'.</msg>
<arg>${BASE_URL}</arg>
<arg>chrome</arg>
<arg>options=add_experimental_option("excludeSwitches", ["enable-automation","disable-popup-blocking"])</arg>
<doc>Opens a new browser instance to the optional ``url``.</doc>
<status status="PASS" start="2025-08-24T09:49:25.343556" elapsed="1.710116"/>
</kw>
<status status="PASS" start="2025-08-24T09:49:25.343087" elapsed="1.710841"/>
</kw>
<kw name="Add Order" owner="stage_keywords">
<kw name="Set Variable" owner="BuiltIn">
<msg time="2025-08-24T09:49:27.055615" level="INFO">${success} = False</msg>
<var>${success}</var>
<arg>${False}</arg>
<doc>Returns the given values which can then be assigned to a variables.</doc>
<status status="PASS" start="2025-08-24T09:49:27.055272" elapsed="0.000392"/>
</kw>
<for flavor="IN RANGE">
<iter>
<kw name="Random Integer" owner="utils_keywords">
<kw name="Evaluate" owner="BuiltIn">
<msg time="2025-08-24T09:49:27.057145" level="INFO">${num} = 8763</msg>
<var>${num}</var>
<arg>random.randint(1000,9999)</arg>
<arg>modules=random</arg>
<doc>Evaluates the given expression in Python and returns the result.</doc>
<status status="PASS" start="2025-08-24T09:49:27.056684" elapsed="0.000518"/>
</kw>
<return>
<value>${num}</value>
<status status="PASS" start="2025-08-24T09:49:27.057336" elapsed="0.000078"/>
</return>
<msg time="2025-08-24T09:49:27.057797" level="INFO">${trackingId} = 8763</msg>
<var>${trackingId}</var>
<status status="PASS" start="2025-08-24T09:49:27.056387" elapsed="0.001526"/>
</kw>
<kw name="Convert To String" owner="BuiltIn">
<msg time="2025-08-24T09:49:27.060178" level="INFO">${trackingId} = 8763</msg>
<var>${trackingId}</var>
<arg>${trackingId}</arg>
<doc>Converts the given item to a Unicode string.</doc>
<status status="PASS" start="2025-08-24T09:49:27.059102" elapsed="0.001242"/>
</kw>
<kw name="Create Dictionary" owner="BuiltIn">
<msg time="2025-08-24T09:49:27.061553" level="INFO">${json} = {'trackingId': '8763', 'password': '8763'}</msg>
<var>${json}</var>
<arg>${KEY_TRACKING_ID}=${trackingId}</arg>
<arg>${KEY_PASSWORD}=${trackingId}</arg>
<doc>Creates and returns a dictionary based on the given ``items``.</doc>
<status status="PASS" start="2025-08-24T09:49:27.060944" elapsed="0.000659"/>
</kw>
<kw name="POST" owner="RequestsLibrary">
<msg time="2025-08-24T09:49:27.066978" level="INFO">POST Request : url=http://localhost:3000/addOrder 
 path_url=/addOrder 
 headers={'User-Agent': 'python-requests/2.32.4', 'Accept-Encoding': 'gzip, deflate', 'Accept': '*/*', 'Connection': 'keep-alive', 'Content-Length': '42', 'Content-Type': 'application/json'} 
 body=b'{"trackingId": "8763", "password": "8763"}' 
 </msg>
<msg time="2025-08-24T09:49:27.067127" level="INFO">POST Response : url=http://localhost:3000/addOrder 
 status=201, reason=Created 
 headers={'X-Powered-By': 'Express', 'Content-Type': 'application/json; charset=utf-8', 'Content-Length': '406', 'ETag': 'W/"196-xtZOhOnEN8Q3rcKxZP1xUr6ooDo"', 'Date': 'Sun, 24 Aug 2025 06:49:27 GMT', 'Connection': 'keep-alive', 'Keep-Alive': 'timeout=5'} 
 body={"success":true,"stages":[{"name":"Order Received","status":"pending","cause":""},{"name":"Order Shipped","status":"pending","cause":""},{"name":"Order Received to Destination Country","status":"pending","cause":""},{"name":"Order Clearance Completed","status":"pending","cause":""},{"name":"Order in Delivery Stage","status":"pending","cause":""},{"name":"Order Delivered","status":"pending","cause":""}]} 
 </msg>
<msg time="2025-08-24T09:49:27.067501" level="INFO">${resp} = &lt;Response [201]&gt;</msg>
<var>${resp}</var>
<arg>${BASE_URL}${ADD_ORDER}</arg>
<arg>json=${json}</arg>
<doc>Sends a POST request.</doc>
<status status="PASS" start="2025-08-24T09:49:27.061796" elapsed="0.005781"/>
</kw>
<if>
<branch type="IF" condition="'${resp.status_code}' == '201'">
<kw name="Set Variable" owner="BuiltIn">
<msg time="2025-08-24T09:49:27.068977" level="INFO">${success} = True</msg>
<var>${success}</var>
<arg>${True}</arg>
<doc>Returns the given values which can then be assigned to a variables.</doc>
<status status="PASS" start="2025-08-24T09:49:27.068722" elapsed="0.000299"/>
</kw>
<kw name="Exit For Loop" owner="BuiltIn">
<msg time="2025-08-24T09:49:27.069300" level="INFO">Exiting for loop altogether.</msg>
<doc>Stops executing the enclosing FOR loop.</doc>
<status status="PASS" start="2025-08-24T09:49:27.069174" elapsed="0.000209"/>
</kw>
<status status="PASS" start="2025-08-24T09:49:27.067777" elapsed="0.001667"/>
</branch>
<status status="PASS" start="2025-08-24T09:49:27.067736" elapsed="0.001763"/>
</if>
<var name="${i}">0</var>
<status status="PASS" start="2025-08-24T09:49:27.056205" elapsed="0.013333"/>
</iter>
<var>${i}</var>
<value>1000</value>
<status status="PASS" start="2025-08-24T09:49:27.055825" elapsed="0.013777"/>
</for>
<if>
<branch type="IF" condition="'${success}'=='False'">
<kw name="Fail" owner="BuiltIn">
<arg>Could not add order after 1000 attempts</arg>
<doc>Fails the test with the given message and optionally alters its tags.</doc>
<status status="NOT RUN" start="2025-08-24T09:49:27.069948" elapsed="0.000036"/>
</kw>
<status status="NOT RUN" start="2025-08-24T09:49:27.069727" elapsed="0.000325"/>
</branch>
<status status="PASS" start="2025-08-24T09:49:27.069704" elapsed="0.000395"/>
</if>
<return>
<value>${trackingId}</value>
<status status="PASS" start="2025-08-24T09:49:27.070142" elapsed="0.000043"/>
</return>
<msg time="2025-08-24T09:49:27.070360" level="INFO">${TRACKING_ID} = 8763</msg>
<var>${TRACKING_ID}</var>
<status status="PASS" start="2025-08-24T09:49:27.054645" elapsed="0.015751"/>
</kw>
<kw name="Login With Credentials" owner="login_keywords">
<kw name="Input Text" owner="SeleniumLibrary">
<msg time="2025-08-24T09:49:27.071207" level="INFO">Typing text '8763' into text field 'id=trackingId'.</msg>
<arg>${LOGIN_ID_FIELD}</arg>
<arg>${id}</arg>
<doc>Types the given ``text`` into the text field identified by ``locator``.</doc>
<status status="PASS" start="2025-08-24T09:49:27.070967" elapsed="0.141467"/>
</kw>
<kw name="Input Text" owner="SeleniumLibrary">
<msg time="2025-08-24T09:49:27.213592" level="INFO">Typing text '8763' into text field 'id=password'.</msg>
<arg>${LOGIN_PASS_FIELD}</arg>
<arg>${password}</arg>
<doc>Types the given ``text`` into the text field identified by ``locator``.</doc>
<status status="PASS" start="2025-08-24T09:49:27.212909" elapsed="0.116743"/>
</kw>
<kw name="Click Button" owner="SeleniumLibrary">
<msg time="2025-08-24T09:49:27.330574" level="INFO">Clicking button 'xpath=//button[text()='Track']'.</msg>
<arg>${TRACK_BUTTON}</arg>
<doc>Clicks the button identified by ``locator``.</doc>
<status status="PASS" start="2025-08-24T09:49:27.330087" elapsed="0.158630"/>
</kw>
<arg>${TRACKING_ID}</arg>
<arg>${TRACKING_ID}</arg>
<status status="PASS" start="2025-08-24T09:49:27.070591" elapsed="0.418559"/>
</kw>
<kw name="Set Global Variable" owner="BuiltIn">
<msg time="2025-08-24T09:49:27.490195" level="INFO">${TRACKING_ID} = 8763</msg>
<arg>${TRACKING_ID}</arg>
<doc>Makes a variable available globally in all tests and suites.</doc>
<status status="PASS" start="2025-08-24T09:49:27.489506" elapsed="0.000868"/>
</kw>
<status status="PASS" start="2025-08-24T09:49:25.342660" elapsed="2.148064"/>
</kw>
<kw name="Get WebElements" owner="SeleniumLibrary">
<msg time="2025-08-24T09:49:27.539777" level="INFO">@{stages} = [ &lt;selenium.webdriver.remote.webelement.WebElement (session="908ec759807acc30cd1ea8d446c5a19e", element="f.F654FC01F5960D664972EE4973DABEC4.d.4BF77943F18EB9C6C697B99998F5E2F9.e.11")&gt; | &lt;selenium.webdr...</msg>
<var>@{stages}</var>
<arg>${STAGES}</arg>
<doc>Returns a list of WebElement objects matching the ``locator``.</doc>
<status status="PASS" start="2025-08-24T09:49:27.491827" elapsed="0.048108"/>
</kw>
<kw name="Set Variable" owner="BuiltIn">
<msg time="2025-08-24T09:49:27.541357" level="INFO">${i} = 0</msg>
<var>${i}</var>
<arg>0</arg>
<doc>Returns the given values which can then be assigned to a variables.</doc>
<status status="PASS" start="2025-08-24T09:49:27.540771" elapsed="0.000725"/>
</kw>
<for flavor="IN">
<iter>
<kw name="Get Text" owner="SeleniumLibrary">
<msg time="2025-08-24T09:49:27.572345" level="INFO">${text} = Stage 1: Order Received</msg>
<var>${text}</var>
<arg>${stage}</arg>
<doc>Returns the text value of the element identified by ``locator``.</doc>
<status status="PASS" start="2025-08-24T09:49:27.543511" elapsed="0.028984"/>
</kw>
<kw name="Get From List" owner="Collections">
<msg time="2025-08-24T09:49:27.573813" level="INFO">${expected} = Stage 1: Order Received</msg>
<var>${expected}</var>
<arg>${EXPECTED_STAGES}</arg>
<arg>${i}</arg>
<doc>Returns the value specified with an ``index`` from ``list``.</doc>
<status status="PASS" start="2025-08-24T09:49:27.573008" elapsed="0.000988"/>
</kw>
<kw name="Should Be Equal" owner="BuiltIn">
<arg>${text}</arg>
<arg>${expected}</arg>
<doc>Fails if the given objects are unequal.</doc>
<status status="PASS" start="2025-08-24T09:49:27.574545" elapsed="0.000861"/>
</kw>
<kw name="Evaluate" owner="BuiltIn">
<msg time="2025-08-24T09:49:27.576726" level="INFO">${i} = 1</msg>
<var>${i}</var>
<arg>${i}+1</arg>
<doc>Evaluates the given expression in Python and returns the result.</doc>
<status status="PASS" start="2025-08-24T09:49:27.576018" elapsed="0.000817"/>
</kw>
<var name="${stage}">&lt;selenium.webdriver.remote.webelement.WebElement (session="908ec759807acc30cd1ea8d446c5a19e", element="f.F654FC01F5960D664972EE4973DABEC4.d.4BF77943F18EB9C6C697B99998F5E2F9.e.11")&gt;</var>
<status status="PASS" start="2025-08-24T09:49:27.543028" elapsed="0.033988"/>
</iter>
<iter>
<kw name="Get Text" owner="SeleniumLibrary">
<msg time="2025-08-24T09:49:27.593610" level="INFO">${text} = Stage 2: Order Shipped</msg>
<var>${text}</var>
<arg>${stage}</arg>
<doc>Returns the text value of the element identified by ``locator``.</doc>
<status status="PASS" start="2025-08-24T09:49:27.577830" elapsed="0.015904"/>
</kw>
<kw name="Get From List" owner="Collections">
<msg time="2025-08-24T09:49:27.594752" level="INFO">${expected} = Stage 2: Order Shipped</msg>
<var>${expected}</var>
<arg>${EXPECTED_STAGES}</arg>
<arg>${i}</arg>
<doc>Returns the value specified with an ``index`` from ``list``.</doc>
<status status="PASS" start="2025-08-24T09:49:27.594130" elapsed="0.000689"/>
</kw>
<kw name="Should Be Equal" owner="BuiltIn">
<arg>${text}</arg>
<arg>${expected}</arg>
<doc>Fails if the given objects are unequal.</doc>
<status status="PASS" start="2025-08-24T09:49:27.595111" elapsed="0.000642"/>
</kw>
<kw name="Evaluate" owner="BuiltIn">
<msg time="2025-08-24T09:49:27.596871" level="INFO">${i} = 2</msg>
<var>${i}</var>
<arg>${i}+1</arg>
<doc>Evaluates the given expression in Python and returns the result.</doc>
<status status="PASS" start="2025-08-24T09:49:27.596190" elapsed="0.000778"/>
</kw>
<var name="${stage}">&lt;selenium.webdriver.remote.webelement.WebElement (session="908ec759807acc30cd1ea8d446c5a19e", element="f.F654FC01F5960D664972EE4973DABEC4.d.4BF77943F18EB9C6C697B99998F5E2F9.e.12")&gt;</var>
<status status="PASS" start="2025-08-24T09:49:27.577439" elapsed="0.019711"/>
</iter>
<iter>
<kw name="Get Text" owner="SeleniumLibrary">
<msg time="2025-08-24T09:49:27.611000" level="INFO">${text} = Stage 3: Order Received to Destination Country</msg>
<var>${text}</var>
<arg>${stage}</arg>
<doc>Returns the text value of the element identified by ``locator``.</doc>
<status status="PASS" start="2025-08-24T09:49:27.597745" elapsed="0.013356"/>
</kw>
<kw name="Get From List" owner="Collections">
<msg time="2025-08-24T09:49:27.612027" level="INFO">${expected} = Stage 3: Order Received to Destination Country</msg>
<var>${expected}</var>
<arg>${EXPECTED_STAGES}</arg>
<arg>${i}</arg>
<doc>Returns the value specified with an ``index`` from ``list``.</doc>
<status status="PASS" start="2025-08-24T09:49:27.611512" elapsed="0.000597"/>
</kw>
<kw name="Should Be Equal" owner="BuiltIn">
<arg>${text}</arg>
<arg>${expected}</arg>
<doc>Fails if the given objects are unequal.</doc>
<status status="PASS" start="2025-08-24T09:49:27.612497" elapsed="0.000459"/>
</kw>
<kw name="Evaluate" owner="BuiltIn">
<msg time="2025-08-24T09:49:27.613773" level="INFO">${i} = 3</msg>
<var>${i}</var>
<arg>${i}+1</arg>
<doc>Evaluates the given expression in Python and returns the result.</doc>
<status status="PASS" start="2025-08-24T09:49:27.613298" elapsed="0.000558"/>
</kw>
<var name="${stage}">&lt;selenium.webdriver.remote.webelement.WebElement (session="908ec759807acc30cd1ea8d446c5a19e", element="f.F654FC01F5960D664972EE4973DABEC4.d.4BF77943F18EB9C6C697B99998F5E2F9.e.13")&gt;</var>
<status status="PASS" start="2025-08-24T09:49:27.597515" elapsed="0.016512"/>
</iter>
<iter>
<kw name="Get Text" owner="SeleniumLibrary">
<msg time="2025-08-24T09:49:27.629824" level="INFO">${text} = Stage 4: Order Clearance Completed</msg>
<var>${text}</var>
<arg>${stage}</arg>
<doc>Returns the text value of the element identified by ``locator``.</doc>
<status status="PASS" start="2025-08-24T09:49:27.614660" elapsed="0.015290"/>
</kw>
<kw name="Get From List" owner="Collections">
<msg time="2025-08-24T09:49:27.631229" level="INFO">${expected} = Stage 4: Order Clearance Completed</msg>
<var>${expected}</var>
<arg>${EXPECTED_STAGES}</arg>
<arg>${i}</arg>
<doc>Returns the value specified with an ``index`` from ``list``.</doc>
<status status="PASS" start="2025-08-24T09:49:27.630465" elapsed="0.000866"/>
</kw>
<kw name="Should Be Equal" owner="BuiltIn">
<arg>${text}</arg>
<arg>${expected}</arg>
<doc>Fails if the given objects are unequal.</doc>
<status status="PASS" start="2025-08-24T09:49:27.631794" elapsed="0.000556"/>
</kw>
<kw name="Evaluate" owner="BuiltIn">
<msg time="2025-08-24T09:49:27.633563" level="INFO">${i} = 4</msg>
<var>${i}</var>
<arg>${i}+1</arg>
<doc>Evaluates the given expression in Python and returns the result.</doc>
<status status="PASS" start="2025-08-24T09:49:27.632817" elapsed="0.000910"/>
</kw>
<var name="${stage}">&lt;selenium.webdriver.remote.webelement.WebElement (session="908ec759807acc30cd1ea8d446c5a19e", element="f.F654FC01F5960D664972EE4973DABEC4.d.4BF77943F18EB9C6C697B99998F5E2F9.e.14")&gt;</var>
<status status="PASS" start="2025-08-24T09:49:27.614356" elapsed="0.019902"/>
</iter>
<iter>
<kw name="Get Text" owner="SeleniumLibrary">
<msg time="2025-08-24T09:49:27.649791" level="INFO">${text} = Stage 5: Order in Delivery Stage</msg>
<var>${text}</var>
<arg>${stage}</arg>
<doc>Returns the text value of the element identified by ``locator``.</doc>
<status status="PASS" start="2025-08-24T09:49:27.635238" elapsed="0.014680"/>
</kw>
<kw name="Get From List" owner="Collections">
<msg time="2025-08-24T09:49:27.651174" level="INFO">${expected} = Stage 5: Order in Delivery Stage</msg>
<var>${expected}</var>
<arg>${EXPECTED_STAGES}</arg>
<arg>${i}</arg>
<doc>Returns the value specified with an ``index`` from ``list``.</doc>
<status status="PASS" start="2025-08-24T09:49:27.650390" elapsed="0.000915"/>
</kw>
<kw name="Should Be Equal" owner="BuiltIn">
<arg>${text}</arg>
<arg>${expected}</arg>
<doc>Fails if the given objects are unequal.</doc>
<status status="PASS" start="2025-08-24T09:49:27.651854" elapsed="0.000717"/>
</kw>
<kw name="Evaluate" owner="BuiltIn">
<msg time="2025-08-24T09:49:27.653840" level="INFO">${i} = 5</msg>
<var>${i}</var>
<arg>${i}+1</arg>
<doc>Evaluates the given expression in Python and returns the result.</doc>
<status status="PASS" start="2025-08-24T09:49:27.653096" elapsed="0.000868"/>
</kw>
<var name="${stage}">&lt;selenium.webdriver.remote.webelement.WebElement (session="908ec759807acc30cd1ea8d446c5a19e", element="f.F654FC01F5960D664972EE4973DABEC4.d.4BF77943F18EB9C6C697B99998F5E2F9.e.15")&gt;</var>
<status status="PASS" start="2025-08-24T09:49:27.634804" elapsed="0.019381"/>
</iter>
<iter>
<kw name="Get Text" owner="SeleniumLibrary">
<msg time="2025-08-24T09:49:27.668930" level="INFO">${text} = Stage 6: Order Delivered</msg>
<var>${text}</var>
<arg>${stage}</arg>
<doc>Returns the text value of the element identified by ``locator``.</doc>
<status status="PASS" start="2025-08-24T09:49:27.655112" elapsed="0.013944"/>
</kw>
<kw name="Get From List" owner="Collections">
<msg time="2025-08-24T09:49:27.670356" level="INFO">${expected} = Stage 6: Order Delivered</msg>
<var>${expected}</var>
<arg>${EXPECTED_STAGES}</arg>
<arg>${i}</arg>
<doc>Returns the value specified with an ``index`` from ``list``.</doc>
<status status="PASS" start="2025-08-24T09:49:27.669588" elapsed="0.000908"/>
</kw>
<kw name="Should Be Equal" owner="BuiltIn">
<arg>${text}</arg>
<arg>${expected}</arg>
<doc>Fails if the given objects are unequal.</doc>
<status status="PASS" start="2025-08-24T09:49:27.671058" elapsed="0.000697"/>
</kw>
<kw name="Evaluate" owner="BuiltIn">
<msg time="2025-08-24T09:49:27.672822" level="INFO">${i} = 6</msg>
<var>${i}</var>
<arg>${i}+1</arg>
<doc>Evaluates the given expression in Python and returns the result.</doc>
<status status="PASS" start="2025-08-24T09:49:27.672174" elapsed="0.000753"/>
</kw>
<var name="${stage}">&lt;selenium.webdriver.remote.webelement.WebElement (session="908ec759807acc30cd1ea8d446c5a19e", element="f.F654FC01F5960D664972EE4973DABEC4.d.4BF77943F18EB9C6C697B99998F5E2F9.e.16")&gt;</var>
<status status="PASS" start="2025-08-24T09:49:27.654687" elapsed="0.018423"/>
</iter>
<var>${stage}</var>
<value>@{stages}</value>
<status status="PASS" start="2025-08-24T09:49:27.542026" elapsed="0.131272"/>
</for>
<kw name="Delete Order" owner="stage_keywords" type="TEARDOWN">
<kw name="Create Dictionary" owner="BuiltIn">
<msg time="2025-08-24T09:49:27.676172" level="INFO">${json} = {'trackingId': '8763', 'password': '8763'}</msg>
<var>${json}</var>
<arg>${KEY_TRACKING_ID}=${TRACKING_ID}</arg>
<arg>${KEY_PASSWORD}=${TRACKING_ID}</arg>
<doc>Creates and returns a dictionary based on the given ``items``.</doc>
<status status="PASS" start="2025-08-24T09:49:27.675356" elapsed="0.000900"/>
</kw>
<kw name="DELETE" owner="RequestsLibrary">
<msg time="2025-08-24T09:49:27.684684" level="INFO">DELETE Request : url=http://localhost:3000/deleteOrder 
 path_url=/deleteOrder 
 headers={'User-Agent': 'python-requests/2.32.4', 'Accept-Encoding': 'gzip, deflate', 'Accept': '*/*', 'Connection': 'keep-alive', 'Content-Length': '42', 'Content-Type': 'application/json'} 
 body=b'{"trackingId": "8763", "password": "8763"}' 
 </msg>
<msg time="2025-08-24T09:49:27.684887" level="INFO">DELETE Response : url=http://localhost:3000/deleteOrder 
 status=200, reason=OK 
 headers={'X-Powered-By': 'Express', 'Content-Type': 'application/json; charset=utf-8', 'Content-Length': '42', 'ETag': 'W/"2a-73HTL89b4tbDT7yR3vJfTGBT34w"', 'Date': 'Sun, 24 Aug 2025 06:49:27 GMT', 'Connection': 'keep-alive', 'Keep-Alive': 'timeout=5'} 
 body={"success":true,"message":"Order deleted"} 
 </msg>
<arg>${BASE_URL}${DELETE_ORDER}</arg>
<arg>json=${json}</arg>
<arg>expected_status=200</arg>
<doc>Sends a DELETE request.</doc>
<status status="PASS" start="2025-08-24T09:49:27.676554" elapsed="0.008503"/>
</kw>
<kw name="Close Browser" owner="SeleniumLibrary">
<doc>Closes the current browser.</doc>
<status status="PASS" start="2025-08-24T09:49:27.685442" elapsed="2.216364"/>
</kw>
<status status="PASS" start="2025-08-24T09:49:27.674719" elapsed="2.227726"/>
</kw>
<status status="PASS" start="2025-08-24T09:49:25.341761" elapsed="4.561807"/>
</test>
<test id="s1-s2-s1-t2" name="Text Field and Submit Button Are Invisible" line="23">
<kw name="Open Browser And Login" owner="setup_teardown_keywords" type="SETUP">
<kw name="Open Web Browser" owner="utils_keywords">
<kw name="Open Browser" owner="SeleniumLibrary">
<msg time="2025-08-24T09:49:29.915395" level="INFO">Opening browser 'chrome' to base url 'http://localhost:3000'.</msg>
<arg>${BASE_URL}</arg>
<arg>chrome</arg>
<arg>options=add_experimental_option("excludeSwitches", ["enable-automation","disable-popup-blocking"])</arg>
<doc>Opens a new browser instance to the optional ``url``.</doc>
<status status="PASS" start="2025-08-24T09:49:29.914150" elapsed="2.041539"/>
</kw>
<status status="PASS" start="2025-08-24T09:49:29.912707" elapsed="2.043180"/>
</kw>
<kw name="Add Order" owner="stage_keywords">
<kw name="Set Variable" owner="BuiltIn">
<msg time="2025-08-24T09:49:31.957426" level="INFO">${success} = False</msg>
<var>${success}</var>
<arg>${False}</arg>
<doc>Returns the given values which can then be assigned to a variables.</doc>
<status status="PASS" start="2025-08-24T09:49:31.956853" elapsed="0.000682"/>
</kw>
<for flavor="IN RANGE">
<iter>
<kw name="Random Integer" owner="utils_keywords">
<kw name="Evaluate" owner="BuiltIn">
<msg time="2025-08-24T09:49:31.961691" level="INFO">${num} = 8785</msg>
<var>${num}</var>
<arg>random.randint(1000,9999)</arg>
<arg>modules=random</arg>
<doc>Evaluates the given expression in Python and returns the result.</doc>
<status status="PASS" start="2025-08-24T09:49:31.959958" elapsed="0.002289"/>
</kw>
<return>
<value>${num}</value>
<status status="PASS" start="2025-08-24T09:49:31.962858" elapsed="0.000346"/>
</return>
<msg time="2025-08-24T09:49:31.964133" level="INFO">${trackingId} = 8785</msg>
<var>${trackingId}</var>
<status status="PASS" start="2025-08-24T09:49:31.958704" elapsed="0.005540"/>
</kw>
<kw name="Convert To String" owner="BuiltIn">
<msg time="2025-08-24T09:49:31.965899" level="INFO">${trackingId} = 8785</msg>
<var>${trackingId}</var>
<arg>${trackingId}</arg>
<doc>Converts the given item to a Unicode string.</doc>
<status status="PASS" start="2025-08-24T09:49:31.965143" elapsed="0.000883"/>
</kw>
<kw name="Create Dictionary" owner="BuiltIn">
<msg time="2025-08-24T09:49:31.967622" level="INFO">${json} = {'trackingId': '8785', 'password': '8785'}</msg>
<var>${json}</var>
<arg>${KEY_TRACKING_ID}=${trackingId}</arg>
<arg>${KEY_PASSWORD}=${trackingId}</arg>
<doc>Creates and returns a dictionary based on the given ``items``.</doc>
<status status="PASS" start="2025-08-24T09:49:31.966534" elapsed="0.001183"/>
</kw>
<kw name="POST" owner="RequestsLibrary">
<msg time="2025-08-24T09:49:31.977905" level="INFO">POST Request : url=http://localhost:3000/addOrder 
 path_url=/addOrder 
 headers={'User-Agent': 'python-requests/2.32.4', 'Accept-Encoding': 'gzip, deflate', 'Accept': '*/*', 'Connection': 'keep-alive', 'Content-Length': '42', 'Content-Type': 'application/json'} 
 body=b'{"trackingId": "8785", "password": "8785"}' 
 </msg>
<msg time="2025-08-24T09:49:31.978110" level="INFO">POST Response : url=http://localhost:3000/addOrder 
 status=201, reason=Created 
 headers={'X-Powered-By': 'Express', 'Content-Type': 'application/json; charset=utf-8', 'Content-Length': '406', 'ETag': 'W/"196-xtZOhOnEN8Q3rcKxZP1xUr6ooDo"', 'Date': 'Sun, 24 Aug 2025 06:49:31 GMT', 'Connection': 'keep-alive', 'Keep-Alive': 'timeout=5'} 
 body={"success":true,"stages":[{"name":"Order Received","status":"pending","cause":""},{"name":"Order Shipped","status":"pending","cause":""},{"name":"Order Received to Destination Country","status":"pending","cause":""},{"name":"Order Clearance Completed","status":"pending","cause":""},{"name":"Order in Delivery Stage","status":"pending","cause":""},{"name":"Order Delivered","status":"pending","cause":""}]} 
 </msg>
<msg time="2025-08-24T09:49:31.978711" level="INFO">${resp} = &lt;Response [201]&gt;</msg>
<var>${resp}</var>
<arg>${BASE_URL}${ADD_ORDER}</arg>
<arg>json=${json}</arg>
<doc>Sends a POST request.</doc>
<status status="PASS" start="2025-08-24T09:49:31.968389" elapsed="0.010433"/>
</kw>
<if>
<branch type="IF" condition="'${resp.status_code}' == '201'">
<kw name="Set Variable" owner="BuiltIn">
<msg time="2025-08-24T09:49:31.981652" level="INFO">${success} = True</msg>
<var>${success}</var>
<arg>${True}</arg>
<doc>Returns the given values which can then be assigned to a variables.</doc>
<status status="PASS" start="2025-08-24T09:49:31.981366" elapsed="0.000337"/>
</kw>
<kw name="Exit For Loop" owner="BuiltIn">
<msg time="2025-08-24T09:49:31.982066" level="INFO">Exiting for loop altogether.</msg>
<doc>Stops executing the enclosing FOR loop.</doc>
<status status="PASS" start="2025-08-24T09:49:31.981904" elapsed="0.000326"/>
</kw>
<status status="PASS" start="2025-08-24T09:49:31.979213" elapsed="0.003139"/>
</branch>
<status status="PASS" start="2025-08-24T09:49:31.979140" elapsed="0.003323"/>
</if>
<var name="${i}">0</var>
<status status="PASS" start="2025-08-24T09:49:31.958240" elapsed="0.024309"/>
</iter>
<var>${i}</var>
<value>1000</value>
<status status="PASS" start="2025-08-24T09:49:31.957745" elapsed="0.024967"/>
</for>
<if>
<branch type="IF" condition="'${success}'=='False'">
<kw name="Fail" owner="BuiltIn">
<arg>Could not add order after 1000 attempts</arg>
<doc>Fails the test with the given message and optionally alters its tags.</doc>
<status status="NOT RUN" start="2025-08-24T09:49:31.983421" elapsed="0.000060"/>
</kw>
<status status="NOT RUN" start="2025-08-24T09:49:31.982955" elapsed="0.000626"/>
</branch>
<status status="PASS" start="2025-08-24T09:49:31.982905" elapsed="0.000741"/>
</if>
<return>
<value>${trackingId}</value>
<status status="PASS" start="2025-08-24T09:49:31.983721" elapsed="0.000057"/>
</return>
<msg time="2025-08-24T09:49:31.984000" level="INFO">${TRACKING_ID} = 8785</msg>
<var>${TRACKING_ID}</var>
<status status="PASS" start="2025-08-24T09:49:31.956361" elapsed="0.027693"/>
</kw>
<kw name="Login With Credentials" owner="login_keywords">
<kw name="Input Text" owner="SeleniumLibrary">
<msg time="2025-08-24T09:49:31.985825" level="INFO">Typing text '8785' into text field 'id=trackingId'.</msg>
<arg>${LOGIN_ID_FIELD}</arg>
<arg>${id}</arg>
<doc>Types the given ``text`` into the text field identified by ``locator``.</doc>
<status status="PASS" start="2025-08-24T09:49:31.985300" elapsed="0.147807"/>
</kw>
<kw name="Input Text" owner="SeleniumLibrary">
<msg time="2025-08-24T09:49:32.134217" level="INFO">Typing text '8785' into text field 'id=password'.</msg>
<arg>${LOGIN_PASS_FIELD}</arg>
<arg>${password}</arg>
<doc>Types the given ``text`` into the text field identified by ``locator``.</doc>
<status status="PASS" start="2025-08-24T09:49:32.133714" elapsed="0.132446"/>
</kw>
<kw name="Click Button" owner="SeleniumLibrary">
<msg time="2025-08-24T09:49:32.267421" level="INFO">Clicking button 'xpath=//button[text()='Track']'.</msg>
<arg>${TRACK_BUTTON}</arg>
<doc>Clicks the button identified by ``locator``.</doc>
<status status="PASS" start="2025-08-24T09:49:32.266759" elapsed="0.149696"/>
</kw>
<arg>${TRACKING_ID}</arg>
<arg>${TRACKING_ID}</arg>
<status status="PASS" start="2025-08-24T09:49:31.984485" elapsed="0.432255"/>
</kw>
<kw name="Set Global Variable" owner="BuiltIn">
<msg time="2025-08-24T09:49:32.417743" level="INFO">${TRACKING_ID} = 8785</msg>
<arg>${TRACKING_ID}</arg>
<doc>Makes a variable available globally in all tests and suites.</doc>
<status status="PASS" start="2025-08-24T09:49:32.417088" elapsed="0.000780"/>
</kw>
<status status="PASS" start="2025-08-24T09:49:29.911168" elapsed="2.506899"/>
</kw>
<kw name="Element Should Not Be Visible" owner="SeleniumLibrary">
<msg time="2025-08-24T09:49:32.471336" level="INFO">Element 'xpath=//input[@placeholder='Reason for rejection']' exists but is not displayed.</msg>
<arg>${REJECTION_REASON}</arg>
<doc>Verifies that the element identified by ``locator`` is NOT visible.</doc>
<status status="PASS" start="2025-08-24T09:49:32.418879" elapsed="0.052613"/>
</kw>
<kw name="Element Should Not Be Visible" owner="SeleniumLibrary">
<msg time="2025-08-24T09:49:32.506079" level="INFO">Element 'xpath=//button[text()='Submit']' exists but is not displayed.</msg>
<arg>${SUBMIT_BUTTON}</arg>
<doc>Verifies that the element identified by ``locator`` is NOT visible.</doc>
<status status="PASS" start="2025-08-24T09:49:32.472104" elapsed="0.034159"/>
</kw>
<kw name="Click Button" owner="SeleniumLibrary">
<msg time="2025-08-24T09:49:32.507583" level="INFO">Clicking button 'xpath=//button[(text()='Rejected') and not(@disabled)]'.</msg>
<arg>${ENABLED_REJECT}</arg>
<doc>Clicks the button identified by ``locator``.</doc>
<status status="PASS" start="2025-08-24T09:49:32.506879" elapsed="0.132247"/>
</kw>
<kw name="Element Should Be Visible" owner="SeleniumLibrary">
<msg time="2025-08-24T09:49:32.668317" level="INFO">Element 'xpath=//input[@placeholder='Reason for rejection']' is displayed.</msg>
<arg>${REJECTION_REASON}</arg>
<doc>Verifies that the element identified by ``locator`` is visible.</doc>
<status status="PASS" start="2025-08-24T09:49:32.639949" elapsed="0.028562"/>
</kw>
<kw name="Element Should Be Visible" owner="SeleniumLibrary">
<msg time="2025-08-24T09:49:32.693973" level="INFO">Element 'xpath=//button[text()='Submit']' is displayed.</msg>
<arg>${SUBMIT_BUTTON}</arg>
<doc>Verifies that the element identified by ``locator`` is visible.</doc>
<status status="PASS" start="2025-08-24T09:49:32.669286" elapsed="0.024858"/>
</kw>
<kw name="Delete Order" owner="stage_keywords" type="TEARDOWN">
<kw name="Create Dictionary" owner="BuiltIn">
<msg time="2025-08-24T09:49:32.696194" level="INFO">${json} = {'trackingId': '8785', 'password': '8785'}</msg>
<var>${json}</var>
<arg>${KEY_TRACKING_ID}=${TRACKING_ID}</arg>
<arg>${KEY_PASSWORD}=${TRACKING_ID}</arg>
<doc>Creates and returns a dictionary based on the given ``items``.</doc>
<status status="PASS" start="2025-08-24T09:49:32.695492" elapsed="0.000793"/>
</kw>
<kw name="DELETE" owner="RequestsLibrary">
<msg time="2025-08-24T09:49:32.704678" level="INFO">DELETE Request : url=http://localhost:3000/deleteOrder 
 path_url=/deleteOrder 
 headers={'User-Agent': 'python-requests/2.32.4', 'Accept-Encoding': 'gzip, deflate', 'Accept': '*/*', 'Connection': 'keep-alive', 'Content-Length': '42', 'Content-Type': 'application/json'} 
 body=b'{"trackingId": "8785", "password": "8785"}' 
 </msg>
<msg time="2025-08-24T09:49:32.704853" level="INFO">DELETE Response : url=http://localhost:3000/deleteOrder 
 status=200, reason=OK 
 headers={'X-Powered-By': 'Express', 'Content-Type': 'application/json; charset=utf-8', 'Content-Length': '42', 'ETag': 'W/"2a-73HTL89b4tbDT7yR3vJfTGBT34w"', 'Date': 'Sun, 24 Aug 2025 06:49:32 GMT', 'Connection': 'keep-alive', 'Keep-Alive': 'timeout=5'} 
 body={"success":true,"message":"Order deleted"} 
 </msg>
<arg>${BASE_URL}${DELETE_ORDER}</arg>
<arg>json=${json}</arg>
<arg>expected_status=200</arg>
<doc>Sends a DELETE request.</doc>
<status status="PASS" start="2025-08-24T09:49:32.696523" elapsed="0.008868"/>
</kw>
<kw name="Close Browser" owner="SeleniumLibrary">
<doc>Closes the current browser.</doc>
<status status="PASS" start="2025-08-24T09:49:32.705820" elapsed="2.267496"/>
</kw>
<status status="PASS" start="2025-08-24T09:49:32.694918" elapsed="2.279006"/>
</kw>
<status status="PASS" start="2025-08-24T09:49:29.908346" elapsed="5.066937"/>
</test>
<test id="s1-s2-s1-t3" name="Reject Fail Without a Reason" line="30">
<kw name="Open Browser And Login" owner="setup_teardown_keywords" type="SETUP">
<kw name="Open Web Browser" owner="utils_keywords">
<kw name="Open Browser" owner="SeleniumLibrary">
<msg time="2025-08-24T09:49:34.990870" level="INFO">Opening browser 'chrome' to base url 'http://localhost:3000'.</msg>
<arg>${BASE_URL}</arg>
<arg>chrome</arg>
<arg>options=add_experimental_option("excludeSwitches", ["enable-automation","disable-popup-blocking"])</arg>
<doc>Opens a new browser instance to the optional ``url``.</doc>
<status status="PASS" start="2025-08-24T09:49:34.989658" elapsed="2.032063"/>
</kw>
<status status="PASS" start="2025-08-24T09:49:34.988038" elapsed="2.034302"/>
</kw>
<kw name="Add Order" owner="stage_keywords">
<kw name="Set Variable" owner="BuiltIn">
<msg time="2025-08-24T09:49:37.024589" level="INFO">${success} = False</msg>
<var>${success}</var>
<arg>${False}</arg>
<doc>Returns the given values which can then be assigned to a variables.</doc>
<status status="PASS" start="2025-08-24T09:49:37.024114" elapsed="0.000603"/>
</kw>
<for flavor="IN RANGE">
<iter>
<kw name="Random Integer" owner="utils_keywords">
<kw name="Evaluate" owner="BuiltIn">
<msg time="2025-08-24T09:49:37.031062" level="INFO">${num} = 4993</msg>
<var>${num}</var>
<arg>random.randint(1000,9999)</arg>
<arg>modules=random</arg>
<doc>Evaluates the given expression in Python and returns the result.</doc>
<status status="PASS" start="2025-08-24T09:49:37.029660" elapsed="0.001882"/>
</kw>
<return>
<value>${num}</value>
<status status="PASS" start="2025-08-24T09:49:37.031997" elapsed="0.000275"/>
</return>
<msg time="2025-08-24T09:49:37.032863" level="INFO">${trackingId} = 4993</msg>
<var>${trackingId}</var>
<status status="PASS" start="2025-08-24T09:49:37.026212" elapsed="0.006788"/>
</kw>
<kw name="Convert To String" owner="BuiltIn">
<msg time="2025-08-24T09:49:37.034116" level="INFO">${trackingId} = 4993</msg>
<var>${trackingId}</var>
<arg>${trackingId}</arg>
<doc>Converts the given item to a Unicode string.</doc>
<status status="PASS" start="2025-08-24T09:49:37.033475" elapsed="0.000750"/>
</kw>
<kw name="Create Dictionary" owner="BuiltIn">
<msg time="2025-08-24T09:49:37.036039" level="INFO">${json} = {'trackingId': '4993', 'password': '4993'}</msg>
<var>${json}</var>
<arg>${KEY_TRACKING_ID}=${trackingId}</arg>
<arg>${KEY_PASSWORD}=${trackingId}</arg>
<doc>Creates and returns a dictionary based on the given ``items``.</doc>
<status status="PASS" start="2025-08-24T09:49:37.034807" elapsed="0.001364"/>
</kw>
<kw name="POST" owner="RequestsLibrary">
<msg time="2025-08-24T09:49:37.050535" level="INFO">POST Request : url=http://localhost:3000/addOrder 
 path_url=/addOrder 
 headers={'User-Agent': 'python-requests/2.32.4', 'Accept-Encoding': 'gzip, deflate', 'Accept': '*/*', 'Connection': 'keep-alive', 'Content-Length': '42', 'Content-Type': 'application/json'} 
 body=b'{"trackingId": "4993", "password": "4993"}' 
 </msg>
<msg time="2025-08-24T09:49:37.050747" level="INFO">POST Response : url=http://localhost:3000/addOrder 
 status=201, reason=Created 
 headers={'X-Powered-By': 'Express', 'Content-Type': 'application/json; charset=utf-8', 'Content-Length': '406', 'ETag': 'W/"196-xtZOhOnEN8Q3rcKxZP1xUr6ooDo"', 'Date': 'Sun, 24 Aug 2025 06:49:37 GMT', 'Connection': 'keep-alive', 'Keep-Alive': 'timeout=5'} 
 body={"success":true,"stages":[{"name":"Order Received","status":"pending","cause":""},{"name":"Order Shipped","status":"pending","cause":""},{"name":"Order Received to Destination Country","status":"pending","cause":""},{"name":"Order Clearance Completed","status":"pending","cause":""},{"name":"Order in Delivery Stage","status":"pending","cause":""},{"name":"Order Delivered","status":"pending","cause":""}]} 
 </msg>
<msg time="2025-08-24T09:49:37.051308" level="INFO">${resp} = &lt;Response [201]&gt;</msg>
<var>${resp}</var>
<arg>${BASE_URL}${ADD_ORDER}</arg>
<arg>json=${json}</arg>
<doc>Sends a POST request.</doc>
<status status="PASS" start="2025-08-24T09:49:37.036939" elapsed="0.014505"/>
</kw>
<if>
<branch type="IF" condition="'${resp.status_code}' == '201'">
<kw name="Set Variable" owner="BuiltIn">
<msg time="2025-08-24T09:49:37.055148" level="INFO">${success} = True</msg>
<var>${success}</var>
<arg>${True}</arg>
<doc>Returns the given values which can then be assigned to a variables.</doc>
<status status="PASS" start="2025-08-24T09:49:37.054551" elapsed="0.000687"/>
</kw>
<kw name="Exit For Loop" owner="BuiltIn">
<msg time="2025-08-24T09:49:37.055896" level="INFO">Exiting for loop altogether.</msg>
<doc>Stops executing the enclosing FOR loop.</doc>
<status status="PASS" start="2025-08-24T09:49:37.055633" elapsed="0.000435"/>
</kw>
<status status="PASS" start="2025-08-24T09:49:37.051948" elapsed="0.004297"/>
</branch>
<status status="PASS" start="2025-08-24T09:49:37.051842" elapsed="0.004537"/>
</if>
<var name="${i}">0</var>
<status status="PASS" start="2025-08-24T09:49:37.025817" elapsed="0.030657"/>
</iter>
<var>${i}</var>
<value>1000</value>
<status status="PASS" start="2025-08-24T09:49:37.024902" elapsed="0.031765"/>
</for>
<if>
<branch type="IF" condition="'${success}'=='False'">
<kw name="Fail" owner="BuiltIn">
<arg>Could not add order after 1000 attempts</arg>
<doc>Fails the test with the given message and optionally alters its tags.</doc>
<status status="NOT RUN" start="2025-08-24T09:49:37.057729" elapsed="0.000100"/>
</kw>
<status status="NOT RUN" start="2025-08-24T09:49:37.056976" elapsed="0.000989"/>
</branch>
<status status="PASS" start="2025-08-24T09:49:37.056899" elapsed="0.001214"/>
</if>
<return>
<value>${trackingId}</value>
<status status="PASS" start="2025-08-24T09:49:37.058222" elapsed="0.000107"/>
</return>
<msg time="2025-08-24T09:49:37.059187" level="INFO">${TRACKING_ID} = 4993</msg>
<var>${TRACKING_ID}</var>
<status status="PASS" start="2025-08-24T09:49:37.023347" elapsed="0.035976"/>
</kw>
<kw name="Login With Credentials" owner="login_keywords">
<kw name="Input Text" owner="SeleniumLibrary">
<msg time="2025-08-24T09:49:37.062593" level="INFO">Typing text '4993' into text field 'id=trackingId'.</msg>
<arg>${LOGIN_ID_FIELD}</arg>
<arg>${id}</arg>
<doc>Types the given ``text`` into the text field identified by ``locator``.</doc>
[...]
<doc>Returns a list of WebElement objects matching the ``locator``.</doc>
<status status="PASS" start="2025-08-24T09:50:04.387899" elapsed="0.015834"/>
</kw>
<for flavor="IN">
<iter>
<kw name="Element Should Be Disabled" owner="SeleniumLibrary">
<arg>${btn}</arg>
<doc>Verifies that element identified by ``locator`` is disabled.</doc>
<status status="NOT RUN" start="2025-08-24T09:50:04.405285" elapsed="0.000207"/>
</kw>
<var name="${btn}"/>
<status status="NOT RUN" start="2025-08-24T09:50:04.404681" elapsed="0.001095"/>
</iter>
<var>${btn}</var>
<value>@{buttons}</value>
<status status="NOT RUN" start="2025-08-24T09:50:04.404066" elapsed="0.001962"/>
</for>
<var name="${i}">3</var>
<status status="PASS" start="2025-08-24T09:50:04.386815" elapsed="0.019535"/>
</iter>
<iter>
<kw name="Set Variable" owner="BuiltIn">
<msg time="2025-08-24T09:50:04.408757" level="INFO">${buttons_xpath} = //h3[contains(., 'Stage4')]//div[@class='buttons']</msg>
<var>${buttons_xpath}</var>
<arg>${STAGE_H3_PREFIX}${i}${STAGE_H3_SUFFIX}${STAGE_BUTTONS}</arg>
<doc>Returns the given values which can then be assigned to a variables.</doc>
<status status="PASS" start="2025-08-24T09:50:04.407534" elapsed="0.001429"/>
</kw>
<kw name="Get WebElements" owner="SeleniumLibrary">
<msg time="2025-08-24T09:50:04.428218" level="INFO">${buttons} = []</msg>
<var>${buttons}</var>
<arg>xpath=${buttons_xpath}</arg>
<doc>Returns a list of WebElement objects matching the ``locator``.</doc>
<status status="PASS" start="2025-08-24T09:50:04.409634" elapsed="0.018772"/>
</kw>
<for flavor="IN">
<iter>
<kw name="Element Should Be Disabled" owner="SeleniumLibrary">
<arg>${btn}</arg>
<doc>Verifies that element identified by ``locator`` is disabled.</doc>
<status status="NOT RUN" start="2025-08-24T09:50:04.430026" elapsed="0.000155"/>
</kw>
<var name="${btn}"/>
<status status="NOT RUN" start="2025-08-24T09:50:04.429484" elapsed="0.000995"/>
</iter>
<var>${btn}</var>
<value>@{buttons}</value>
<status status="NOT RUN" start="2025-08-24T09:50:04.428829" elapsed="0.001898"/>
</for>
<var name="${i}">4</var>
<status status="PASS" start="2025-08-24T09:50:04.407004" elapsed="0.024012"/>
</iter>
<var>${i}</var>
<value>1</value>
<value>${stage_number}</value>
<status status="PASS" start="2025-08-24T09:50:04.351864" elapsed="0.079448"/>
</for>
<arg>${i}</arg>
<status status="PASS" start="2025-08-24T09:50:04.351226" elapsed="0.080495"/>
</kw>
<kw name="Assert Next Stages are Disabled" owner="stage_keywords">
<kw name="Evaluate" owner="BuiltIn">
<msg time="2025-08-24T09:50:04.434938" level="INFO">${current} = 6</msg>
<var>${current}</var>
<arg>int(${stage_number}) + 1</arg>
<doc>Evaluates the given expression in Python and returns the result.</doc>
<status status="PASS" start="2025-08-24T09:50:04.434021" elapsed="0.001029"/>
</kw>
<kw name="Evaluate" owner="BuiltIn">
<msg time="2025-08-24T09:50:04.436335" level="INFO">${total} = 7</msg>
<var>${total}</var>
<arg>int(${STAGES_COUNT}) + 1</arg>
<doc>Evaluates the given expression in Python and returns the result.</doc>
<status status="PASS" start="2025-08-24T09:50:04.435571" elapsed="0.000903"/>
</kw>
<for flavor="IN RANGE">
<iter>
<kw name="Set Variable" owner="BuiltIn">
<msg time="2025-08-24T09:50:04.438896" level="INFO">${buttons_xpath} = //h3[contains(., 'Stage6')]//div[@class='buttons']</msg>
<var>${buttons_xpath}</var>
<arg>${STAGE_H3_PREFIX}${i}${STAGE_H3_SUFFIX}${STAGE_BUTTONS}</arg>
<doc>Returns the given values which can then be assigned to a variables.</doc>
<status status="PASS" start="2025-08-24T09:50:04.437692" elapsed="0.001331"/>
</kw>
<kw name="Get WebElements" owner="SeleniumLibrary">
<msg time="2025-08-24T09:50:04.453460" level="INFO">${buttons} = []</msg>
<var>${buttons}</var>
<arg>xpath=${buttons_xpath}</arg>
<doc>Returns a list of WebElement objects matching the ``locator``.</doc>
<status status="PASS" start="2025-08-24T09:50:04.439573" elapsed="0.013983"/>
</kw>
<for flavor="IN">
<iter>
<kw name="Element Should Be Disabled" owner="SeleniumLibrary">
<arg>${btn}</arg>
<doc>Verifies that element identified by ``locator`` is disabled.</doc>
<status status="NOT RUN" start="2025-08-24T09:50:04.454266" elapsed="0.000080"/>
</kw>
<var name="${btn}"/>
<status status="NOT RUN" start="2025-08-24T09:50:04.453999" elapsed="0.000458"/>
</iter>
<var>${btn}</var>
<value>@{buttons}</value>
<status status="NOT RUN" start="2025-08-24T09:50:04.453733" elapsed="0.000832"/>
</for>
<var name="${i}">6</var>
<status status="PASS" start="2025-08-24T09:50:04.437235" elapsed="0.017449"/>
</iter>
<var>${i}</var>
<value>${current}</value>
<value>${total}</value>
<status status="PASS" start="2025-08-24T09:50:04.436679" elapsed="0.018110"/>
</for>
<arg>${i}</arg>
<status status="PASS" start="2025-08-24T09:50:04.432729" elapsed="0.022238"/>
</kw>
<kw name="Evaluate" owner="BuiltIn">
<msg time="2025-08-24T09:50:04.455771" level="INFO">${i} = 6</msg>
<var>${i}</var>
<arg>${i}+1</arg>
<doc>Evaluates the given expression in Python and returns the result.</doc>
<status status="PASS" start="2025-08-24T09:50:04.455246" elapsed="0.000592"/>
</kw>
<var name="${stage}">&lt;selenium.webdriver.remote.webelement.WebElement (session="6a80d18ad71cf160a1ca43ecb49b56ea", element="f.6CD7CA1C939144C89A7F331C6237B16E.d.588F1C7F4CA845220D0A54BB1C6C0DED.e.15")&gt;</var>
<status status="PASS" start="2025-08-24T09:50:04.124416" elapsed="0.331522"/>
</iter>
<iter>
<kw name="Click Button" owner="SeleniumLibrary">
<msg time="2025-08-24T09:50:04.456743" level="INFO">Clicking button 'xpath=//button[(text()='Done') and not(@disabled)]'.</msg>
<arg>${ENABLED_DONE}</arg>
<doc>Clicks the button identified by ``locator``.</doc>
<status status="PASS" start="2025-08-24T09:50:04.456404" elapsed="0.165302"/>
</kw>
<kw name="Assert Stage Marked As Done" owner="stage_keywords">
<kw name="Catenate" owner="BuiltIn">
<msg time="2025-08-24T09:50:04.624690" level="INFO">${expected_message} = Stage 6 marked as done</msg>
<var>${expected_message}</var>
<arg>SEPARATOR=</arg>
<arg>${SUCCESS_PREFIX} ${stage_number} ${SUCCESS_SUFFIX}</arg>
<doc>Catenates the given items together and returns the resulted string.</doc>
<status status="PASS" start="2025-08-24T09:50:04.623661" elapsed="0.001172"/>
</kw>
<kw name="Wait Until Element Is Visible" owner="SeleniumLibrary">
<arg>${SUCCESS_MESSAGE}</arg>
<arg>10s</arg>
<doc>Waits until the element ``locator`` is visible.</doc>
<status status="PASS" start="2025-08-24T09:50:04.625456" elapsed="0.035036"/>
</kw>
<kw name="Element Should Contain" owner="SeleniumLibrary">
<msg time="2025-08-24T09:50:04.696486" level="INFO">Element 'xpath=//*[@class='message success']' contains text 'Stage 6 marked as done'.</msg>
<arg>${SUCCESS_MESSAGE}</arg>
<arg>${expected_message}</arg>
<doc>Verifies that element ``locator`` contains text ``expected``.</doc>
<status status="PASS" start="2025-08-24T09:50:04.661435" elapsed="0.035244"/>
</kw>
<arg>${i}</arg>
<status status="PASS" start="2025-08-24T09:50:04.622545" elapsed="0.074353"/>
</kw>
<kw name="Assert Previous Stages are Disabled" owner="stage_keywords">
<for flavor="IN RANGE">
<iter>
<kw name="Set Variable" owner="BuiltIn">
<msg time="2025-08-24T09:50:04.699187" level="INFO">${buttons_xpath} = //h3[contains(., 'Stage1')]//div[@class='buttons']</msg>
<var>${buttons_xpath}</var>
<arg>${STAGE_H3_PREFIX}${i}${STAGE_H3_SUFFIX}${STAGE_BUTTONS}</arg>
<doc>Returns the given values which can then be assigned to a variables.</doc>
<status status="PASS" start="2025-08-24T09:50:04.698660" elapsed="0.000608"/>
</kw>
<kw name="Get WebElements" owner="SeleniumLibrary">
<msg time="2025-08-24T09:50:04.714129" level="INFO">${buttons} = []</msg>
<var>${buttons}</var>
<arg>xpath=${buttons_xpath}</arg>
<doc>Returns a list of WebElement objects matching the ``locator``.</doc>
<status status="PASS" start="2025-08-24T09:50:04.699566" elapsed="0.014649"/>
</kw>
<for flavor="IN">
<iter>
<kw name="Element Should Be Disabled" owner="SeleniumLibrary">
<arg>${btn}</arg>
<doc>Verifies that element identified by ``locator`` is disabled.</doc>
<status status="NOT RUN" start="2025-08-24T09:50:04.714943" elapsed="0.000088"/>
</kw>
<var name="${btn}"/>
<status status="NOT RUN" start="2025-08-24T09:50:04.714645" elapsed="0.000506"/>
</iter>
<var>${btn}</var>
<value>@{buttons}</value>
<status status="NOT RUN" start="2025-08-24T09:50:04.714382" elapsed="0.000883"/>
</for>
<var name="${i}">1</var>
<status status="PASS" start="2025-08-24T09:50:04.698399" elapsed="0.016993"/>
</iter>
<iter>
<kw name="Set Variable" owner="BuiltIn">
<msg time="2025-08-24T09:50:04.716493" level="INFO">${buttons_xpath} = //h3[contains(., 'Stage2')]//div[@class='buttons']</msg>
<var>${buttons_xpath}</var>
<arg>${STAGE_H3_PREFIX}${i}${STAGE_H3_SUFFIX}${STAGE_BUTTONS}</arg>
<doc>Returns the given values which can then be assigned to a variables.</doc>
<status status="PASS" start="2025-08-24T09:50:04.715943" elapsed="0.000627"/>
</kw>
<kw name="Get WebElements" owner="SeleniumLibrary">
<msg time="2025-08-24T09:50:04.732621" level="INFO">${buttons} = []</msg>
<var>${buttons}</var>
<arg>xpath=${buttons_xpath}</arg>
<doc>Returns a list of WebElement objects matching the ``locator``.</doc>
<status status="PASS" start="2025-08-24T09:50:04.716876" elapsed="0.015895"/>
</kw>
<for flavor="IN">
<iter>
<kw name="Element Should Be Disabled" owner="SeleniumLibrary">
<arg>${btn}</arg>
<doc>Verifies that element identified by ``locator`` is disabled.</doc>
<status status="NOT RUN" start="2025-08-24T09:50:04.734050" elapsed="0.000113"/>
</kw>
<var name="${btn}"/>
<status status="NOT RUN" start="2025-08-24T09:50:04.733586" elapsed="0.000776"/>
</iter>
<var>${btn}</var>
<value>@{buttons}</value>
<status status="NOT RUN" start="2025-08-24T09:50:04.733087" elapsed="0.001442"/>
</for>
<var name="${i}">2</var>
<status status="PASS" start="2025-08-24T09:50:04.715699" elapsed="0.019030"/>
</iter>
<iter>
<kw name="Set Variable" owner="BuiltIn">
<msg time="2025-08-24T09:50:04.736635" level="INFO">${buttons_xpath} = //h3[contains(., 'Stage3')]//div[@class='buttons']</msg>
<var>${buttons_xpath}</var>
<arg>${STAGE_H3_PREFIX}${i}${STAGE_H3_SUFFIX}${STAGE_BUTTONS}</arg>
<doc>Returns the given values which can then be assigned to a variables.</doc>
<status status="PASS" start="2025-08-24T09:50:04.735697" elapsed="0.001049"/>
</kw>
<kw name="Get WebElements" owner="SeleniumLibrary">
<msg time="2025-08-24T09:50:04.752892" level="INFO">${buttons} = []</msg>
<var>${buttons}</var>
<arg>xpath=${buttons_xpath}</arg>
<doc>Returns a list of WebElement objects matching the ``locator``.</doc>
<status status="PASS" start="2025-08-24T09:50:04.737242" elapsed="0.015742"/>
</kw>
<for flavor="IN">
<iter>
<kw name="Element Should Be Disabled" owner="SeleniumLibrary">
<arg>${btn}</arg>
<doc>Verifies that element identified by ``locator`` is disabled.</doc>
<status status="NOT RUN" start="2025-08-24T09:50:04.754226" elapsed="0.000170"/>
</kw>
<var name="${btn}"/>
<status status="NOT RUN" start="2025-08-24T09:50:04.753678" elapsed="0.000981"/>
</iter>
<var>${btn}</var>
<value>@{buttons}</value>
<status status="NOT RUN" start="2025-08-24T09:50:04.753181" elapsed="0.001718"/>
</for>
<var name="${i}">3</var>
<status status="PASS" start="2025-08-24T09:50:04.735265" elapsed="0.019979"/>
</iter>
<iter>
<kw name="Set Variable" owner="BuiltIn">
<msg time="2025-08-24T09:50:04.757058" level="INFO">${buttons_xpath} = //h3[contains(., 'Stage4')]//div[@class='buttons']</msg>
<var>${buttons_xpath}</var>
<arg>${STAGE_H3_PREFIX}${i}${STAGE_H3_SUFFIX}${STAGE_BUTTONS}</arg>
<doc>Returns the given values which can then be assigned to a variables.</doc>
<status status="PASS" start="2025-08-24T09:50:04.756097" elapsed="0.001117"/>
</kw>
<kw name="Get WebElements" owner="SeleniumLibrary">
<msg time="2025-08-24T09:50:04.774735" level="INFO">${buttons} = []</msg>
<var>${buttons}</var>
<arg>xpath=${buttons_xpath}</arg>
<doc>Returns a list of WebElement objects matching the ``locator``.</doc>
<status status="PASS" start="2025-08-24T09:50:04.757895" elapsed="0.016974"/>
</kw>
<for flavor="IN">
<iter>
<kw name="Element Should Be Disabled" owner="SeleniumLibrary">
<arg>${btn}</arg>
<doc>Verifies that element identified by ``locator`` is disabled.</doc>
<status status="NOT RUN" start="2025-08-24T09:50:04.776158" elapsed="0.000138"/>
</kw>
<var name="${btn}"/>
<status status="NOT RUN" start="2025-08-24T09:50:04.775640" elapsed="0.000892"/>
</iter>
<var>${btn}</var>
<value>@{buttons}</value>
<status status="NOT RUN" start="2025-08-24T09:50:04.775162" elapsed="0.001580"/>
</for>
<var name="${i}">4</var>
<status status="PASS" start="2025-08-24T09:50:04.755742" elapsed="0.021238"/>
</iter>
<iter>
<kw name="Set Variable" owner="BuiltIn">
<msg time="2025-08-24T09:50:04.779143" level="INFO">${buttons_xpath} = //h3[contains(., 'Stage5')]//div[@class='buttons']</msg>
<var>${buttons_xpath}</var>
<arg>${STAGE_H3_PREFIX}${i}${STAGE_H3_SUFFIX}${STAGE_BUTTONS}</arg>
<doc>Returns the given values which can then be assigned to a variables.</doc>
<status status="PASS" start="2025-08-24T09:50:04.778073" elapsed="0.001188"/>
</kw>
<kw name="Get WebElements" owner="SeleniumLibrary">
<msg time="2025-08-24T09:50:04.795088" level="INFO">${buttons} = []</msg>
<var>${buttons}</var>
<arg>xpath=${buttons_xpath}</arg>
<doc>Returns a list of WebElement objects matching the ``locator``.</doc>
<status status="PASS" start="2025-08-24T09:50:04.779721" elapsed="0.015530"/>
</kw>
<for flavor="IN">
<iter>
<kw name="Element Should Be Disabled" owner="SeleniumLibrary">
<arg>${btn}</arg>
<doc>Verifies that element identified by ``locator`` is disabled.</doc>
<status status="NOT RUN" start="2025-08-24T09:50:04.796531" elapsed="0.000155"/>
</kw>
<var name="${btn}"/>
<status status="NOT RUN" start="2025-08-24T09:50:04.796103" elapsed="0.000822"/>
</iter>
<var>${btn}</var>
<value>@{buttons}</value>
<status status="NOT RUN" start="2025-08-24T09:50:04.795644" elapsed="0.001505"/>
</for>
<var name="${i}">5</var>
<status status="PASS" start="2025-08-24T09:50:04.777578" elapsed="0.019825"/>
</iter>
<var>${i}</var>
<value>1</value>
<value>${stage_number}</value>
<status status="PASS" start="2025-08-24T09:50:04.697926" elapsed="0.099645"/>
</for>
<arg>${i}</arg>
<status status="PASS" start="2025-08-24T09:50:04.697391" elapsed="0.100571"/>
</kw>
<kw name="Assert Next Stages are Disabled" owner="stage_keywords">
<kw name="Evaluate" owner="BuiltIn">
<msg time="2025-08-24T09:50:04.801061" level="INFO">${current} = 7</msg>
<var>${current}</var>
<arg>int(${stage_number}) + 1</arg>
<doc>Evaluates the given expression in Python and returns the result.</doc>
<status status="PASS" start="2025-08-24T09:50:04.800157" elapsed="0.001163"/>
</kw>
<kw name="Evaluate" owner="BuiltIn">
<msg time="2025-08-24T09:50:04.802839" level="INFO">${total} = 7</msg>
<var>${total}</var>
<arg>int(${STAGES_COUNT}) + 1</arg>
<doc>Evaluates the given expression in Python and returns the result.</doc>
<status status="PASS" start="2025-08-24T09:50:04.801920" elapsed="0.001044"/>
</kw>
<for flavor="IN RANGE">
<iter>
<kw name="Set Variable" owner="BuiltIn">
<var>${buttons_xpath}</var>
<arg>${STAGE_H3_PREFIX}${i}${STAGE_H3_SUFFIX}${STAGE_BUTTONS}</arg>
<doc>Returns the given values which can then be assigned to a variables.</doc>
<status status="NOT RUN" start="2025-08-24T09:50:04.804394" elapsed="0.000120"/>
</kw>
<kw name="Get WebElements" owner="SeleniumLibrary">
<var>${buttons}</var>
<arg>xpath=${buttons_xpath}</arg>
<doc>Returns a list of WebElement objects matching the ``locator``.</doc>
<status status="NOT RUN" start="2025-08-24T09:50:04.804912" elapsed="0.000080"/>
</kw>
<for flavor="IN">
<iter>
<kw name="Element Should Be Disabled" owner="SeleniumLibrary">
<arg>${btn}</arg>
<doc>Verifies that element identified by ``locator`` is disabled.</doc>
<status status="NOT RUN" start="2025-08-24T09:50:04.805674" elapsed="0.000138"/>
</kw>
<var name="${btn}"/>
<status status="NOT RUN" start="2025-08-24T09:50:04.805349" elapsed="0.000651"/>
</iter>
<var>${btn}</var>
<value>@{buttons}</value>
<status status="NOT RUN" start="2025-08-24T09:50:04.805177" elapsed="0.000996"/>
</for>
<var name="${i}"/>
<status status="NOT RUN" start="2025-08-24T09:50:04.803954" elapsed="0.002469"/>
</iter>
<var>${i}</var>
<value>${current}</value>
<value>${total}</value>
<status status="NOT RUN" start="2025-08-24T09:50:04.803284" elapsed="0.003307"/>
</for>
<arg>${i}</arg>
<status status="PASS" start="2025-08-24T09:50:04.798856" elapsed="0.008058"/>
</kw>
<kw name="Evaluate" owner="BuiltIn">
<msg time="2025-08-24T09:50:04.808753" level="INFO">${i} = 7</msg>
<var>${i}</var>
<arg>${i}+1</arg>
<doc>Evaluates the given expression in Python and returns the result.</doc>
<status status="PASS" start="2025-08-24T09:50:04.807580" elapsed="0.001356"/>
</kw>
<var name="${stage}">&lt;selenium.webdriver.remote.webelement.WebElement (session="6a80d18ad71cf160a1ca43ecb49b56ea", element="f.6CD7CA1C939144C89A7F331C6237B16E.d.588F1C7F4CA845220D0A54BB1C6C0DED.e.16")&gt;</var>
<status status="PASS" start="2025-08-24T09:50:04.456178" elapsed="0.353061"/>
</iter>
<var>${stage}</var>
<value>@{stages}</value>
<status status="PASS" start="2025-08-24T09:50:02.989497" elapsed="1.819936"/>
</for>
<kw name="Delete Order" owner="stage_keywords" type="TEARDOWN">
<kw name="Create Dictionary" owner="BuiltIn">
<msg time="2025-08-24T09:50:04.812326" level="INFO">${json} = {'trackingId': '6582', 'password': '6582'}</msg>
<var>${json}</var>
<arg>${KEY_TRACKING_ID}=${TRACKING_ID}</arg>
<arg>${KEY_PASSWORD}=${TRACKING_ID}</arg>
<doc>Creates and returns a dictionary based on the given ``items``.</doc>
<status status="PASS" start="2025-08-24T09:50:04.811538" elapsed="0.000877"/>
</kw>
<kw name="DELETE" owner="RequestsLibrary">
<msg time="2025-08-24T09:50:04.821828" level="INFO">DELETE Request : url=http://localhost:3000/deleteOrder 
 path_url=/deleteOrder 
 headers={'User-Agent': 'python-requests/2.32.4', 'Accept-Encoding': 'gzip, deflate', 'Accept': '*/*', 'Connection': 'keep-alive', 'Content-Length': '42', 'Content-Type': 'application/json'} 
 body=b'{"trackingId": "6582", "password": "6582"}' 
 </msg>
<msg time="2025-08-24T09:50:04.821972" level="INFO">DELETE Response : url=http://localhost:3000/deleteOrder 
 status=200, reason=OK 
 headers={'X-Powered-By': 'Express', 'Content-Type': 'application/json; charset=utf-8', 'Content-Length': '42', 'ETag': 'W/"2a-73HTL89b4tbDT7yR3vJfTGBT34w"', 'Date': 'Sun, 24 Aug 2025 06:50:04 GMT', 'Connection': 'keep-alive', 'Keep-Alive': 'timeout=5'} 
 body={"success":true,"message":"Order deleted"} 
 </msg>
<arg>${BASE_URL}${DELETE_ORDER}</arg>
<arg>json=${json}</arg>
<arg>expected_status=200</arg>
<doc>Sends a DELETE request.</doc>
<status status="PASS" start="2025-08-24T09:50:04.812752" elapsed="0.009655"/>
</kw>
<kw name="Close Browser" owner="SeleniumLibrary">
<doc>Closes the current browser.</doc>
<status status="PASS" start="2025-08-24T09:50:04.823067" elapsed="2.245259"/>
</kw>
<status status="PASS" start="2025-08-24T09:50:04.810593" elapsed="2.258011"/>
</kw>
<status status="PASS" start="2025-08-24T09:50:00.656636" elapsed="6.412525"/>
</test>
<status status="PASS" start="2025-08-24T09:49:25.297770" elapsed="41.773189"/>
</suite>
<status status="PASS" start="2025-08-24T09:49:25.292807" elapsed="41.780688"/>
</suite>
<status status="PASS" start="2025-08-24T09:49:03.434407" elapsed="63.641187"/>
</suite>
<statistics>
<total>
<stat pass="12" fail="0" skip="0">All Tests</stat>
</total>
<tag>
</tag>
<suite>
<stat name="Tests" id="s1" pass="12" fail="0" skip="0">Tests</stat>
<stat name="Login" id="s1-s1" pass="4" fail="0" skip="0">Tests.Login</stat>
<stat name="Login Test" id="s1-s1-s1" pass="4" fail="0" skip="0">Tests.Login.Login Test</stat>
<stat name="Stages" id="s1-s2" pass="8" fail="0" skip="0">Tests.Stages</stat>
<stat name="Stages Test" id="s1-s2-s1" pass="8" fail="0" skip="0">Tests.Stages.Stages Test</stat>
</suite>
</statistics>
<errors>
</errors>
</robot>
